[2019-02-15 05:10:06] local.ERROR: Class 'Model' not found {"exception":"[object] (Symfony\\Component\\Debug\\Exception\\FatalThrowableError(code: 0): Class 'Model' not found at E:\\wamp64\\www\\laravel\\test\\database\\seeds\\DatabaseSeeder.php:14)
[stacktrace]
#0 [internal function]: DatabaseSeeder->run()
#1 E:\\wamp64\\www\\laravel\\test\\vendor\\laravel\\framework\\src\\Illuminate\\Container\\BoundMethod.php(29): call_user_func_array(Array, Array)
#2 E:\\wamp64\\www\\laravel\\test\\vendor\\laravel\\framework\\src\\Illuminate\\Container\\BoundMethod.php(87): Illuminate\\Container\\BoundMethod::Illuminate\\Container\\{closure}()
#3 E:\\wamp64\\www\\laravel\\test\\vendor\\laravel\\framework\\src\\Illuminate\\Container\\BoundMethod.php(31): Illuminate\\Container\\BoundMethod::callBoundMethod(Object(Illuminate\\Foundation\\Application), Array, Object(Closure))
#4 E:\\wamp64\\www\\laravel\\test\\vendor\\laravel\\framework\\src\\Illuminate\\Container\\Container.php(572): Illuminate\\Container\\BoundMethod::call(Object(Illuminate\\Foundation\\Application), Array, Array, NULL)
#5 E:\\wamp64\\www\\laravel\\test\\vendor\\laravel\\framework\\src\\Illuminate\\Database\\Seeder.php(122): Illuminate\\Container\\Container->call(Array)
#6 E:\\wamp64\\www\\laravel\\test\\vendor\\laravel\\framework\\src\\Illuminate\\Database\\Console\\Seeds\\SeedCommand.php(63): Illuminate\\Database\\Seeder->__invoke()
#7 E:\\wamp64\\www\\laravel\\test\\vendor\\laravel\\framework\\src\\Illuminate\\Database\\Eloquent\\Concerns\\GuardsAttributes.php(122): Illuminate\\Database\\Console\\Seeds\\SeedCommand->Illuminate\\Database\\Console\\Seeds\\{closure}()
#8 E:\\wamp64\\www\\laravel\\test\\vendor\\laravel\\framework\\src\\Illuminate\\Database\\Console\\Seeds\\SeedCommand.php(64): Illuminate\\Database\\Eloquent\\Model::unguarded(Object(Closure))
#9 [internal function]: Illuminate\\Database\\Console\\Seeds\\SeedCommand->handle()
#10 E:\\wamp64\\www\\laravel\\test\\vendor\\laravel\\framework\\src\\Illuminate\\Container\\BoundMethod.php(29): call_user_func_array(Array, Array)
#11 E:\\wamp64\\www\\laravel\\test\\vendor\\laravel\\framework\\src\\Illuminate\\Container\\BoundMethod.php(87): Illuminate\\Container\\BoundMethod::Illuminate\\Container\\{closure}()
#12 E:\\wamp64\\www\\laravel\\test\\vendor\\laravel\\framework\\src\\Illuminate\\Container\\BoundMethod.php(31): Illuminate\\Container\\BoundMethod::callBoundMethod(Object(Illuminate\\Foundation\\Application), Array, Object(Closure))
#13 E:\\wamp64\\www\\laravel\\test\\vendor\\laravel\\framework\\src\\Illuminate\\Container\\Container.php(572): Illuminate\\Container\\BoundMethod::call(Object(Illuminate\\Foundation\\Application), Array, Array, NULL)
#14 E:\\wamp64\\www\\laravel\\test\\vendor\\laravel\\framework\\src\\Illuminate\\Console\\Command.php(183): Illuminate\\Container\\Container->call(Array)
#15 E:\\wamp64\\www\\laravel\\test\\vendor\\symfony\\console\\Command\\Command.php(255): Illuminate\\Console\\Command->execute(Object(Symfony\\Component\\Console\\Input\\ArgvInput), Object(Illuminate\\Console\\OutputStyle))
#16 E:\\wamp64\\www\\laravel\\test\\vendor\\laravel\\framework\\src\\Illuminate\\Console\\Command.php(170): Symfony\\Component\\Console\\Command\\Command->run(Object(Symfony\\Component\\Console\\Input\\ArgvInput), Object(Illuminate\\Console\\OutputStyle))
#17 E:\\wamp64\\www\\laravel\\test\\vendor\\symfony\\console\\Application.php(886): Illuminate\\Console\\Command->run(Object(Symfony\\Component\\Console\\Input\\ArgvInput), Object(Symfony\\Component\\Console\\Output\\ConsoleOutput))
#18 E:\\wamp64\\www\\laravel\\test\\vendor\\symfony\\console\\Application.php(262): Symfony\\Component\\Console\\Application->doRunCommand(Object(Illuminate\\Database\\Console\\Seeds\\SeedCommand), Object(Symfony\\Component\\Console\\Input\\ArgvInput), Object(Symfony\\Component\\Console\\Output\\ConsoleOutput))
#19 E:\\wamp64\\www\\laravel\\test\\vendor\\symfony\\console\\Application.php(145): Symfony\\Component\\Console\\Application->doRun(Object(Symfony\\Component\\Console\\Input\\ArgvInput), Object(Symfony\\Component\\Console\\Output\\ConsoleOutput))
#20 E:\\wamp64\\www\\laravel\\test\\vendor\\laravel\\framework\\src\\Illuminate\\Console\\Application.php(89): Symfony\\Component\\Console\\Application->run(Object(Symfony\\Component\\Console\\Input\\ArgvInput), Object(Symfony\\Component\\Console\\Output\\ConsoleOutput))
#21 E:\\wamp64\\www\\laravel\\test\\vendor\\laravel\\framework\\src\\Illuminate\\Foundation\\Console\\Kernel.php(122): Illuminate\\Console\\Application->run(Object(Symfony\\Component\\Console\\Input\\ArgvInput), Object(Symfony\\Component\\Console\\Output\\ConsoleOutput))
#22 E:\\wamp64\\www\\laravel\\test\\artisan(37): Illuminate\\Foundation\\Console\\Kernel->handle(Object(Symfony\\Component\\Console\\Input\\ArgvInput), Object(Symfony\\Component\\Console\\Output\\ConsoleOutput))
#23 {main}
"} 
[2019-02-15 05:12:45] local.ERROR: Class 'Model' not found {"exception":"[object] (Symfony\\Component\\Debug\\Exception\\FatalThrowableError(code: 0): Class 'Model' not found at E:\\wamp64\\www\\laravel\\test\\database\\seeds\\DatabaseSeeder.php:14)
[stacktrace]
#0 [internal function]: DatabaseSeeder->run()
#1 E:\\wamp64\\www\\laravel\\test\\vendor\\laravel\\framework\\src\\Illuminate\\Container\\BoundMethod.php(29): call_user_func_array(Array, Array)
#2 E:\\wamp64\\www\\laravel\\test\\vendor\\laravel\\framework\\src\\Illuminate\\Container\\BoundMethod.php(87): Illuminate\\Container\\BoundMethod::Illuminate\\Container\\{closure}()
#3 E:\\wamp64\\www\\laravel\\test\\vendor\\laravel\\framework\\src\\Illuminate\\Container\\BoundMethod.php(31): Illuminate\\Container\\BoundMethod::callBoundMethod(Object(Illuminate\\Foundation\\Application), Array, Object(Closure))
#4 E:\\wamp64\\www\\laravel\\test\\vendor\\laravel\\framework\\src\\Illuminate\\Container\\Container.php(572): Illuminate\\Container\\BoundMethod::call(Object(Illuminate\\Foundation\\Application), Array, Array, NULL)
#5 E:\\wamp64\\www\\laravel\\test\\vendor\\laravel\\framework\\src\\Illuminate\\Database\\Seeder.php(122): Illuminate\\Container\\Container->call(Array)
#6 E:\\wamp64\\www\\laravel\\test\\vendor\\laravel\\framework\\src\\Illuminate\\Database\\Console\\Seeds\\SeedCommand.php(63): Illuminate\\Database\\Seeder->__invoke()
#7 E:\\wamp64\\www\\laravel\\test\\vendor\\laravel\\framework\\src\\Illuminate\\Database\\Eloquent\\Concerns\\GuardsAttributes.php(122): Illuminate\\Database\\Console\\Seeds\\SeedCommand->Illuminate\\Database\\Console\\Seeds\\{closure}()
#8 E:\\wamp64\\www\\laravel\\test\\vendor\\laravel\\framework\\src\\Illuminate\\Database\\Console\\Seeds\\SeedCommand.php(64): Illuminate\\Database\\Eloquent\\Model::unguarded(Object(Closure))
#9 [internal function]: Illuminate\\Database\\Console\\Seeds\\SeedCommand->handle()
#10 E:\\wamp64\\www\\laravel\\test\\vendor\\laravel\\framework\\src\\Illuminate\\Container\\BoundMethod.php(29): call_user_func_array(Array, Array)
#11 E:\\wamp64\\www\\laravel\\test\\vendor\\laravel\\framework\\src\\Illuminate\\Container\\BoundMethod.php(87): Illuminate\\Container\\BoundMethod::Illuminate\\Container\\{closure}()
#12 E:\\wamp64\\www\\laravel\\test\\vendor\\laravel\\framework\\src\\Illuminate\\Container\\BoundMethod.php(31): Illuminate\\Container\\BoundMethod::callBoundMethod(Object(Illuminate\\Foundation\\Application), Array, Object(Closure))
#13 E:\\wamp64\\www\\laravel\\test\\vendor\\laravel\\framework\\src\\Illuminate\\Container\\Container.php(572): Illuminate\\Container\\BoundMethod::call(Object(Illuminate\\Foundation\\Application), Array, Array, NULL)
#14 E:\\wamp64\\www\\laravel\\test\\vendor\\laravel\\framework\\src\\Illuminate\\Console\\Command.php(183): Illuminate\\Container\\Container->call(Array)
#15 E:\\wamp64\\www\\laravel\\test\\vendor\\symfony\\console\\Command\\Command.php(255): Illuminate\\Console\\Command->execute(Object(Symfony\\Component\\Console\\Input\\ArgvInput), Object(Illuminate\\Console\\OutputStyle))
#16 E:\\wamp64\\www\\laravel\\test\\vendor\\laravel\\framework\\src\\Illuminate\\Console\\Command.php(170): Symfony\\Component\\Console\\Command\\Command->run(Object(Symfony\\Component\\Console\\Input\\ArgvInput), Object(Illuminate\\Console\\OutputStyle))
#17 E:\\wamp64\\www\\laravel\\test\\vendor\\symfony\\console\\Application.php(886): Illuminate\\Console\\Command->run(Object(Symfony\\Component\\Console\\Input\\ArgvInput), Object(Symfony\\Component\\Console\\Output\\ConsoleOutput))
#18 E:\\wamp64\\www\\laravel\\test\\vendor\\symfony\\console\\Application.php(262): Symfony\\Component\\Console\\Application->doRunCommand(Object(Illuminate\\Database\\Console\\Seeds\\SeedCommand), Object(Symfony\\Component\\Console\\Input\\ArgvInput), Object(Symfony\\Component\\Console\\Output\\ConsoleOutput))
#19 E:\\wamp64\\www\\laravel\\test\\vendor\\symfony\\console\\Application.php(145): Symfony\\Component\\Console\\Application->doRun(Object(Symfony\\Component\\Console\\Input\\ArgvInput), Object(Symfony\\Component\\Console\\Output\\ConsoleOutput))
#20 E:\\wamp64\\www\\laravel\\test\\vendor\\laravel\\framework\\src\\Illuminate\\Console\\Application.php(89): Symfony\\Component\\Console\\Application->run(Object(Symfony\\Component\\Console\\Input\\ArgvInput), Object(Symfony\\Component\\Console\\Output\\ConsoleOutput))
#21 E:\\wamp64\\www\\laravel\\test\\vendor\\laravel\\framework\\src\\Illuminate\\Foundation\\Console\\Kernel.php(122): Illuminate\\Console\\Application->run(Object(Symfony\\Component\\Console\\Input\\ArgvInput), Object(Symfony\\Component\\Console\\Output\\ConsoleOutput))
#22 E:\\wamp64\\www\\laravel\\test\\artisan(37): Illuminate\\Foundation\\Console\\Kernel->handle(Object(Symfony\\Component\\Console\\Input\\ArgvInput), Object(Symfony\\Component\\Console\\Output\\ConsoleOutput))
#23 {main}
"} 
[2019-02-15 05:17:51] local.ERROR: Class 'User' not found {"exception":"[object] (Symfony\\Component\\Debug\\Exception\\FatalThrowableError(code: 0): Class 'User' not found at E:\\wamp64\\www\\laravel\\test\\database\\seeds\\DatabaseSeeder.php:14)
[stacktrace]
#0 [internal function]: DatabaseSeeder->run()
#1 E:\\wamp64\\www\\laravel\\test\\vendor\\laravel\\framework\\src\\Illuminate\\Container\\BoundMethod.php(29): call_user_func_array(Array, Array)
#2 E:\\wamp64\\www\\laravel\\test\\vendor\\laravel\\framework\\src\\Illuminate\\Container\\BoundMethod.php(87): Illuminate\\Container\\BoundMethod::Illuminate\\Container\\{closure}()
#3 E:\\wamp64\\www\\laravel\\test\\vendor\\laravel\\framework\\src\\Illuminate\\Container\\BoundMethod.php(31): Illuminate\\Container\\BoundMethod::callBoundMethod(Object(Illuminate\\Foundation\\Application), Array, Object(Closure))
#4 E:\\wamp64\\www\\laravel\\test\\vendor\\laravel\\framework\\src\\Illuminate\\Container\\Container.php(572): Illuminate\\Container\\BoundMethod::call(Object(Illuminate\\Foundation\\Application), Array, Array, NULL)
#5 E:\\wamp64\\www\\laravel\\test\\vendor\\laravel\\framework\\src\\Illuminate\\Database\\Seeder.php(122): Illuminate\\Container\\Container->call(Array)
#6 E:\\wamp64\\www\\laravel\\test\\vendor\\laravel\\framework\\src\\Illuminate\\Database\\Console\\Seeds\\SeedCommand.php(63): Illuminate\\Database\\Seeder->__invoke()
#7 E:\\wamp64\\www\\laravel\\test\\vendor\\laravel\\framework\\src\\Illuminate\\Database\\Eloquent\\Concerns\\GuardsAttributes.php(122): Illuminate\\Database\\Console\\Seeds\\SeedCommand->Illuminate\\Database\\Console\\Seeds\\{closure}()
#8 E:\\wamp64\\www\\laravel\\test\\vendor\\laravel\\framework\\src\\Illuminate\\Database\\Console\\Seeds\\SeedCommand.php(64): Illuminate\\Database\\Eloquent\\Model::unguarded(Object(Closure))
#9 [internal function]: Illuminate\\Database\\Console\\Seeds\\SeedCommand->handle()
#10 E:\\wamp64\\www\\laravel\\test\\vendor\\laravel\\framework\\src\\Illuminate\\Container\\BoundMethod.php(29): call_user_func_array(Array, Array)
#11 E:\\wamp64\\www\\laravel\\test\\vendor\\laravel\\framework\\src\\Illuminate\\Container\\BoundMethod.php(87): Illuminate\\Container\\BoundMethod::Illuminate\\Container\\{closure}()
#12 E:\\wamp64\\www\\laravel\\test\\vendor\\laravel\\framework\\src\\Illuminate\\Container\\BoundMethod.php(31): Illuminate\\Container\\BoundMethod::callBoundMethod(Object(Illuminate\\Foundation\\Application), Array, Object(Closure))
#13 E:\\wamp64\\www\\laravel\\test\\vendor\\laravel\\framework\\src\\Illuminate\\Container\\Container.php(572): Illuminate\\Container\\BoundMethod::call(Object(Illuminate\\Foundation\\Application), Array, Array, NULL)
#14 E:\\wamp64\\www\\laravel\\test\\vendor\\laravel\\framework\\src\\Illuminate\\Console\\Command.php(183): Illuminate\\Container\\Container->call(Array)
#15 E:\\wamp64\\www\\laravel\\test\\vendor\\symfony\\console\\Command\\Command.php(255): Illuminate\\Console\\Command->execute(Object(Symfony\\Component\\Console\\Input\\ArgvInput), Object(Illuminate\\Console\\OutputStyle))
#16 E:\\wamp64\\www\\laravel\\test\\vendor\\laravel\\framework\\src\\Illuminate\\Console\\Command.php(170): Symfony\\Component\\Console\\Command\\Command->run(Object(Symfony\\Component\\Console\\Input\\ArgvInput), Object(Illuminate\\Console\\OutputStyle))
#17 E:\\wamp64\\www\\laravel\\test\\vendor\\symfony\\console\\Application.php(886): Illuminate\\Console\\Command->run(Object(Symfony\\Component\\Console\\Input\\ArgvInput), Object(Symfony\\Component\\Console\\Output\\ConsoleOutput))
#18 E:\\wamp64\\www\\laravel\\test\\vendor\\symfony\\console\\Application.php(262): Symfony\\Component\\Console\\Application->doRunCommand(Object(Illuminate\\Database\\Console\\Seeds\\SeedCommand), Object(Symfony\\Component\\Console\\Input\\ArgvInput), Object(Symfony\\Component\\Console\\Output\\ConsoleOutput))
#19 E:\\wamp64\\www\\laravel\\test\\vendor\\symfony\\console\\Application.php(145): Symfony\\Component\\Console\\Application->doRun(Object(Symfony\\Component\\Console\\Input\\ArgvInput), Object(Symfony\\Component\\Console\\Output\\ConsoleOutput))
#20 E:\\wamp64\\www\\laravel\\test\\vendor\\laravel\\framework\\src\\Illuminate\\Console\\Application.php(89): Symfony\\Component\\Console\\Application->run(Object(Symfony\\Component\\Console\\Input\\ArgvInput), Object(Symfony\\Component\\Console\\Output\\ConsoleOutput))
#21 E:\\wamp64\\www\\laravel\\test\\vendor\\laravel\\framework\\src\\Illuminate\\Foundation\\Console\\Kernel.php(122): Illuminate\\Console\\Application->run(Object(Symfony\\Component\\Console\\Input\\ArgvInput), Object(Symfony\\Component\\Console\\Output\\ConsoleOutput))
#22 E:\\wamp64\\www\\laravel\\test\\artisan(37): Illuminate\\Foundation\\Console\\Kernel->handle(Object(Symfony\\Component\\Console\\Input\\ArgvInput), Object(Symfony\\Component\\Console\\Output\\ConsoleOutput))
#23 {main}
"} 
[2019-02-15 05:20:17] local.ERROR: Class 'Model' not found {"exception":"[object] (Symfony\\Component\\Debug\\Exception\\FatalThrowableError(code: 0): Class 'Model' not found at E:\\wamp64\\www\\laravel\\test\\database\\seeds\\DatabaseSeeder.php:14)
[stacktrace]
#0 [internal function]: DatabaseSeeder->run()
#1 E:\\wamp64\\www\\laravel\\test\\vendor\\laravel\\framework\\src\\Illuminate\\Container\\BoundMethod.php(29): call_user_func_array(Array, Array)
#2 E:\\wamp64\\www\\laravel\\test\\vendor\\laravel\\framework\\src\\Illuminate\\Container\\BoundMethod.php(87): Illuminate\\Container\\BoundMethod::Illuminate\\Container\\{closure}()
#3 E:\\wamp64\\www\\laravel\\test\\vendor\\laravel\\framework\\src\\Illuminate\\Container\\BoundMethod.php(31): Illuminate\\Container\\BoundMethod::callBoundMethod(Object(Illuminate\\Foundation\\Application), Array, Object(Closure))
#4 E:\\wamp64\\www\\laravel\\test\\vendor\\laravel\\framework\\src\\Illuminate\\Container\\Container.php(572): Illuminate\\Container\\BoundMethod::call(Object(Illuminate\\Foundation\\Application), Array, Array, NULL)
#5 E:\\wamp64\\www\\laravel\\test\\vendor\\laravel\\framework\\src\\Illuminate\\Database\\Seeder.php(122): Illuminate\\Container\\Container->call(Array)
#6 E:\\wamp64\\www\\laravel\\test\\vendor\\laravel\\framework\\src\\Illuminate\\Database\\Console\\Seeds\\SeedCommand.php(63): Illuminate\\Database\\Seeder->__invoke()
#7 E:\\wamp64\\www\\laravel\\test\\vendor\\laravel\\framework\\src\\Illuminate\\Database\\Eloquent\\Concerns\\GuardsAttributes.php(122): Illuminate\\Database\\Console\\Seeds\\SeedCommand->Illuminate\\Database\\Console\\Seeds\\{closure}()
#8 E:\\wamp64\\www\\laravel\\test\\vendor\\laravel\\framework\\src\\Illuminate\\Database\\Console\\Seeds\\SeedCommand.php(64): Illuminate\\Database\\Eloquent\\Model::unguarded(Object(Closure))
#9 [internal function]: Illuminate\\Database\\Console\\Seeds\\SeedCommand->handle()
#10 E:\\wamp64\\www\\laravel\\test\\vendor\\laravel\\framework\\src\\Illuminate\\Container\\BoundMethod.php(29): call_user_func_array(Array, Array)
#11 E:\\wamp64\\www\\laravel\\test\\vendor\\laravel\\framework\\src\\Illuminate\\Container\\BoundMethod.php(87): Illuminate\\Container\\BoundMethod::Illuminate\\Container\\{closure}()
#12 E:\\wamp64\\www\\laravel\\test\\vendor\\laravel\\framework\\src\\Illuminate\\Container\\BoundMethod.php(31): Illuminate\\Container\\BoundMethod::callBoundMethod(Object(Illuminate\\Foundation\\Application), Array, Object(Closure))
#13 E:\\wamp64\\www\\laravel\\test\\vendor\\laravel\\framework\\src\\Illuminate\\Container\\Container.php(572): Illuminate\\Container\\BoundMethod::call(Object(Illuminate\\Foundation\\Application), Array, Array, NULL)
#14 E:\\wamp64\\www\\laravel\\test\\vendor\\laravel\\framework\\src\\Illuminate\\Console\\Command.php(183): Illuminate\\Container\\Container->call(Array)
#15 E:\\wamp64\\www\\laravel\\test\\vendor\\symfony\\console\\Command\\Command.php(255): Illuminate\\Console\\Command->execute(Object(Symfony\\Component\\Console\\Input\\ArgvInput), Object(Illuminate\\Console\\OutputStyle))
#16 E:\\wamp64\\www\\laravel\\test\\vendor\\laravel\\framework\\src\\Illuminate\\Console\\Command.php(170): Symfony\\Component\\Console\\Command\\Command->run(Object(Symfony\\Component\\Console\\Input\\ArgvInput), Object(Illuminate\\Console\\OutputStyle))
#17 E:\\wamp64\\www\\laravel\\test\\vendor\\symfony\\console\\Application.php(886): Illuminate\\Console\\Command->run(Object(Symfony\\Component\\Console\\Input\\ArgvInput), Object(Symfony\\Component\\Console\\Output\\ConsoleOutput))
#18 E:\\wamp64\\www\\laravel\\test\\vendor\\symfony\\console\\Application.php(262): Symfony\\Component\\Console\\Application->doRunCommand(Object(Illuminate\\Database\\Console\\Seeds\\SeedCommand), Object(Symfony\\Component\\Console\\Input\\ArgvInput), Object(Symfony\\Component\\Console\\Output\\ConsoleOutput))
#19 E:\\wamp64\\www\\laravel\\test\\vendor\\symfony\\console\\Application.php(145): Symfony\\Component\\Console\\Application->doRun(Object(Symfony\\Component\\Console\\Input\\ArgvInput), Object(Symfony\\Component\\Console\\Output\\ConsoleOutput))
#20 E:\\wamp64\\www\\laravel\\test\\vendor\\laravel\\framework\\src\\Illuminate\\Console\\Application.php(89): Symfony\\Component\\Console\\Application->run(Object(Symfony\\Component\\Console\\Input\\ArgvInput), Object(Symfony\\Component\\Console\\Output\\ConsoleOutput))
#21 E:\\wamp64\\www\\laravel\\test\\vendor\\laravel\\framework\\src\\Illuminate\\Foundation\\Console\\Kernel.php(122): Illuminate\\Console\\Application->run(Object(Symfony\\Component\\Console\\Input\\ArgvInput), Object(Symfony\\Component\\Console\\Output\\ConsoleOutput))
#22 E:\\wamp64\\www\\laravel\\test\\artisan(37): Illuminate\\Foundation\\Console\\Kernel->handle(Object(Symfony\\Component\\Console\\Input\\ArgvInput), Object(Symfony\\Component\\Console\\Output\\ConsoleOutput))
#23 {main}
"} 
[2019-02-15 05:20:49] local.ERROR: Class UsersTableSeeder does not exist {"exception":"[object] (ReflectionException(code: -1): Class UsersTableSeeder does not exist at E:\\wamp64\\www\\laravel\\test\\vendor\\laravel\\framework\\src\\Illuminate\\Container\\Container.php:779)
[stacktrace]
#0 E:\\wamp64\\www\\laravel\\test\\vendor\\laravel\\framework\\src\\Illuminate\\Container\\Container.php(779): ReflectionClass->__construct('UsersTableSeede...')
#1 E:\\wamp64\\www\\laravel\\test\\vendor\\laravel\\framework\\src\\Illuminate\\Container\\Container.php(658): Illuminate\\Container\\Container->build('UsersTableSeede...')
#2 E:\\wamp64\\www\\laravel\\test\\vendor\\laravel\\framework\\src\\Illuminate\\Container\\Container.php(609): Illuminate\\Container\\Container->resolve('UsersTableSeede...', Array)
#3 E:\\wamp64\\www\\laravel\\test\\vendor\\laravel\\framework\\src\\Illuminate\\Foundation\\Application.php(735): Illuminate\\Container\\Container->make('UsersTableSeede...', Array)
#4 E:\\wamp64\\www\\laravel\\test\\vendor\\laravel\\framework\\src\\Illuminate\\Database\\Seeder.php(68): Illuminate\\Foundation\\Application->make('UsersTableSeede...')
#5 E:\\wamp64\\www\\laravel\\test\\vendor\\laravel\\framework\\src\\Illuminate\\Database\\Seeder.php(42): Illuminate\\Database\\Seeder->resolve('UsersTableSeede...')
#6 E:\\wamp64\\www\\laravel\\test\\database\\seeds\\DatabaseSeeder.php(17): Illuminate\\Database\\Seeder->call('UsersTableSeede...')
#7 [internal function]: DatabaseSeeder->run()
#8 E:\\wamp64\\www\\laravel\\test\\vendor\\laravel\\framework\\src\\Illuminate\\Container\\BoundMethod.php(29): call_user_func_array(Array, Array)
#9 E:\\wamp64\\www\\laravel\\test\\vendor\\laravel\\framework\\src\\Illuminate\\Container\\BoundMethod.php(87): Illuminate\\Container\\BoundMethod::Illuminate\\Container\\{closure}()
#10 E:\\wamp64\\www\\laravel\\test\\vendor\\laravel\\framework\\src\\Illuminate\\Container\\BoundMethod.php(31): Illuminate\\Container\\BoundMethod::callBoundMethod(Object(Illuminate\\Foundation\\Application), Array, Object(Closure))
#11 E:\\wamp64\\www\\laravel\\test\\vendor\\laravel\\framework\\src\\Illuminate\\Container\\Container.php(572): Illuminate\\Container\\BoundMethod::call(Object(Illuminate\\Foundation\\Application), Array, Array, NULL)
#12 E:\\wamp64\\www\\laravel\\test\\vendor\\laravel\\framework\\src\\Illuminate\\Database\\Seeder.php(122): Illuminate\\Container\\Container->call(Array)
#13 E:\\wamp64\\www\\laravel\\test\\vendor\\laravel\\framework\\src\\Illuminate\\Database\\Console\\Seeds\\SeedCommand.php(63): Illuminate\\Database\\Seeder->__invoke()
#14 E:\\wamp64\\www\\laravel\\test\\vendor\\laravel\\framework\\src\\Illuminate\\Database\\Eloquent\\Concerns\\GuardsAttributes.php(122): Illuminate\\Database\\Console\\Seeds\\SeedCommand->Illuminate\\Database\\Console\\Seeds\\{closure}()
#15 E:\\wamp64\\www\\laravel\\test\\vendor\\laravel\\framework\\src\\Illuminate\\Database\\Console\\Seeds\\SeedCommand.php(64): Illuminate\\Database\\Eloquent\\Model::unguarded(Object(Closure))
#16 [internal function]: Illuminate\\Database\\Console\\Seeds\\SeedCommand->handle()
#17 E:\\wamp64\\www\\laravel\\test\\vendor\\laravel\\framework\\src\\Illuminate\\Container\\BoundMethod.php(29): call_user_func_array(Array, Array)
#18 E:\\wamp64\\www\\laravel\\test\\vendor\\laravel\\framework\\src\\Illuminate\\Container\\BoundMethod.php(87): Illuminate\\Container\\BoundMethod::Illuminate\\Container\\{closure}()
#19 E:\\wamp64\\www\\laravel\\test\\vendor\\laravel\\framework\\src\\Illuminate\\Container\\BoundMethod.php(31): Illuminate\\Container\\BoundMethod::callBoundMethod(Object(Illuminate\\Foundation\\Application), Array, Object(Closure))
#20 E:\\wamp64\\www\\laravel\\test\\vendor\\laravel\\framework\\src\\Illuminate\\Container\\Container.php(572): Illuminate\\Container\\BoundMethod::call(Object(Illuminate\\Foundation\\Application), Array, Array, NULL)
#21 E:\\wamp64\\www\\laravel\\test\\vendor\\laravel\\framework\\src\\Illuminate\\Console\\Command.php(183): Illuminate\\Container\\Container->call(Array)
#22 E:\\wamp64\\www\\laravel\\test\\vendor\\symfony\\console\\Command\\Command.php(255): Illuminate\\Console\\Command->execute(Object(Symfony\\Component\\Console\\Input\\ArgvInput), Object(Illuminate\\Console\\OutputStyle))
#23 E:\\wamp64\\www\\laravel\\test\\vendor\\laravel\\framework\\src\\Illuminate\\Console\\Command.php(170): Symfony\\Component\\Console\\Command\\Command->run(Object(Symfony\\Component\\Console\\Input\\ArgvInput), Object(Illuminate\\Console\\OutputStyle))
#24 E:\\wamp64\\www\\laravel\\test\\vendor\\symfony\\console\\Application.php(886): Illuminate\\Console\\Command->run(Object(Symfony\\Component\\Console\\Input\\ArgvInput), Object(Symfony\\Component\\Console\\Output\\ConsoleOutput))
#25 E:\\wamp64\\www\\laravel\\test\\vendor\\symfony\\console\\Application.php(262): Symfony\\Component\\Console\\Application->doRunCommand(Object(Illuminate\\Database\\Console\\Seeds\\SeedCommand), Object(Symfony\\Component\\Console\\Input\\ArgvInput), Object(Symfony\\Component\\Console\\Output\\ConsoleOutput))
#26 E:\\wamp64\\www\\laravel\\test\\vendor\\symfony\\console\\Application.php(145): Symfony\\Component\\Console\\Application->doRun(Object(Symfony\\Component\\Console\\Input\\ArgvInput), Object(Symfony\\Component\\Console\\Output\\ConsoleOutput))
#27 E:\\wamp64\\www\\laravel\\test\\vendor\\laravel\\framework\\src\\Illuminate\\Console\\Application.php(89): Symfony\\Component\\Console\\Application->run(Object(Symfony\\Component\\Console\\Input\\ArgvInput), Object(Symfony\\Component\\Console\\Output\\ConsoleOutput))
#28 E:\\wamp64\\www\\laravel\\test\\vendor\\laravel\\framework\\src\\Illuminate\\Foundation\\Console\\Kernel.php(122): Illuminate\\Console\\Application->run(Object(Symfony\\Component\\Console\\Input\\ArgvInput), Object(Symfony\\Component\\Console\\Output\\ConsoleOutput))
#29 E:\\wamp64\\www\\laravel\\test\\artisan(37): Illuminate\\Foundation\\Console\\Kernel->handle(Object(Symfony\\Component\\Console\\Input\\ArgvInput), Object(Symfony\\Component\\Console\\Output\\ConsoleOutput))
#30 {main}
"} 
[2019-02-15 05:22:27] local.ERROR: Class UsersTableSeeder does not exist {"exception":"[object] (ReflectionException(code: -1): Class UsersTableSeeder does not exist at E:\\wamp64\\www\\laravel\\test\\vendor\\laravel\\framework\\src\\Illuminate\\Container\\Container.php:779)
[stacktrace]
#0 E:\\wamp64\\www\\laravel\\test\\vendor\\laravel\\framework\\src\\Illuminate\\Container\\Container.php(779): ReflectionClass->__construct('UsersTableSeede...')
#1 E:\\wamp64\\www\\laravel\\test\\vendor\\laravel\\framework\\src\\Illuminate\\Container\\Container.php(658): Illuminate\\Container\\Container->build('UsersTableSeede...')
#2 E:\\wamp64\\www\\laravel\\test\\vendor\\laravel\\framework\\src\\Illuminate\\Container\\Container.php(609): Illuminate\\Container\\Container->resolve('UsersTableSeede...', Array)
#3 E:\\wamp64\\www\\laravel\\test\\vendor\\laravel\\framework\\src\\Illuminate\\Foundation\\Application.php(735): Illuminate\\Container\\Container->make('UsersTableSeede...', Array)
#4 E:\\wamp64\\www\\laravel\\test\\vendor\\laravel\\framework\\src\\Illuminate\\Database\\Seeder.php(68): Illuminate\\Foundation\\Application->make('UsersTableSeede...')
#5 E:\\wamp64\\www\\laravel\\test\\vendor\\laravel\\framework\\src\\Illuminate\\Database\\Seeder.php(42): Illuminate\\Database\\Seeder->resolve('UsersTableSeede...')
#6 E:\\wamp64\\www\\laravel\\test\\database\\seeds\\DatabaseSeeder.php(17): Illuminate\\Database\\Seeder->call('UsersTableSeede...')
#7 [internal function]: DatabaseSeeder->run()
#8 E:\\wamp64\\www\\laravel\\test\\vendor\\laravel\\framework\\src\\Illuminate\\Container\\BoundMethod.php(29): call_user_func_array(Array, Array)
#9 E:\\wamp64\\www\\laravel\\test\\vendor\\laravel\\framework\\src\\Illuminate\\Container\\BoundMethod.php(87): Illuminate\\Container\\BoundMethod::Illuminate\\Container\\{closure}()
#10 E:\\wamp64\\www\\laravel\\test\\vendor\\laravel\\framework\\src\\Illuminate\\Container\\BoundMethod.php(31): Illuminate\\Container\\BoundMethod::callBoundMethod(Object(Illuminate\\Foundation\\Application), Array, Object(Closure))
#11 E:\\wamp64\\www\\laravel\\test\\vendor\\laravel\\framework\\src\\Illuminate\\Container\\Container.php(572): Illuminate\\Container\\BoundMethod::call(Object(Illuminate\\Foundation\\Application), Array, Array, NULL)
#12 E:\\wamp64\\www\\laravel\\test\\vendor\\laravel\\framework\\src\\Illuminate\\Database\\Seeder.php(122): Illuminate\\Container\\Container->call(Array)
#13 E:\\wamp64\\www\\laravel\\test\\vendor\\laravel\\framework\\src\\Illuminate\\Database\\Console\\Seeds\\SeedCommand.php(63): Illuminate\\Database\\Seeder->__invoke()
#14 E:\\wamp64\\www\\laravel\\test\\vendor\\laravel\\framework\\src\\Illuminate\\Database\\Eloquent\\Concerns\\GuardsAttributes.php(122): Illuminate\\Database\\Console\\Seeds\\SeedCommand->Illuminate\\Database\\Console\\Seeds\\{closure}()
#15 E:\\wamp64\\www\\laravel\\test\\vendor\\laravel\\framework\\src\\Illuminate\\Database\\Console\\Seeds\\SeedCommand.php(64): Illuminate\\Database\\Eloquent\\Model::unguarded(Object(Closure))
#16 [internal function]: Illuminate\\Database\\Console\\Seeds\\SeedCommand->handle()
#17 E:\\wamp64\\www\\laravel\\test\\vendor\\laravel\\framework\\src\\Illuminate\\Container\\BoundMethod.php(29): call_user_func_array(Array, Array)
#18 E:\\wamp64\\www\\laravel\\test\\vendor\\laravel\\framework\\src\\Illuminate\\Container\\BoundMethod.php(87): Illuminate\\Container\\BoundMethod::Illuminate\\Container\\{closure}()
#19 E:\\wamp64\\www\\laravel\\test\\vendor\\laravel\\framework\\src\\Illuminate\\Container\\BoundMethod.php(31): Illuminate\\Container\\BoundMethod::callBoundMethod(Object(Illuminate\\Foundation\\Application), Array, Object(Closure))
#20 E:\\wamp64\\www\\laravel\\test\\vendor\\laravel\\framework\\src\\Illuminate\\Container\\Container.php(572): Illuminate\\Container\\BoundMethod::call(Object(Illuminate\\Foundation\\Application), Array, Array, NULL)
#21 E:\\wamp64\\www\\laravel\\test\\vendor\\laravel\\framework\\src\\Illuminate\\Console\\Command.php(183): Illuminate\\Container\\Container->call(Array)
#22 E:\\wamp64\\www\\laravel\\test\\vendor\\symfony\\console\\Command\\Command.php(255): Illuminate\\Console\\Command->execute(Object(Symfony\\Component\\Console\\Input\\ArgvInput), Object(Illuminate\\Console\\OutputStyle))
#23 E:\\wamp64\\www\\laravel\\test\\vendor\\laravel\\framework\\src\\Illuminate\\Console\\Command.php(170): Symfony\\Component\\Console\\Command\\Command->run(Object(Symfony\\Component\\Console\\Input\\ArgvInput), Object(Illuminate\\Console\\OutputStyle))
#24 E:\\wamp64\\www\\laravel\\test\\vendor\\symfony\\console\\Application.php(886): Illuminate\\Console\\Command->run(Object(Symfony\\Component\\Console\\Input\\ArgvInput), Object(Symfony\\Component\\Console\\Output\\ConsoleOutput))
#25 E:\\wamp64\\www\\laravel\\test\\vendor\\symfony\\console\\Application.php(262): Symfony\\Component\\Console\\Application->doRunCommand(Object(Illuminate\\Database\\Console\\Seeds\\SeedCommand), Object(Symfony\\Component\\Console\\Input\\ArgvInput), Object(Symfony\\Component\\Console\\Output\\ConsoleOutput))
#26 E:\\wamp64\\www\\laravel\\test\\vendor\\symfony\\console\\Application.php(145): Symfony\\Component\\Console\\Application->doRun(Object(Symfony\\Component\\Console\\Input\\ArgvInput), Object(Symfony\\Component\\Console\\Output\\ConsoleOutput))
#27 E:\\wamp64\\www\\laravel\\test\\vendor\\laravel\\framework\\src\\Illuminate\\Console\\Application.php(89): Symfony\\Component\\Console\\Application->run(Object(Symfony\\Component\\Console\\Input\\ArgvInput), Object(Symfony\\Component\\Console\\Output\\ConsoleOutput))
#28 E:\\wamp64\\www\\laravel\\test\\vendor\\laravel\\framework\\src\\Illuminate\\Foundation\\Console\\Kernel.php(122): Illuminate\\Console\\Application->run(Object(Symfony\\Component\\Console\\Input\\ArgvInput), Object(Symfony\\Component\\Console\\Output\\ConsoleOutput))
#29 E:\\wamp64\\www\\laravel\\test\\artisan(37): Illuminate\\Foundation\\Console\\Kernel->handle(Object(Symfony\\Component\\Console\\Input\\ArgvInput), Object(Symfony\\Component\\Console\\Output\\ConsoleOutput))
#30 {main}
"} 
[2019-02-15 05:25:05] local.ERROR: Undefined variable: date_time {"exception":"[object] (ErrorException(code: 0): Undefined variable: date_time at E:\\wamp64\\www\\laravel\\test\\database\\factories\\UserFactory.php:23)
[stacktrace]
#0 E:\\wamp64\\www\\laravel\\test\\database\\factories\\UserFactory.php(23): Illuminate\\Foundation\\Bootstrap\\HandleExceptions->handleError(8, 'Undefined varia...', 'E:\\\\wamp64\\\\www\\\\l...', 23, Array)
#1 [internal function]: Illuminate\\Database\\Eloquent\\Factory->{closure}(Object(Faker\\Generator), Array)
#2 E:\\wamp64\\www\\laravel\\test\\vendor\\laravel\\framework\\src\\Illuminate\\Database\\Eloquent\\FactoryBuilder.php(274): call_user_func(Object(Closure), Object(Faker\\Generator), Array)
#3 E:\\wamp64\\www\\laravel\\test\\vendor\\laravel\\framework\\src\\Illuminate\\Database\\Eloquent\\FactoryBuilder.php(292): Illuminate\\Database\\Eloquent\\FactoryBuilder->getRawAttributes(Array)
#4 E:\\wamp64\\www\\laravel\\test\\vendor\\laravel\\framework\\src\\Illuminate\\Database\\Eloquent\\Concerns\\GuardsAttributes.php(116): Illuminate\\Database\\Eloquent\\FactoryBuilder->Illuminate\\Database\\Eloquent\\{closure}()
#5 E:\\wamp64\\www\\laravel\\test\\vendor\\laravel\\framework\\src\\Illuminate\\Database\\Eloquent\\FactoryBuilder.php(300): Illuminate\\Database\\Eloquent\\Model::unguarded(Object(Closure))
#6 E:\\wamp64\\www\\laravel\\test\\vendor\\laravel\\framework\\src\\Illuminate\\Database\\Eloquent\\FactoryBuilder.php(229): Illuminate\\Database\\Eloquent\\FactoryBuilder->makeInstance(Array)
#7 [internal function]: Illuminate\\Database\\Eloquent\\FactoryBuilder->Illuminate\\Database\\Eloquent\\{closure}(1)
#8 E:\\wamp64\\www\\laravel\\test\\vendor\\laravel\\framework\\src\\Illuminate\\Database\\Eloquent\\FactoryBuilder.php(230): array_map(Object(Closure), Array)
#9 E:\\wamp64\\www\\laravel\\test\\database\\seeds\\UsersTableSeeder.php(10): Illuminate\\Database\\Eloquent\\FactoryBuilder->make()
#10 [internal function]: UsersTableSeeder->run()
#11 E:\\wamp64\\www\\laravel\\test\\vendor\\laravel\\framework\\src\\Illuminate\\Container\\BoundMethod.php(29): call_user_func_array(Array, Array)
#12 E:\\wamp64\\www\\laravel\\test\\vendor\\laravel\\framework\\src\\Illuminate\\Container\\BoundMethod.php(87): Illuminate\\Container\\BoundMethod::Illuminate\\Container\\{closure}()
#13 E:\\wamp64\\www\\laravel\\test\\vendor\\laravel\\framework\\src\\Illuminate\\Container\\BoundMethod.php(31): Illuminate\\Container\\BoundMethod::callBoundMethod(Object(Illuminate\\Foundation\\Application), Array, Object(Closure))
#14 E:\\wamp64\\www\\laravel\\test\\vendor\\laravel\\framework\\src\\Illuminate\\Container\\Container.php(572): Illuminate\\Container\\BoundMethod::call(Object(Illuminate\\Foundation\\Application), Array, Array, NULL)
#15 E:\\wamp64\\www\\laravel\\test\\vendor\\laravel\\framework\\src\\Illuminate\\Database\\Seeder.php(122): Illuminate\\Container\\Container->call(Array)
#16 E:\\wamp64\\www\\laravel\\test\\vendor\\laravel\\framework\\src\\Illuminate\\Database\\Seeder.php(42): Illuminate\\Database\\Seeder->__invoke()
#17 E:\\wamp64\\www\\laravel\\test\\database\\seeds\\DatabaseSeeder.php(17): Illuminate\\Database\\Seeder->call('UsersTableSeede...')
#18 [internal function]: DatabaseSeeder->run()
#19 E:\\wamp64\\www\\laravel\\test\\vendor\\laravel\\framework\\src\\Illuminate\\Container\\BoundMethod.php(29): call_user_func_array(Array, Array)
#20 E:\\wamp64\\www\\laravel\\test\\vendor\\laravel\\framework\\src\\Illuminate\\Container\\BoundMethod.php(87): Illuminate\\Container\\BoundMethod::Illuminate\\Container\\{closure}()
#21 E:\\wamp64\\www\\laravel\\test\\vendor\\laravel\\framework\\src\\Illuminate\\Container\\BoundMethod.php(31): Illuminate\\Container\\BoundMethod::callBoundMethod(Object(Illuminate\\Foundation\\Application), Array, Object(Closure))
#22 E:\\wamp64\\www\\laravel\\test\\vendor\\laravel\\framework\\src\\Illuminate\\Container\\Container.php(572): Illuminate\\Container\\BoundMethod::call(Object(Illuminate\\Foundation\\Application), Array, Array, NULL)
#23 E:\\wamp64\\www\\laravel\\test\\vendor\\laravel\\framework\\src\\Illuminate\\Database\\Seeder.php(122): Illuminate\\Container\\Container->call(Array)
#24 E:\\wamp64\\www\\laravel\\test\\vendor\\laravel\\framework\\src\\Illuminate\\Database\\Console\\Seeds\\SeedCommand.php(63): Illuminate\\Database\\Seeder->__invoke()
#25 E:\\wamp64\\www\\laravel\\test\\vendor\\laravel\\framework\\src\\Illuminate\\Database\\Eloquent\\Concerns\\GuardsAttributes.php(122): Illuminate\\Database\\Console\\Seeds\\SeedCommand->Illuminate\\Database\\Console\\Seeds\\{closure}()
#26 E:\\wamp64\\www\\laravel\\test\\vendor\\laravel\\framework\\src\\Illuminate\\Database\\Console\\Seeds\\SeedCommand.php(64): Illuminate\\Database\\Eloquent\\Model::unguarded(Object(Closure))
#27 [internal function]: Illuminate\\Database\\Console\\Seeds\\SeedCommand->handle()
#28 E:\\wamp64\\www\\laravel\\test\\vendor\\laravel\\framework\\src\\Illuminate\\Container\\BoundMethod.php(29): call_user_func_array(Array, Array)
#29 E:\\wamp64\\www\\laravel\\test\\vendor\\laravel\\framework\\src\\Illuminate\\Container\\BoundMethod.php(87): Illuminate\\Container\\BoundMethod::Illuminate\\Container\\{closure}()
#30 E:\\wamp64\\www\\laravel\\test\\vendor\\laravel\\framework\\src\\Illuminate\\Container\\BoundMethod.php(31): Illuminate\\Container\\BoundMethod::callBoundMethod(Object(Illuminate\\Foundation\\Application), Array, Object(Closure))
#31 E:\\wamp64\\www\\laravel\\test\\vendor\\laravel\\framework\\src\\Illuminate\\Container\\Container.php(572): Illuminate\\Container\\BoundMethod::call(Object(Illuminate\\Foundation\\Application), Array, Array, NULL)
#32 E:\\wamp64\\www\\laravel\\test\\vendor\\laravel\\framework\\src\\Illuminate\\Console\\Command.php(183): Illuminate\\Container\\Container->call(Array)
#33 E:\\wamp64\\www\\laravel\\test\\vendor\\symfony\\console\\Command\\Command.php(255): Illuminate\\Console\\Command->execute(Object(Symfony\\Component\\Console\\Input\\ArgvInput), Object(Illuminate\\Console\\OutputStyle))
#34 E:\\wamp64\\www\\laravel\\test\\vendor\\laravel\\framework\\src\\Illuminate\\Console\\Command.php(170): Symfony\\Component\\Console\\Command\\Command->run(Object(Symfony\\Component\\Console\\Input\\ArgvInput), Object(Illuminate\\Console\\OutputStyle))
#35 E:\\wamp64\\www\\laravel\\test\\vendor\\symfony\\console\\Application.php(886): Illuminate\\Console\\Command->run(Object(Symfony\\Component\\Console\\Input\\ArgvInput), Object(Symfony\\Component\\Console\\Output\\ConsoleOutput))
#36 E:\\wamp64\\www\\laravel\\test\\vendor\\symfony\\console\\Application.php(262): Symfony\\Component\\Console\\Application->doRunCommand(Object(Illuminate\\Database\\Console\\Seeds\\SeedCommand), Object(Symfony\\Component\\Console\\Input\\ArgvInput), Object(Symfony\\Component\\Console\\Output\\ConsoleOutput))
#37 E:\\wamp64\\www\\laravel\\test\\vendor\\symfony\\console\\Application.php(145): Symfony\\Component\\Console\\Application->doRun(Object(Symfony\\Component\\Console\\Input\\ArgvInput), Object(Symfony\\Component\\Console\\Output\\ConsoleOutput))
#38 E:\\wamp64\\www\\laravel\\test\\vendor\\laravel\\framework\\src\\Illuminate\\Console\\Application.php(89): Symfony\\Component\\Console\\Application->run(Object(Symfony\\Component\\Console\\Input\\ArgvInput), Object(Symfony\\Component\\Console\\Output\\ConsoleOutput))
#39 E:\\wamp64\\www\\laravel\\test\\vendor\\laravel\\framework\\src\\Illuminate\\Foundation\\Console\\Kernel.php(122): Illuminate\\Console\\Application->run(Object(Symfony\\Component\\Console\\Input\\ArgvInput), Object(Symfony\\Component\\Console\\Output\\ConsoleOutput))
#40 E:\\wamp64\\www\\laravel\\test\\artisan(37): Illuminate\\Foundation\\Console\\Kernel->handle(Object(Symfony\\Component\\Console\\Input\\ArgvInput), Object(Symfony\\Component\\Console\\Output\\ConsoleOutput))
#41 {main}
"} 
[2019-02-15 05:27:35] local.ERROR: Unknown formatter "tim" {"exception":"[object] (InvalidArgumentException(code: 0): Unknown formatter \"tim\" at E:\\wamp64\\www\\laravel\\test\\vendor\\fzaninotto\\faker\\src\\Faker\\Generator.php:242)
[stacktrace]
#0 E:\\wamp64\\www\\laravel\\test\\vendor\\fzaninotto\\faker\\src\\Faker\\Generator.php(222): Faker\\Generator->getFormatter('tim')
#1 E:\\wamp64\\www\\laravel\\test\\vendor\\fzaninotto\\faker\\src\\Faker\\Generator.php(268): Faker\\Generator->format('tim')
#2 E:\\wamp64\\www\\laravel\\test\\database\\factories\\UserFactory.php(17): Faker\\Generator->__get('tim')
#3 [internal function]: Illuminate\\Database\\Eloquent\\Factory->{closure}(Object(Faker\\Generator), Array)
#4 E:\\wamp64\\www\\laravel\\test\\vendor\\laravel\\framework\\src\\Illuminate\\Database\\Eloquent\\FactoryBuilder.php(274): call_user_func(Object(Closure), Object(Faker\\Generator), Array)
#5 E:\\wamp64\\www\\laravel\\test\\vendor\\laravel\\framework\\src\\Illuminate\\Database\\Eloquent\\FactoryBuilder.php(292): Illuminate\\Database\\Eloquent\\FactoryBuilder->getRawAttributes(Array)
#6 E:\\wamp64\\www\\laravel\\test\\vendor\\laravel\\framework\\src\\Illuminate\\Database\\Eloquent\\Concerns\\GuardsAttributes.php(116): Illuminate\\Database\\Eloquent\\FactoryBuilder->Illuminate\\Database\\Eloquent\\{closure}()
#7 E:\\wamp64\\www\\laravel\\test\\vendor\\laravel\\framework\\src\\Illuminate\\Database\\Eloquent\\FactoryBuilder.php(300): Illuminate\\Database\\Eloquent\\Model::unguarded(Object(Closure))
#8 E:\\wamp64\\www\\laravel\\test\\vendor\\laravel\\framework\\src\\Illuminate\\Database\\Eloquent\\FactoryBuilder.php(229): Illuminate\\Database\\Eloquent\\FactoryBuilder->makeInstance(Array)
#9 [internal function]: Illuminate\\Database\\Eloquent\\FactoryBuilder->Illuminate\\Database\\Eloquent\\{closure}(1)
#10 E:\\wamp64\\www\\laravel\\test\\vendor\\laravel\\framework\\src\\Illuminate\\Database\\Eloquent\\FactoryBuilder.php(230): array_map(Object(Closure), Array)
#11 E:\\wamp64\\www\\laravel\\test\\database\\seeds\\UsersTableSeeder.php(10): Illuminate\\Database\\Eloquent\\FactoryBuilder->make()
#12 [internal function]: UsersTableSeeder->run()
#13 E:\\wamp64\\www\\laravel\\test\\vendor\\laravel\\framework\\src\\Illuminate\\Container\\BoundMethod.php(29): call_user_func_array(Array, Array)
#14 E:\\wamp64\\www\\laravel\\test\\vendor\\laravel\\framework\\src\\Illuminate\\Container\\BoundMethod.php(87): Illuminate\\Container\\BoundMethod::Illuminate\\Container\\{closure}()
#15 E:\\wamp64\\www\\laravel\\test\\vendor\\laravel\\framework\\src\\Illuminate\\Container\\BoundMethod.php(31): Illuminate\\Container\\BoundMethod::callBoundMethod(Object(Illuminate\\Foundation\\Application), Array, Object(Closure))
#16 E:\\wamp64\\www\\laravel\\test\\vendor\\laravel\\framework\\src\\Illuminate\\Container\\Container.php(572): Illuminate\\Container\\BoundMethod::call(Object(Illuminate\\Foundation\\Application), Array, Array, NULL)
#17 E:\\wamp64\\www\\laravel\\test\\vendor\\laravel\\framework\\src\\Illuminate\\Database\\Seeder.php(122): Illuminate\\Container\\Container->call(Array)
#18 E:\\wamp64\\www\\laravel\\test\\vendor\\laravel\\framework\\src\\Illuminate\\Database\\Seeder.php(42): Illuminate\\Database\\Seeder->__invoke()
#19 E:\\wamp64\\www\\laravel\\test\\database\\seeds\\DatabaseSeeder.php(17): Illuminate\\Database\\Seeder->call('UsersTableSeede...')
#20 [internal function]: DatabaseSeeder->run()
#21 E:\\wamp64\\www\\laravel\\test\\vendor\\laravel\\framework\\src\\Illuminate\\Container\\BoundMethod.php(29): call_user_func_array(Array, Array)
#22 E:\\wamp64\\www\\laravel\\test\\vendor\\laravel\\framework\\src\\Illuminate\\Container\\BoundMethod.php(87): Illuminate\\Container\\BoundMethod::Illuminate\\Container\\{closure}()
#23 E:\\wamp64\\www\\laravel\\test\\vendor\\laravel\\framework\\src\\Illuminate\\Container\\BoundMethod.php(31): Illuminate\\Container\\BoundMethod::callBoundMethod(Object(Illuminate\\Foundation\\Application), Array, Object(Closure))
#24 E:\\wamp64\\www\\laravel\\test\\vendor\\laravel\\framework\\src\\Illuminate\\Container\\Container.php(572): Illuminate\\Container\\BoundMethod::call(Object(Illuminate\\Foundation\\Application), Array, Array, NULL)
#25 E:\\wamp64\\www\\laravel\\test\\vendor\\laravel\\framework\\src\\Illuminate\\Database\\Seeder.php(122): Illuminate\\Container\\Container->call(Array)
#26 E:\\wamp64\\www\\laravel\\test\\vendor\\laravel\\framework\\src\\Illuminate\\Database\\Console\\Seeds\\SeedCommand.php(63): Illuminate\\Database\\Seeder->__invoke()
#27 E:\\wamp64\\www\\laravel\\test\\vendor\\laravel\\framework\\src\\Illuminate\\Database\\Eloquent\\Concerns\\GuardsAttributes.php(122): Illuminate\\Database\\Console\\Seeds\\SeedCommand->Illuminate\\Database\\Console\\Seeds\\{closure}()
#28 E:\\wamp64\\www\\laravel\\test\\vendor\\laravel\\framework\\src\\Illuminate\\Database\\Console\\Seeds\\SeedCommand.php(64): Illuminate\\Database\\Eloquent\\Model::unguarded(Object(Closure))
#29 [internal function]: Illuminate\\Database\\Console\\Seeds\\SeedCommand->handle()
#30 E:\\wamp64\\www\\laravel\\test\\vendor\\laravel\\framework\\src\\Illuminate\\Container\\BoundMethod.php(29): call_user_func_array(Array, Array)
#31 E:\\wamp64\\www\\laravel\\test\\vendor\\laravel\\framework\\src\\Illuminate\\Container\\BoundMethod.php(87): Illuminate\\Container\\BoundMethod::Illuminate\\Container\\{closure}()
#32 E:\\wamp64\\www\\laravel\\test\\vendor\\laravel\\framework\\src\\Illuminate\\Container\\BoundMethod.php(31): Illuminate\\Container\\BoundMethod::callBoundMethod(Object(Illuminate\\Foundation\\Application), Array, Object(Closure))
#33 E:\\wamp64\\www\\laravel\\test\\vendor\\laravel\\framework\\src\\Illuminate\\Container\\Container.php(572): Illuminate\\Container\\BoundMethod::call(Object(Illuminate\\Foundation\\Application), Array, Array, NULL)
#34 E:\\wamp64\\www\\laravel\\test\\vendor\\laravel\\framework\\src\\Illuminate\\Console\\Command.php(183): Illuminate\\Container\\Container->call(Array)
#35 E:\\wamp64\\www\\laravel\\test\\vendor\\symfony\\console\\Command\\Command.php(255): Illuminate\\Console\\Command->execute(Object(Symfony\\Component\\Console\\Input\\ArgvInput), Object(Illuminate\\Console\\OutputStyle))
#36 E:\\wamp64\\www\\laravel\\test\\vendor\\laravel\\framework\\src\\Illuminate\\Console\\Command.php(170): Symfony\\Component\\Console\\Command\\Command->run(Object(Symfony\\Component\\Console\\Input\\ArgvInput), Object(Illuminate\\Console\\OutputStyle))
#37 E:\\wamp64\\www\\laravel\\test\\vendor\\symfony\\console\\Application.php(886): Illuminate\\Console\\Command->run(Object(Symfony\\Component\\Console\\Input\\ArgvInput), Object(Symfony\\Component\\Console\\Output\\ConsoleOutput))
#38 E:\\wamp64\\www\\laravel\\test\\vendor\\symfony\\console\\Application.php(262): Symfony\\Component\\Console\\Application->doRunCommand(Object(Illuminate\\Database\\Console\\Seeds\\SeedCommand), Object(Symfony\\Component\\Console\\Input\\ArgvInput), Object(Symfony\\Component\\Console\\Output\\ConsoleOutput))
#39 E:\\wamp64\\www\\laravel\\test\\vendor\\symfony\\console\\Application.php(145): Symfony\\Component\\Console\\Application->doRun(Object(Symfony\\Component\\Console\\Input\\ArgvInput), Object(Symfony\\Component\\Console\\Output\\ConsoleOutput))
#40 E:\\wamp64\\www\\laravel\\test\\vendor\\laravel\\framework\\src\\Illuminate\\Console\\Application.php(89): Symfony\\Component\\Console\\Application->run(Object(Symfony\\Component\\Console\\Input\\ArgvInput), Object(Symfony\\Component\\Console\\Output\\ConsoleOutput))
#41 E:\\wamp64\\www\\laravel\\test\\vendor\\laravel\\framework\\src\\Illuminate\\Foundation\\Console\\Kernel.php(122): Illuminate\\Console\\Application->run(Object(Symfony\\Component\\Console\\Input\\ArgvInput), Object(Symfony\\Component\\Console\\Output\\ConsoleOutput))
#42 E:\\wamp64\\www\\laravel\\test\\artisan(37): Illuminate\\Foundation\\Console\\Kernel->handle(Object(Symfony\\Component\\Console\\Input\\ArgvInput), Object(Symfony\\Component\\Console\\Output\\ConsoleOutput))
#43 {main}
"} 
[2019-02-15 05:41:23] local.ERROR: Method Illuminate\Database\Schema\Blueprint::int does not exist. {"exception":"[object] (BadMethodCallException(code: 0): Method Illuminate\\Database\\Schema\\Blueprint::int does not exist. at E:\\wamp64\\www\\laravel\\test\\vendor\\laravel\\framework\\src\\Illuminate\\Support\\Traits\\Macroable.php:100)
[stacktrace]
#0 E:\\wamp64\\www\\laravel\\test\\database\\migrations\\2019_02_15_045507_add_is_admin_to_users_table.php(17): Illuminate\\Database\\Schema\\Blueprint->__call('int', Array)
#1 E:\\wamp64\\www\\laravel\\test\\vendor\\laravel\\framework\\src\\Illuminate\\Database\\Schema\\Blueprint.php(83): AddIsAdminToUsersTable->{closure}(Object(Illuminate\\Database\\Schema\\Blueprint))
#2 E:\\wamp64\\www\\laravel\\test\\vendor\\laravel\\framework\\src\\Illuminate\\Database\\Schema\\Builder.php(284): Illuminate\\Database\\Schema\\Blueprint->__construct('users', Object(Closure), '')
#3 E:\\wamp64\\www\\laravel\\test\\vendor\\laravel\\framework\\src\\Illuminate\\Database\\Schema\\Builder.php(149): Illuminate\\Database\\Schema\\Builder->createBlueprint('users', Object(Closure))
#4 E:\\wamp64\\www\\laravel\\test\\vendor\\laravel\\framework\\src\\Illuminate\\Support\\Facades\\Facade.php(223): Illuminate\\Database\\Schema\\Builder->table('users', Object(Closure))
#5 E:\\wamp64\\www\\laravel\\test\\database\\migrations\\2019_02_15_045507_add_is_admin_to_users_table.php(19): Illuminate\\Support\\Facades\\Facade::__callStatic('table', Array)
#6 E:\\wamp64\\www\\laravel\\test\\vendor\\laravel\\framework\\src\\Illuminate\\Database\\Migrations\\Migrator.php(360): AddIsAdminToUsersTable->up()
#7 E:\\wamp64\\www\\laravel\\test\\vendor\\laravel\\framework\\src\\Illuminate\\Database\\Migrations\\Migrator.php(367): Illuminate\\Database\\Migrations\\Migrator->Illuminate\\Database\\Migrations\\{closure}()
#8 E:\\wamp64\\www\\laravel\\test\\vendor\\laravel\\framework\\src\\Illuminate\\Database\\Migrations\\Migrator.php(178): Illuminate\\Database\\Migrations\\Migrator->runMigration(Object(AddIsAdminToUsersTable), 'up')
#9 E:\\wamp64\\www\\laravel\\test\\vendor\\laravel\\framework\\src\\Illuminate\\Database\\Migrations\\Migrator.php(147): Illuminate\\Database\\Migrations\\Migrator->runUp('E:\\\\wamp64\\\\www\\\\l...', 1, false)
#10 E:\\wamp64\\www\\laravel\\test\\vendor\\laravel\\framework\\src\\Illuminate\\Database\\Migrations\\Migrator.php(96): Illuminate\\Database\\Migrations\\Migrator->runPending(Array, Array)
#11 E:\\wamp64\\www\\laravel\\test\\vendor\\laravel\\framework\\src\\Illuminate\\Database\\Console\\Migrations\\MigrateCommand.php(71): Illuminate\\Database\\Migrations\\Migrator->run(Array, Array)
#12 [internal function]: Illuminate\\Database\\Console\\Migrations\\MigrateCommand->handle()
#13 E:\\wamp64\\www\\laravel\\test\\vendor\\laravel\\framework\\src\\Illuminate\\Container\\BoundMethod.php(29): call_user_func_array(Array, Array)
#14 E:\\wamp64\\www\\laravel\\test\\vendor\\laravel\\framework\\src\\Illuminate\\Container\\BoundMethod.php(87): Illuminate\\Container\\BoundMethod::Illuminate\\Container\\{closure}()
#15 E:\\wamp64\\www\\laravel\\test\\vendor\\laravel\\framework\\src\\Illuminate\\Container\\BoundMethod.php(31): Illuminate\\Container\\BoundMethod::callBoundMethod(Object(Illuminate\\Foundation\\Application), Array, Object(Closure))
#16 E:\\wamp64\\www\\laravel\\test\\vendor\\laravel\\framework\\src\\Illuminate\\Container\\Container.php(572): Illuminate\\Container\\BoundMethod::call(Object(Illuminate\\Foundation\\Application), Array, Array, NULL)
#17 E:\\wamp64\\www\\laravel\\test\\vendor\\laravel\\framework\\src\\Illuminate\\Console\\Command.php(183): Illuminate\\Container\\Container->call(Array)
#18 E:\\wamp64\\www\\laravel\\test\\vendor\\symfony\\console\\Command\\Command.php(255): Illuminate\\Console\\Command->execute(Object(Symfony\\Component\\Console\\Input\\ArrayInput), Object(Illuminate\\Console\\OutputStyle))
#19 E:\\wamp64\\www\\laravel\\test\\vendor\\laravel\\framework\\src\\Illuminate\\Console\\Command.php(170): Symfony\\Component\\Console\\Command\\Command->run(Object(Symfony\\Component\\Console\\Input\\ArrayInput), Object(Illuminate\\Console\\OutputStyle))
#20 E:\\wamp64\\www\\laravel\\test\\vendor\\laravel\\framework\\src\\Illuminate\\Console\\Command.php(198): Illuminate\\Console\\Command->run(Object(Symfony\\Component\\Console\\Input\\ArrayInput), Object(Illuminate\\Console\\OutputStyle))
#21 E:\\wamp64\\www\\laravel\\test\\vendor\\laravel\\framework\\src\\Illuminate\\Database\\Console\\Migrations\\RefreshCommand.php(65): Illuminate\\Console\\Command->call('migrate', Array)
#22 [internal function]: Illuminate\\Database\\Console\\Migrations\\RefreshCommand->handle()
#23 E:\\wamp64\\www\\laravel\\test\\vendor\\laravel\\framework\\src\\Illuminate\\Container\\BoundMethod.php(29): call_user_func_array(Array, Array)
#24 E:\\wamp64\\www\\laravel\\test\\vendor\\laravel\\framework\\src\\Illuminate\\Container\\BoundMethod.php(87): Illuminate\\Container\\BoundMethod::Illuminate\\Container\\{closure}()
#25 E:\\wamp64\\www\\laravel\\test\\vendor\\laravel\\framework\\src\\Illuminate\\Container\\BoundMethod.php(31): Illuminate\\Container\\BoundMethod::callBoundMethod(Object(Illuminate\\Foundation\\Application), Array, Object(Closure))
#26 E:\\wamp64\\www\\laravel\\test\\vendor\\laravel\\framework\\src\\Illuminate\\Container\\Container.php(572): Illuminate\\Container\\BoundMethod::call(Object(Illuminate\\Foundation\\Application), Array, Array, NULL)
#27 E:\\wamp64\\www\\laravel\\test\\vendor\\laravel\\framework\\src\\Illuminate\\Console\\Command.php(183): Illuminate\\Container\\Container->call(Array)
#28 E:\\wamp64\\www\\laravel\\test\\vendor\\symfony\\console\\Command\\Command.php(255): Illuminate\\Console\\Command->execute(Object(Symfony\\Component\\Console\\Input\\ArgvInput), Object(Illuminate\\Console\\OutputStyle))
#29 E:\\wamp64\\www\\laravel\\test\\vendor\\laravel\\framework\\src\\Illuminate\\Console\\Command.php(170): Symfony\\Component\\Console\\Command\\Command->run(Object(Symfony\\Component\\Console\\Input\\ArgvInput), Object(Illuminate\\Console\\OutputStyle))
#30 E:\\wamp64\\www\\laravel\\test\\vendor\\symfony\\console\\Application.php(886): Illuminate\\Console\\Command->run(Object(Symfony\\Component\\Console\\Input\\ArgvInput), Object(Symfony\\Component\\Console\\Output\\ConsoleOutput))
#31 E:\\wamp64\\www\\laravel\\test\\vendor\\symfony\\console\\Application.php(262): Symfony\\Component\\Console\\Application->doRunCommand(Object(Illuminate\\Database\\Console\\Migrations\\RefreshCommand), Object(Symfony\\Component\\Console\\Input\\ArgvInput), Object(Symfony\\Component\\Console\\Output\\ConsoleOutput))
#32 E:\\wamp64\\www\\laravel\\test\\vendor\\symfony\\console\\Application.php(145): Symfony\\Component\\Console\\Application->doRun(Object(Symfony\\Component\\Console\\Input\\ArgvInput), Object(Symfony\\Component\\Console\\Output\\ConsoleOutput))
#33 E:\\wamp64\\www\\laravel\\test\\vendor\\laravel\\framework\\src\\Illuminate\\Console\\Application.php(89): Symfony\\Component\\Console\\Application->run(Object(Symfony\\Component\\Console\\Input\\ArgvInput), Object(Symfony\\Component\\Console\\Output\\ConsoleOutput))
#34 E:\\wamp64\\www\\laravel\\test\\vendor\\laravel\\framework\\src\\Illuminate\\Foundation\\Console\\Kernel.php(122): Illuminate\\Console\\Application->run(Object(Symfony\\Component\\Console\\Input\\ArgvInput), Object(Symfony\\Component\\Console\\Output\\ConsoleOutput))
#35 E:\\wamp64\\www\\laravel\\test\\artisan(37): Illuminate\\Foundation\\Console\\Kernel->handle(Object(Symfony\\Component\\Console\\Input\\ArgvInput), Object(Symfony\\Component\\Console\\Output\\ConsoleOutput))
#36 {main}
"} 
[2019-02-15 05:43:02] local.ERROR: Method Illuminate\Database\Schema\Blueprint::int does not exist. {"exception":"[object] (BadMethodCallException(code: 0): Method Illuminate\\Database\\Schema\\Blueprint::int does not exist. at E:\\wamp64\\www\\laravel\\test\\vendor\\laravel\\framework\\src\\Illuminate\\Support\\Traits\\Macroable.php:100)
[stacktrace]
#0 E:\\wamp64\\www\\laravel\\test\\database\\migrations\\2019_02_15_045507_add_is_admin_to_users_table.php(17): Illuminate\\Database\\Schema\\Blueprint->__call('int', Array)
#1 E:\\wamp64\\www\\laravel\\test\\vendor\\laravel\\framework\\src\\Illuminate\\Database\\Schema\\Blueprint.php(83): AddIsAdminToUsersTable->{closure}(Object(Illuminate\\Database\\Schema\\Blueprint))
#2 E:\\wamp64\\www\\laravel\\test\\vendor\\laravel\\framework\\src\\Illuminate\\Database\\Schema\\Builder.php(284): Illuminate\\Database\\Schema\\Blueprint->__construct('users', Object(Closure), '')
#3 E:\\wamp64\\www\\laravel\\test\\vendor\\laravel\\framework\\src\\Illuminate\\Database\\Schema\\Builder.php(149): Illuminate\\Database\\Schema\\Builder->createBlueprint('users', Object(Closure))
#4 E:\\wamp64\\www\\laravel\\test\\vendor\\laravel\\framework\\src\\Illuminate\\Support\\Facades\\Facade.php(223): Illuminate\\Database\\Schema\\Builder->table('users', Object(Closure))
#5 E:\\wamp64\\www\\laravel\\test\\database\\migrations\\2019_02_15_045507_add_is_admin_to_users_table.php(19): Illuminate\\Support\\Facades\\Facade::__callStatic('table', Array)
#6 E:\\wamp64\\www\\laravel\\test\\vendor\\laravel\\framework\\src\\Illuminate\\Database\\Migrations\\Migrator.php(360): AddIsAdminToUsersTable->up()
#7 E:\\wamp64\\www\\laravel\\test\\vendor\\laravel\\framework\\src\\Illuminate\\Database\\Migrations\\Migrator.php(367): Illuminate\\Database\\Migrations\\Migrator->Illuminate\\Database\\Migrations\\{closure}()
#8 E:\\wamp64\\www\\laravel\\test\\vendor\\laravel\\framework\\src\\Illuminate\\Database\\Migrations\\Migrator.php(178): Illuminate\\Database\\Migrations\\Migrator->runMigration(Object(AddIsAdminToUsersTable), 'up')
#9 E:\\wamp64\\www\\laravel\\test\\vendor\\laravel\\framework\\src\\Illuminate\\Database\\Migrations\\Migrator.php(147): Illuminate\\Database\\Migrations\\Migrator->runUp('E:\\\\wamp64\\\\www\\\\l...', 2, false)
#10 E:\\wamp64\\www\\laravel\\test\\vendor\\laravel\\framework\\src\\Illuminate\\Database\\Migrations\\Migrator.php(96): Illuminate\\Database\\Migrations\\Migrator->runPending(Array, Array)
#11 E:\\wamp64\\www\\laravel\\test\\vendor\\laravel\\framework\\src\\Illuminate\\Database\\Console\\Migrations\\MigrateCommand.php(71): Illuminate\\Database\\Migrations\\Migrator->run(Array, Array)
#12 [internal function]: Illuminate\\Database\\Console\\Migrations\\MigrateCommand->handle()
#13 E:\\wamp64\\www\\laravel\\test\\vendor\\laravel\\framework\\src\\Illuminate\\Container\\BoundMethod.php(29): call_user_func_array(Array, Array)
#14 E:\\wamp64\\www\\laravel\\test\\vendor\\laravel\\framework\\src\\Illuminate\\Container\\BoundMethod.php(87): Illuminate\\Container\\BoundMethod::Illuminate\\Container\\{closure}()
#15 E:\\wamp64\\www\\laravel\\test\\vendor\\laravel\\framework\\src\\Illuminate\\Container\\BoundMethod.php(31): Illuminate\\Container\\BoundMethod::callBoundMethod(Object(Illuminate\\Foundation\\Application), Array, Object(Closure))
#16 E:\\wamp64\\www\\laravel\\test\\vendor\\laravel\\framework\\src\\Illuminate\\Container\\Container.php(572): Illuminate\\Container\\BoundMethod::call(Object(Illuminate\\Foundation\\Application), Array, Array, NULL)
#17 E:\\wamp64\\www\\laravel\\test\\vendor\\laravel\\framework\\src\\Illuminate\\Console\\Command.php(183): Illuminate\\Container\\Container->call(Array)
#18 E:\\wamp64\\www\\laravel\\test\\vendor\\symfony\\console\\Command\\Command.php(255): Illuminate\\Console\\Command->execute(Object(Symfony\\Component\\Console\\Input\\ArgvInput), Object(Illuminate\\Console\\OutputStyle))
#19 E:\\wamp64\\www\\laravel\\test\\vendor\\laravel\\framework\\src\\Illuminate\\Console\\Command.php(170): Symfony\\Component\\Console\\Command\\Command->run(Object(Symfony\\Component\\Console\\Input\\ArgvInput), Object(Illuminate\\Console\\OutputStyle))
#20 E:\\wamp64\\www\\laravel\\test\\vendor\\symfony\\console\\Application.php(886): Illuminate\\Console\\Command->run(Object(Symfony\\Component\\Console\\Input\\ArgvInput), Object(Symfony\\Component\\Console\\Output\\ConsoleOutput))
#21 E:\\wamp64\\www\\laravel\\test\\vendor\\symfony\\console\\Application.php(262): Symfony\\Component\\Console\\Application->doRunCommand(Object(Illuminate\\Database\\Console\\Migrations\\MigrateCommand), Object(Symfony\\Component\\Console\\Input\\ArgvInput), Object(Symfony\\Component\\Console\\Output\\ConsoleOutput))
#22 E:\\wamp64\\www\\laravel\\test\\vendor\\symfony\\console\\Application.php(145): Symfony\\Component\\Console\\Application->doRun(Object(Symfony\\Component\\Console\\Input\\ArgvInput), Object(Symfony\\Component\\Console\\Output\\ConsoleOutput))
#23 E:\\wamp64\\www\\laravel\\test\\vendor\\laravel\\framework\\src\\Illuminate\\Console\\Application.php(89): Symfony\\Component\\Console\\Application->run(Object(Symfony\\Component\\Console\\Input\\ArgvInput), Object(Symfony\\Component\\Console\\Output\\ConsoleOutput))
#24 E:\\wamp64\\www\\laravel\\test\\vendor\\laravel\\framework\\src\\Illuminate\\Foundation\\Console\\Kernel.php(122): Illuminate\\Console\\Application->run(Object(Symfony\\Component\\Console\\Input\\ArgvInput), Object(Symfony\\Component\\Console\\Output\\ConsoleOutput))
#25 E:\\wamp64\\www\\laravel\\test\\artisan(37): Illuminate\\Foundation\\Console\\Kernel->handle(Object(Symfony\\Component\\Console\\Input\\ArgvInput), Object(Symfony\\Component\\Console\\Output\\ConsoleOutput))
#26 {main}
"} 
[2019-02-15 06:01:27] local.ERROR: Undefined variable: user {"userId":1,"email":"376300797@qq.com","exception":"[object] (ErrorException(code: 0): Undefined variable: user at E:\\wamp64\\www\\laravel\\test\\app\\Http\\Controllers\\UsersController.php:37)
[stacktrace]
#0 E:\\wamp64\\www\\laravel\\test\\app\\Http\\Controllers\\UsersController.php(37): Illuminate\\Foundation\\Bootstrap\\HandleExceptions->handleError(8, 'Undefined varia...', 'E:\\\\wamp64\\\\www\\\\l...', 37, Array)
#1 [internal function]: App\\Http\\Controllers\\UsersController->destroy('2')
#2 E:\\wamp64\\www\\laravel\\test\\vendor\\laravel\\framework\\src\\Illuminate\\Routing\\Controller.php(54): call_user_func_array(Array, Array)
#3 E:\\wamp64\\www\\laravel\\test\\vendor\\laravel\\framework\\src\\Illuminate\\Routing\\ControllerDispatcher.php(45): Illuminate\\Routing\\Controller->callAction('destroy', Array)
#4 E:\\wamp64\\www\\laravel\\test\\vendor\\laravel\\framework\\src\\Illuminate\\Routing\\Route.php(212): Illuminate\\Routing\\ControllerDispatcher->dispatch(Object(Illuminate\\Routing\\Route), Object(App\\Http\\Controllers\\UsersController), 'destroy')
#5 E:\\wamp64\\www\\laravel\\test\\vendor\\laravel\\framework\\src\\Illuminate\\Routing\\Route.php(169): Illuminate\\Routing\\Route->runController()
#6 E:\\wamp64\\www\\laravel\\test\\vendor\\laravel\\framework\\src\\Illuminate\\Routing\\Router.php(682): Illuminate\\Routing\\Route->run()
#7 E:\\wamp64\\www\\laravel\\test\\vendor\\laravel\\framework\\src\\Illuminate\\Routing\\Pipeline.php(30): Illuminate\\Routing\\Router->Illuminate\\Routing\\{closure}(Object(Illuminate\\Http\\Request))
#8 E:\\wamp64\\www\\laravel\\test\\vendor\\laravel\\framework\\src\\Illuminate\\Routing\\Middleware\\SubstituteBindings.php(41): Illuminate\\Routing\\Pipeline->Illuminate\\Routing\\{closure}(Object(Illuminate\\Http\\Request))
#9 E:\\wamp64\\www\\laravel\\test\\vendor\\laravel\\framework\\src\\Illuminate\\Pipeline\\Pipeline.php(151): Illuminate\\Routing\\Middleware\\SubstituteBindings->handle(Object(Illuminate\\Http\\Request), Object(Closure))
#10 E:\\wamp64\\www\\laravel\\test\\vendor\\laravel\\framework\\src\\Illuminate\\Routing\\Pipeline.php(53): Illuminate\\Pipeline\\Pipeline->Illuminate\\Pipeline\\{closure}(Object(Illuminate\\Http\\Request))
#11 E:\\wamp64\\www\\laravel\\test\\vendor\\laravel\\framework\\src\\Illuminate\\Auth\\Middleware\\Authenticate.php(43): Illuminate\\Routing\\Pipeline->Illuminate\\Routing\\{closure}(Object(Illuminate\\Http\\Request))
#12 E:\\wamp64\\www\\laravel\\test\\vendor\\laravel\\framework\\src\\Illuminate\\Pipeline\\Pipeline.php(151): Illuminate\\Auth\\Middleware\\Authenticate->handle(Object(Illuminate\\Http\\Request), Object(Closure))
#13 E:\\wamp64\\www\\laravel\\test\\vendor\\laravel\\framework\\src\\Illuminate\\Routing\\Pipeline.php(53): Illuminate\\Pipeline\\Pipeline->Illuminate\\Pipeline\\{closure}(Object(Illuminate\\Http\\Request))
#14 E:\\wamp64\\www\\laravel\\test\\vendor\\laravel\\framework\\src\\Illuminate\\Foundation\\Http\\Middleware\\VerifyCsrfToken.php(75): Illuminate\\Routing\\Pipeline->Illuminate\\Routing\\{closure}(Object(Illuminate\\Http\\Request))
#15 E:\\wamp64\\www\\laravel\\test\\vendor\\laravel\\framework\\src\\Illuminate\\Pipeline\\Pipeline.php(151): Illuminate\\Foundation\\Http\\Middleware\\VerifyCsrfToken->handle(Object(Illuminate\\Http\\Request), Object(Closure))
#16 E:\\wamp64\\www\\laravel\\test\\vendor\\laravel\\framework\\src\\Illuminate\\Routing\\Pipeline.php(53): Illuminate\\Pipeline\\Pipeline->Illuminate\\Pipeline\\{closure}(Object(Illuminate\\Http\\Request))
#17 E:\\wamp64\\www\\laravel\\test\\vendor\\laravel\\framework\\src\\Illuminate\\View\\Middleware\\ShareErrorsFromSession.php(49): Illuminate\\Routing\\Pipeline->Illuminate\\Routing\\{closure}(Object(Illuminate\\Http\\Request))
#18 E:\\wamp64\\www\\laravel\\test\\vendor\\laravel\\framework\\src\\Illuminate\\Pipeline\\Pipeline.php(151): Illuminate\\View\\Middleware\\ShareErrorsFromSession->handle(Object(Illuminate\\Http\\Request), Object(Closure))
#19 E:\\wamp64\\www\\laravel\\test\\vendor\\laravel\\framework\\src\\Illuminate\\Routing\\Pipeline.php(53): Illuminate\\Pipeline\\Pipeline->Illuminate\\Pipeline\\{closure}(Object(Illuminate\\Http\\Request))
#20 E:\\wamp64\\www\\laravel\\test\\vendor\\laravel\\framework\\src\\Illuminate\\Session\\Middleware\\StartSession.php(63): Illuminate\\Routing\\Pipeline->Illuminate\\Routing\\{closure}(Object(Illuminate\\Http\\Request))
#21 E:\\wamp64\\www\\laravel\\test\\vendor\\laravel\\framework\\src\\Illuminate\\Pipeline\\Pipeline.php(151): Illuminate\\Session\\Middleware\\StartSession->handle(Object(Illuminate\\Http\\Request), Object(Closure))
#22 E:\\wamp64\\www\\laravel\\test\\vendor\\laravel\\framework\\src\\Illuminate\\Routing\\Pipeline.php(53): Illuminate\\Pipeline\\Pipeline->Illuminate\\Pipeline\\{closure}(Object(Illuminate\\Http\\Request))
#23 E:\\wamp64\\www\\laravel\\test\\vendor\\laravel\\framework\\src\\Illuminate\\Cookie\\Middleware\\AddQueuedCookiesToResponse.php(37): Illuminate\\Routing\\Pipeline->Illuminate\\Routing\\{closure}(Object(Illuminate\\Http\\Request))
#24 E:\\wamp64\\www\\laravel\\test\\vendor\\laravel\\framework\\src\\Illuminate\\Pipeline\\Pipeline.php(151): Illuminate\\Cookie\\Middleware\\AddQueuedCookiesToResponse->handle(Object(Illuminate\\Http\\Request), Object(Closure))
#25 E:\\wamp64\\www\\laravel\\test\\vendor\\laravel\\framework\\src\\Illuminate\\Routing\\Pipeline.php(53): Illuminate\\Pipeline\\Pipeline->Illuminate\\Pipeline\\{closure}(Object(Illuminate\\Http\\Request))
#26 E:\\wamp64\\www\\laravel\\test\\vendor\\laravel\\framework\\src\\Illuminate\\Cookie\\Middleware\\EncryptCookies.php(66): Illuminate\\Routing\\Pipeline->Illuminate\\Routing\\{closure}(Object(Illuminate\\Http\\Request))
#27 E:\\wamp64\\www\\laravel\\test\\vendor\\laravel\\framework\\src\\Illuminate\\Pipeline\\Pipeline.php(151): Illuminate\\Cookie\\Middleware\\EncryptCookies->handle(Object(Illuminate\\Http\\Request), Object(Closure))
#28 E:\\wamp64\\www\\laravel\\test\\vendor\\laravel\\framework\\src\\Illuminate\\Routing\\Pipeline.php(53): Illuminate\\Pipeline\\Pipeline->Illuminate\\Pipeline\\{closure}(Object(Illuminate\\Http\\Request))
#29 E:\\wamp64\\www\\laravel\\test\\vendor\\laravel\\framework\\src\\Illuminate\\Pipeline\\Pipeline.php(104): Illuminate\\Routing\\Pipeline->Illuminate\\Routing\\{closure}(Object(Illuminate\\Http\\Request))
#30 E:\\wamp64\\www\\laravel\\test\\vendor\\laravel\\framework\\src\\Illuminate\\Routing\\Router.php(684): Illuminate\\Pipeline\\Pipeline->then(Object(Closure))
#31 E:\\wamp64\\www\\laravel\\test\\vendor\\laravel\\framework\\src\\Illuminate\\Routing\\Router.php(659): Illuminate\\Routing\\Router->runRouteWithinStack(Object(Illuminate\\Routing\\Route), Object(Illuminate\\Http\\Request))
#32 E:\\wamp64\\www\\laravel\\test\\vendor\\laravel\\framework\\src\\Illuminate\\Routing\\Router.php(625): Illuminate\\Routing\\Router->runRoute(Object(Illuminate\\Http\\Request), Object(Illuminate\\Routing\\Route))
#33 E:\\wamp64\\www\\laravel\\test\\vendor\\laravel\\framework\\src\\Illuminate\\Routing\\Router.php(614): Illuminate\\Routing\\Router->dispatchToRoute(Object(Illuminate\\Http\\Request))
#34 E:\\wamp64\\www\\laravel\\test\\vendor\\laravel\\framework\\src\\Illuminate\\Foundation\\Http\\Kernel.php(176): Illuminate\\Routing\\Router->dispatch(Object(Illuminate\\Http\\Request))
#35 E:\\wamp64\\www\\laravel\\test\\vendor\\laravel\\framework\\src\\Illuminate\\Routing\\Pipeline.php(30): Illuminate\\Foundation\\Http\\Kernel->Illuminate\\Foundation\\Http\\{closure}(Object(Illuminate\\Http\\Request))
#36 E:\\wamp64\\www\\laravel\\test\\vendor\\fideloper\\proxy\\src\\TrustProxies.php(57): Illuminate\\Routing\\Pipeline->Illuminate\\Routing\\{closure}(Object(Illuminate\\Http\\Request))
#37 E:\\wamp64\\www\\laravel\\test\\vendor\\laravel\\framework\\src\\Illuminate\\Pipeline\\Pipeline.php(151): Fideloper\\Proxy\\TrustProxies->handle(Object(Illuminate\\Http\\Request), Object(Closure))
#38 E:\\wamp64\\www\\laravel\\test\\vendor\\laravel\\framework\\src\\Illuminate\\Routing\\Pipeline.php(53): Illuminate\\Pipeline\\Pipeline->Illuminate\\Pipeline\\{closure}(Object(Illuminate\\Http\\Request))
#39 E:\\wamp64\\www\\laravel\\test\\vendor\\laravel\\framework\\src\\Illuminate\\Foundation\\Http\\Middleware\\TransformsRequest.php(31): Illuminate\\Routing\\Pipeline->Illuminate\\Routing\\{closure}(Object(Illuminate\\Http\\Request))
#40 E:\\wamp64\\www\\laravel\\test\\vendor\\laravel\\framework\\src\\Illuminate\\Pipeline\\Pipeline.php(151): Illuminate\\Foundation\\Http\\Middleware\\TransformsRequest->handle(Object(Illuminate\\Http\\Request), Object(Closure))
#41 E:\\wamp64\\www\\laravel\\test\\vendor\\laravel\\framework\\src\\Illuminate\\Routing\\Pipeline.php(53): Illuminate\\Pipeline\\Pipeline->Illuminate\\Pipeline\\{closure}(Object(Illuminate\\Http\\Request))
#42 E:\\wamp64\\www\\laravel\\test\\vendor\\laravel\\framework\\src\\Illuminate\\Foundation\\Http\\Middleware\\TransformsRequest.php(31): Illuminate\\Routing\\Pipeline->Illuminate\\Routing\\{closure}(Object(Illuminate\\Http\\Request))
#43 E:\\wamp64\\www\\laravel\\test\\vendor\\laravel\\framework\\src\\Illuminate\\Pipeline\\Pipeline.php(151): Illuminate\\Foundation\\Http\\Middleware\\TransformsRequest->handle(Object(Illuminate\\Http\\Request), Object(Closure))
#44 E:\\wamp64\\www\\laravel\\test\\vendor\\laravel\\framework\\src\\Illuminate\\Routing\\Pipeline.php(53): Illuminate\\Pipeline\\Pipeline->Illuminate\\Pipeline\\{closure}(Object(Illuminate\\Http\\Request))
#45 E:\\wamp64\\www\\laravel\\test\\vendor\\laravel\\framework\\src\\Illuminate\\Foundation\\Http\\Middleware\\ValidatePostSize.php(27): Illuminate\\Routing\\Pipeline->Illuminate\\Routing\\{closure}(Object(Illuminate\\Http\\Request))
#46 E:\\wamp64\\www\\laravel\\test\\vendor\\laravel\\framework\\src\\Illuminate\\Pipeline\\Pipeline.php(151): Illuminate\\Foundation\\Http\\Middleware\\ValidatePostSize->handle(Object(Illuminate\\Http\\Request), Object(Closure))
#47 E:\\wamp64\\www\\laravel\\test\\vendor\\laravel\\framework\\src\\Illuminate\\Routing\\Pipeline.php(53): Illuminate\\Pipeline\\Pipeline->Illuminate\\Pipeline\\{closure}(Object(Illuminate\\Http\\Request))
#48 E:\\wamp64\\www\\laravel\\test\\vendor\\laravel\\framework\\src\\Illuminate\\Foundation\\Http\\Middleware\\CheckForMaintenanceMode.php(62): Illuminate\\Routing\\Pipeline->Illuminate\\Routing\\{closure}(Object(Illuminate\\Http\\Request))
#49 E:\\wamp64\\www\\laravel\\test\\vendor\\laravel\\framework\\src\\Illuminate\\Pipeline\\Pipeline.php(151): Illuminate\\Foundation\\Http\\Middleware\\CheckForMaintenanceMode->handle(Object(Illuminate\\Http\\Request), Object(Closure))
#50 E:\\wamp64\\www\\laravel\\test\\vendor\\laravel\\framework\\src\\Illuminate\\Routing\\Pipeline.php(53): Illuminate\\Pipeline\\Pipeline->Illuminate\\Pipeline\\{closure}(Object(Illuminate\\Http\\Request))
#51 E:\\wamp64\\www\\laravel\\test\\vendor\\laravel\\framework\\src\\Illuminate\\Pipeline\\Pipeline.php(104): Illuminate\\Routing\\Pipeline->Illuminate\\Routing\\{closure}(Object(Illuminate\\Http\\Request))
#52 E:\\wamp64\\www\\laravel\\test\\vendor\\laravel\\framework\\src\\Illuminate\\Foundation\\Http\\Kernel.php(151): Illuminate\\Pipeline\\Pipeline->then(Object(Closure))
#53 E:\\wamp64\\www\\laravel\\test\\vendor\\laravel\\framework\\src\\Illuminate\\Foundation\\Http\\Kernel.php(116): Illuminate\\Foundation\\Http\\Kernel->sendRequestThroughRouter(Object(Illuminate\\Http\\Request))
#54 E:\\wamp64\\www\\laravel\\test\\public\\index.php(55): Illuminate\\Foundation\\Http\\Kernel->handle(Object(Illuminate\\Http\\Request))
#55 {main}
"} 
