[2019-04-16 20:20:48] local.ERROR: There are no commands defined in the "make:" namespace.

Did you mean this?
    make {"exception":"[object] (Symfony\\Component\\Console\\Exception\\NamespaceNotFoundException(code: 0): There are no commands defined in the \"make:\" namespace.

Did you mean this?
    make at E:\\wamp64\\www\\laravel\\test\\vendor\\symfony\\console\\Application.php:578)
[stacktrace]
#0 E:\\wamp64\\www\\laravel\\test\\vendor\\symfony\\console\\Application.php(618): Symfony\\Component\\Console\\Application->findNamespace('make:')
#1 E:\\wamp64\\www\\laravel\\test\\vendor\\symfony\\console\\Application.php(226): Symfony\\Component\\Console\\Application->find('make::ReplyObse...')
#2 E:\\wamp64\\www\\laravel\\test\\vendor\\symfony\\console\\Application.php(145): Symfony\\Component\\Console\\Application->doRun(Object(Symfony\\Component\\Console\\Input\\ArgvInput), Object(Symfony\\Component\\Console\\Output\\ConsoleOutput))
#3 E:\\wamp64\\www\\laravel\\test\\vendor\\laravel\\framework\\src\\Illuminate\\Console\\Application.php(89): Symfony\\Component\\Console\\Application->run(Object(Symfony\\Component\\Console\\Input\\ArgvInput), Object(Symfony\\Component\\Console\\Output\\ConsoleOutput))
#4 E:\\wamp64\\www\\laravel\\test\\vendor\\laravel\\framework\\src\\Illuminate\\Foundation\\Console\\Kernel.php(122): Illuminate\\Console\\Application->run(Object(Symfony\\Component\\Console\\Input\\ArgvInput), Object(Symfony\\Component\\Console\\Output\\ConsoleOutput))
#5 E:\\wamp64\\www\\laravel\\test\\artisan(37): Illuminate\\Foundation\\Console\\Kernel->handle(Object(Symfony\\Component\\Console\\Input\\ArgvInput), Object(Symfony\\Component\\Console\\Output\\ConsoleOutput))
#6 {main}
"} 
[2019-04-16 20:21:07] local.ERROR: Command "make:ReplyObserver" is not defined.

Did you mean one of these?
    make:auth
    make:channel
    make:command
    make:controller
    make:event
    make:exception
    make:factory
    make:job
    make:listener
    make:mail
    make:middleware
    make:migration
    make:model
    make:notification
    make:observer
    make:policy
    make:provider
    make:request
    make:resource
    make:rule
    make:scaffold
    make:seeder
    make:test {"exception":"[object] (Symfony\\Component\\Console\\Exception\\CommandNotFoundException(code: 0): Command \"make:ReplyObserver\" is not defined.

Did you mean one of these?
    make:auth
    make:channel
    make:command
    make:controller
    make:event
    make:exception
    make:factory
    make:job
    make:listener
    make:mail
    make:middleware
    make:migration
    make:model
    make:notification
    make:observer
    make:policy
    make:provider
    make:request
    make:resource
    make:rule
    make:scaffold
    make:seeder
    make:test at E:\\wamp64\\www\\laravel\\test\\vendor\\symfony\\console\\Application.php:632)
[stacktrace]
#0 E:\\wamp64\\www\\laravel\\test\\vendor\\symfony\\console\\Application.php(226): Symfony\\Component\\Console\\Application->find('make:ReplyObser...')
#1 E:\\wamp64\\www\\laravel\\test\\vendor\\symfony\\console\\Application.php(145): Symfony\\Component\\Console\\Application->doRun(Object(Symfony\\Component\\Console\\Input\\ArgvInput), Object(Symfony\\Component\\Console\\Output\\ConsoleOutput))
#2 E:\\wamp64\\www\\laravel\\test\\vendor\\laravel\\framework\\src\\Illuminate\\Console\\Application.php(89): Symfony\\Component\\Console\\Application->run(Object(Symfony\\Component\\Console\\Input\\ArgvInput), Object(Symfony\\Component\\Console\\Output\\ConsoleOutput))
#3 E:\\wamp64\\www\\laravel\\test\\vendor\\laravel\\framework\\src\\Illuminate\\Foundation\\Console\\Kernel.php(122): Illuminate\\Console\\Application->run(Object(Symfony\\Component\\Console\\Input\\ArgvInput), Object(Symfony\\Component\\Console\\Output\\ConsoleOutput))
#4 E:\\wamp64\\www\\laravel\\test\\artisan(37): Illuminate\\Foundation\\Console\\Kernel->handle(Object(Symfony\\Component\\Console\\Input\\ArgvInput), Object(Symfony\\Component\\Console\\Output\\ConsoleOutput))
#5 {main}
"} 
[2019-04-16 20:30:48] local.ERROR: Trait 'App\Models\MustVerifyEmailTrait' not found {"exception":"[object] (Symfony\\Component\\Debug\\Exception\\FatalErrorException(code: 1): Trait 'App\\Models\\MustVerifyEmailTrait' not found at E:\\wamp64\\www\\laravel\\test\\app\\Models\\User.php:15)
[stacktrace]
#0 {main}
"} 
[2019-04-16 20:36:04] local.ERROR: Trait 'App\Models\MustVerifyEmailTrait' not found {"exception":"[object] (Symfony\\Component\\Debug\\Exception\\FatalErrorException(code: 1): Trait 'App\\Models\\MustVerifyEmailTrait' not found at E:\\wamp64\\www\\laravel\\test\\app\\Models\\User.php:15)
[stacktrace]
#0 {main}
"} 
[2019-04-16 20:36:05] local.ERROR: Trait 'App\Models\MustVerifyEmailTrait' not found {"exception":"[object] (Symfony\\Component\\Debug\\Exception\\FatalErrorException(code: 1): Trait 'App\\Models\\MustVerifyEmailTrait' not found at E:\\wamp64\\www\\laravel\\test\\app\\Models\\User.php:15)
[stacktrace]
#0 {main}
"} 
[2019-04-16 20:36:37] local.ERROR: Interface 'App\Models\MustVerifyEmailContract' not found {"exception":"[object] (Symfony\\Component\\Debug\\Exception\\FatalErrorException(code: 1): Interface 'App\\Models\\MustVerifyEmailContract' not found at E:\\wamp64\\www\\laravel\\test\\app\\Models\\User.php:10)
[stacktrace]
#0 {main}
"} 
[2019-04-16 20:38:09] local.ERROR: Trait 'App\Models\MustVerifyEmailTrait' not found {"exception":"[object] (Symfony\\Component\\Debug\\Exception\\FatalErrorException(code: 1): Trait 'App\\Models\\MustVerifyEmailTrait' not found at E:\\wamp64\\www\\laravel\\test\\app\\Models\\User.php:16)
[stacktrace]
#0 {main}
"} 
[2019-04-16 20:44:09] local.ERROR: Trait 'App\Models\MustVerifyEmailTrait' not found {"exception":"[object] (Symfony\\Component\\Debug\\Exception\\FatalErrorException(code: 1): Trait 'App\\Models\\MustVerifyEmailTrait' not found at E:\\wamp64\\www\\laravel\\test\\app\\Models\\User.php:17)
[stacktrace]
#0 {main}
"} 
[2019-04-16 21:24:15] local.ERROR: Call to undefined method App\Notifications\TopicReplied::observe() {"exception":"[object] (Symfony\\Component\\Debug\\Exception\\FatalThrowableError(code: 0): Call to undefined method App\\Notifications\\TopicReplied::observe() at E:\\wamp64\\www\\laravel\\test\\app\\Providers\\AppServiceProvider.php:19)
[stacktrace]
#0 [internal function]: App\\Providers\\AppServiceProvider->boot()
#1 E:\\wamp64\\www\\laravel\\test\\vendor\\laravel\\framework\\src\\Illuminate\\Container\\BoundMethod.php(29): call_user_func_array(Array, Array)
#2 E:\\wamp64\\www\\laravel\\test\\vendor\\laravel\\framework\\src\\Illuminate\\Container\\BoundMethod.php(87): Illuminate\\Container\\BoundMethod::Illuminate\\Container\\{closure}()
#3 E:\\wamp64\\www\\laravel\\test\\vendor\\laravel\\framework\\src\\Illuminate\\Container\\BoundMethod.php(31): Illuminate\\Container\\BoundMethod::callBoundMethod(Object(Illuminate\\Foundation\\Application), Array, Object(Closure))
#4 E:\\wamp64\\www\\laravel\\test\\vendor\\laravel\\framework\\src\\Illuminate\\Container\\Container.php(572): Illuminate\\Container\\BoundMethod::call(Object(Illuminate\\Foundation\\Application), Array, Array, NULL)
#5 E:\\wamp64\\www\\laravel\\test\\vendor\\laravel\\framework\\src\\Illuminate\\Foundation\\Application.php(795): Illuminate\\Container\\Container->call(Array)
#6 E:\\wamp64\\www\\laravel\\test\\vendor\\laravel\\framework\\src\\Illuminate\\Foundation\\Application.php(778): Illuminate\\Foundation\\Application->bootProvider(Object(App\\Providers\\AppServiceProvider))
#7 [internal function]: Illuminate\\Foundation\\Application->Illuminate\\Foundation\\{closure}(Object(App\\Providers\\AppServiceProvider), 23)
#8 E:\\wamp64\\www\\laravel\\test\\vendor\\laravel\\framework\\src\\Illuminate\\Foundation\\Application.php(779): array_walk(Array, Object(Closure))
#9 E:\\wamp64\\www\\laravel\\test\\vendor\\laravel\\framework\\src\\Illuminate\\Foundation\\Bootstrap\\BootProviders.php(17): Illuminate\\Foundation\\Application->boot()
#10 E:\\wamp64\\www\\laravel\\test\\vendor\\laravel\\framework\\src\\Illuminate\\Foundation\\Application.php(204): Illuminate\\Foundation\\Bootstrap\\BootProviders->bootstrap(Object(Illuminate\\Foundation\\Application))
#11 E:\\wamp64\\www\\laravel\\test\\vendor\\laravel\\framework\\src\\Illuminate\\Foundation\\Http\\Kernel.php(162): Illuminate\\Foundation\\Application->bootstrapWith(Array)
#12 E:\\wamp64\\www\\laravel\\test\\vendor\\laravel\\framework\\src\\Illuminate\\Foundation\\Http\\Kernel.php(146): Illuminate\\Foundation\\Http\\Kernel->bootstrap()
#13 E:\\wamp64\\www\\laravel\\test\\vendor\\laravel\\framework\\src\\Illuminate\\Foundation\\Http\\Kernel.php(116): Illuminate\\Foundation\\Http\\Kernel->sendRequestThroughRouter(Object(Illuminate\\Http\\Request))
#14 E:\\wamp64\\www\\laravel\\test\\public\\index.php(55): Illuminate\\Foundation\\Http\\Kernel->handle(Object(Illuminate\\Http\\Request))
#15 {main}
"} 
[2019-04-16 21:54:44] local.ERROR: Trait 'App\Models\MustVerifyEmailTrait' not found {"exception":"[object] (Symfony\\Component\\Debug\\Exception\\FatalErrorException(code: 1): Trait 'App\\Models\\MustVerifyEmailTrait' not found at E:\\wamp64\\www\\laravel\\test\\app\\Models\\User.php:16)
[stacktrace]
#0 {main}
"} 
[2019-04-16 21:56:01] local.ERROR: Trait 'App\Models\MustVerifyEmailTrait' not found {"exception":"[object] (Symfony\\Component\\Debug\\Exception\\FatalErrorException(code: 1): Trait 'App\\Models\\MustVerifyEmailTrait' not found at E:\\wamp64\\www\\laravel\\test\\app\\Models\\User.php:16)
[stacktrace]
#0 {main}
"} 
[2019-04-16 21:56:42] local.ERROR: Call to undefined method App\Notifications\TopicReplied::observe() {"exception":"[object] (Symfony\\Component\\Debug\\Exception\\FatalThrowableError(code: 0): Call to undefined method App\\Notifications\\TopicReplied::observe() at E:\\wamp64\\www\\laravel\\test\\app\\Providers\\AppServiceProvider.php:19)
[stacktrace]
#0 [internal function]: App\\Providers\\AppServiceProvider->boot()
#1 E:\\wamp64\\www\\laravel\\test\\vendor\\laravel\\framework\\src\\Illuminate\\Container\\BoundMethod.php(29): call_user_func_array(Array, Array)
#2 E:\\wamp64\\www\\laravel\\test\\vendor\\laravel\\framework\\src\\Illuminate\\Container\\BoundMethod.php(87): Illuminate\\Container\\BoundMethod::Illuminate\\Container\\{closure}()
#3 E:\\wamp64\\www\\laravel\\test\\vendor\\laravel\\framework\\src\\Illuminate\\Container\\BoundMethod.php(31): Illuminate\\Container\\BoundMethod::callBoundMethod(Object(Illuminate\\Foundation\\Application), Array, Object(Closure))
#4 E:\\wamp64\\www\\laravel\\test\\vendor\\laravel\\framework\\src\\Illuminate\\Container\\Container.php(572): Illuminate\\Container\\BoundMethod::call(Object(Illuminate\\Foundation\\Application), Array, Array, NULL)
#5 E:\\wamp64\\www\\laravel\\test\\vendor\\laravel\\framework\\src\\Illuminate\\Foundation\\Application.php(795): Illuminate\\Container\\Container->call(Array)
#6 E:\\wamp64\\www\\laravel\\test\\vendor\\laravel\\framework\\src\\Illuminate\\Foundation\\Application.php(778): Illuminate\\Foundation\\Application->bootProvider(Object(App\\Providers\\AppServiceProvider))
#7 [internal function]: Illuminate\\Foundation\\Application->Illuminate\\Foundation\\{closure}(Object(App\\Providers\\AppServiceProvider), 23)
#8 E:\\wamp64\\www\\laravel\\test\\vendor\\laravel\\framework\\src\\Illuminate\\Foundation\\Application.php(779): array_walk(Array, Object(Closure))
#9 E:\\wamp64\\www\\laravel\\test\\vendor\\laravel\\framework\\src\\Illuminate\\Foundation\\Bootstrap\\BootProviders.php(17): Illuminate\\Foundation\\Application->boot()
#10 E:\\wamp64\\www\\laravel\\test\\vendor\\laravel\\framework\\src\\Illuminate\\Foundation\\Application.php(204): Illuminate\\Foundation\\Bootstrap\\BootProviders->bootstrap(Object(Illuminate\\Foundation\\Application))
#11 E:\\wamp64\\www\\laravel\\test\\vendor\\laravel\\framework\\src\\Illuminate\\Foundation\\Console\\Kernel.php(297): Illuminate\\Foundation\\Application->bootstrapWith(Array)
#12 E:\\wamp64\\www\\laravel\\test\\vendor\\laravel\\framework\\src\\Illuminate\\Foundation\\Console\\Kernel.php(120): Illuminate\\Foundation\\Console\\Kernel->bootstrap()
#13 E:\\wamp64\\www\\laravel\\test\\artisan(37): Illuminate\\Foundation\\Console\\Kernel->handle(Object(Symfony\\Component\\Console\\Input\\ArgvInput), Object(Symfony\\Component\\Console\\Output\\ConsoleOutput))
#14 {main}
"} 
[2019-04-16 21:59:40] local.ERROR: syntax error, unexpected 'extends' (T_EXTENDS), expecting '{' {"exception":"[object] (Symfony\\Component\\Debug\\Exception\\FatalThrowableError(code: 0): syntax error, unexpected 'extends' (T_EXTENDS), expecting '{' at E:\\wamp64\\www\\laravel\\test\\app\\Models\\User.php:9)
[stacktrace]
#0 E:\\wamp64\\www\\laravel\\test\\vendor\\composer\\ClassLoader.php(322): Composer\\Autoload\\includeFile('E:\\\\wamp64\\\\www\\\\l...')
#1 [internal function]: Composer\\Autoload\\ClassLoader->loadClass('App\\\\Models\\\\User')
#2 E:\\wamp64\\www\\laravel\\test\\app\\Providers\\AppServiceProvider.php(17): spl_autoload_call('App\\\\Models\\\\User')
#3 [internal function]: App\\Providers\\AppServiceProvider->boot()
#4 E:\\wamp64\\www\\laravel\\test\\vendor\\laravel\\framework\\src\\Illuminate\\Container\\BoundMethod.php(29): call_user_func_array(Array, Array)
#5 E:\\wamp64\\www\\laravel\\test\\vendor\\laravel\\framework\\src\\Illuminate\\Container\\BoundMethod.php(87): Illuminate\\Container\\BoundMethod::Illuminate\\Container\\{closure}()
#6 E:\\wamp64\\www\\laravel\\test\\vendor\\laravel\\framework\\src\\Illuminate\\Container\\BoundMethod.php(31): Illuminate\\Container\\BoundMethod::callBoundMethod(Object(Illuminate\\Foundation\\Application), Array, Object(Closure))
#7 E:\\wamp64\\www\\laravel\\test\\vendor\\laravel\\framework\\src\\Illuminate\\Container\\Container.php(572): Illuminate\\Container\\BoundMethod::call(Object(Illuminate\\Foundation\\Application), Array, Array, NULL)
#8 E:\\wamp64\\www\\laravel\\test\\vendor\\laravel\\framework\\src\\Illuminate\\Foundation\\Application.php(795): Illuminate\\Container\\Container->call(Array)
#9 E:\\wamp64\\www\\laravel\\test\\vendor\\laravel\\framework\\src\\Illuminate\\Foundation\\Application.php(778): Illuminate\\Foundation\\Application->bootProvider(Object(App\\Providers\\AppServiceProvider))
#10 [internal function]: Illuminate\\Foundation\\Application->Illuminate\\Foundation\\{closure}(Object(App\\Providers\\AppServiceProvider), 23)
#11 E:\\wamp64\\www\\laravel\\test\\vendor\\laravel\\framework\\src\\Illuminate\\Foundation\\Application.php(779): array_walk(Array, Object(Closure))
#12 E:\\wamp64\\www\\laravel\\test\\vendor\\laravel\\framework\\src\\Illuminate\\Foundation\\Bootstrap\\BootProviders.php(17): Illuminate\\Foundation\\Application->boot()
#13 E:\\wamp64\\www\\laravel\\test\\vendor\\laravel\\framework\\src\\Illuminate\\Foundation\\Application.php(204): Illuminate\\Foundation\\Bootstrap\\BootProviders->bootstrap(Object(Illuminate\\Foundation\\Application))
#14 E:\\wamp64\\www\\laravel\\test\\vendor\\laravel\\framework\\src\\Illuminate\\Foundation\\Http\\Kernel.php(162): Illuminate\\Foundation\\Application->bootstrapWith(Array)
#15 E:\\wamp64\\www\\laravel\\test\\vendor\\laravel\\framework\\src\\Illuminate\\Foundation\\Http\\Kernel.php(146): Illuminate\\Foundation\\Http\\Kernel->bootstrap()
#16 E:\\wamp64\\www\\laravel\\test\\vendor\\laravel\\framework\\src\\Illuminate\\Foundation\\Http\\Kernel.php(116): Illuminate\\Foundation\\Http\\Kernel->sendRequestThroughRouter(Object(Illuminate\\Http\\Request))
#17 E:\\wamp64\\www\\laravel\\test\\public\\index.php(55): Illuminate\\Foundation\\Http\\Kernel->handle(Object(Illuminate\\Http\\Request))
#18 {main}
"} 
[2019-04-16 21:59:53] local.ERROR: Interface 'App\Models\MustVerifyEmailContract' not found {"exception":"[object] (Symfony\\Component\\Debug\\Exception\\FatalErrorException(code: 1): Interface 'App\\Models\\MustVerifyEmailContract' not found at E:\\wamp64\\www\\laravel\\test\\app\\Models\\User.php:9)
[stacktrace]
#0 {main}
"} 
[2019-04-16 22:21:15] local.ERROR: Cannot declare class App\Observers\ReplyObserver, because the name is already in use {"exception":"[object] (Symfony\\Component\\Debug\\Exception\\FatalErrorException(code: 64): Cannot declare class App\\Observers\\ReplyObserver, because the name is already in use at E:\\wamp64\\www\\laravel\\test\\app\\Observers\\UploadObserver.php:6)
[stacktrace]
#0 {main}
"} 
[2019-04-16 22:21:48] local.ERROR: Cannot declare class App\Observers\ReplyObserver, because the name is already in use {"exception":"[object] (Symfony\\Component\\Debug\\Exception\\FatalErrorException(code: 64): Cannot declare class App\\Observers\\ReplyObserver, because the name is already in use at E:\\wamp64\\www\\laravel\\test\\app\\Observers\\UploadObserver.php:6)
[stacktrace]
#0 {main}
"} 
[2019-04-16 22:26:15] local.ERROR: Argument 1 passed to App\Observers\UploadObserver::created() must be an instance of App\Observers\Upload, instance of App\Models\Upload given {"userId":6,"email":"12345678@qq.com","exception":"[object] (Symfony\\Component\\Debug\\Exception\\FatalThrowableError(code: 0): Argument 1 passed to App\\Observers\\UploadObserver::created() must be an instance of App\\Observers\\Upload, instance of App\\Models\\Upload given at E:\\wamp64\\www\\laravel\\test\\app\\Observers\\UploadObserver.php:9)
[stacktrace]
#0 [internal function]: App\\Observers\\UploadObserver->created(Object(App\\Models\\Upload))
#1 E:\\wamp64\\www\\laravel\\test\\vendor\\laravel\\framework\\src\\Illuminate\\Events\\Dispatcher.php(379): call_user_func_array(Array, Array)
#2 E:\\wamp64\\www\\laravel\\test\\vendor\\laravel\\framework\\src\\Illuminate\\Events\\Dispatcher.php(209): Illuminate\\Events\\Dispatcher->Illuminate\\Events\\{closure}('eloquent.create...', Array)
#3 E:\\wamp64\\www\\laravel\\test\\vendor\\laravel\\framework\\src\\Illuminate\\Database\\Eloquent\\Concerns\\HasEvents.php(162): Illuminate\\Events\\Dispatcher->dispatch('eloquent.create...', Array)
#4 E:\\wamp64\\www\\laravel\\test\\vendor\\laravel\\framework\\src\\Illuminate\\Database\\Eloquent\\Model.php(809): Illuminate\\Database\\Eloquent\\Model->fireModelEvent('created', false)
#5 E:\\wamp64\\www\\laravel\\test\\vendor\\laravel\\framework\\src\\Illuminate\\Database\\Eloquent\\Model.php(651): Illuminate\\Database\\Eloquent\\Model->performInsert(Object(Illuminate\\Database\\Eloquent\\Builder))
#6 E:\\wamp64\\www\\laravel\\test\\app\\Http\\Controllers\\UploadController.php(56): Illuminate\\Database\\Eloquent\\Model->save()
#7 [internal function]: App\\Http\\Controllers\\UploadController->load(Object(Illuminate\\Http\\Request), Object(App\\Models\\User))
#8 E:\\wamp64\\www\\laravel\\test\\vendor\\laravel\\framework\\src\\Illuminate\\Routing\\Controller.php(54): call_user_func_array(Array, Array)
#9 E:\\wamp64\\www\\laravel\\test\\vendor\\laravel\\framework\\src\\Illuminate\\Routing\\ControllerDispatcher.php(45): Illuminate\\Routing\\Controller->callAction('load', Array)
#10 E:\\wamp64\\www\\laravel\\test\\vendor\\laravel\\framework\\src\\Illuminate\\Routing\\Route.php(212): Illuminate\\Routing\\ControllerDispatcher->dispatch(Object(Illuminate\\Routing\\Route), Object(App\\Http\\Controllers\\UploadController), 'load')
#11 E:\\wamp64\\www\\laravel\\test\\vendor\\laravel\\framework\\src\\Illuminate\\Routing\\Route.php(169): Illuminate\\Routing\\Route->runController()
#12 E:\\wamp64\\www\\laravel\\test\\vendor\\laravel\\framework\\src\\Illuminate\\Routing\\Router.php(682): Illuminate\\Routing\\Route->run()
#13 E:\\wamp64\\www\\laravel\\test\\vendor\\laravel\\framework\\src\\Illuminate\\Routing\\Pipeline.php(30): Illuminate\\Routing\\Router->Illuminate\\Routing\\{closure}(Object(Illuminate\\Http\\Request))
#14 E:\\wamp64\\www\\laravel\\test\\vendor\\laravel\\framework\\src\\Illuminate\\Routing\\Middleware\\SubstituteBindings.php(41): Illuminate\\Routing\\Pipeline->Illuminate\\Routing\\{closure}(Object(Illuminate\\Http\\Request))
#15 E:\\wamp64\\www\\laravel\\test\\vendor\\laravel\\framework\\src\\Illuminate\\Pipeline\\Pipeline.php(151): Illuminate\\Routing\\Middleware\\SubstituteBindings->handle(Object(Illuminate\\Http\\Request), Object(Closure))
#16 E:\\wamp64\\www\\laravel\\test\\vendor\\laravel\\framework\\src\\Illuminate\\Routing\\Pipeline.php(53): Illuminate\\Pipeline\\Pipeline->Illuminate\\Pipeline\\{closure}(Object(Illuminate\\Http\\Request))
#17 E:\\wamp64\\www\\laravel\\test\\vendor\\laravel\\framework\\src\\Illuminate\\Foundation\\Http\\Middleware\\VerifyCsrfToken.php(75): Illuminate\\Routing\\Pipeline->Illuminate\\Routing\\{closure}(Object(Illuminate\\Http\\Request))
#18 E:\\wamp64\\www\\laravel\\test\\vendor\\laravel\\framework\\src\\Illuminate\\Pipeline\\Pipeline.php(151): Illuminate\\Foundation\\Http\\Middleware\\VerifyCsrfToken->handle(Object(Illuminate\\Http\\Request), Object(Closure))
#19 E:\\wamp64\\www\\laravel\\test\\vendor\\laravel\\framework\\src\\Illuminate\\Routing\\Pipeline.php(53): Illuminate\\Pipeline\\Pipeline->Illuminate\\Pipeline\\{closure}(Object(Illuminate\\Http\\Request))
#20 E:\\wamp64\\www\\laravel\\test\\vendor\\laravel\\framework\\src\\Illuminate\\View\\Middleware\\ShareErrorsFromSession.php(49): Illuminate\\Routing\\Pipeline->Illuminate\\Routing\\{closure}(Object(Illuminate\\Http\\Request))
#21 E:\\wamp64\\www\\laravel\\test\\vendor\\laravel\\framework\\src\\Illuminate\\Pipeline\\Pipeline.php(151): Illuminate\\View\\Middleware\\ShareErrorsFromSession->handle(Object(Illuminate\\Http\\Request), Object(Closure))
#22 E:\\wamp64\\www\\laravel\\test\\vendor\\laravel\\framework\\src\\Illuminate\\Routing\\Pipeline.php(53): Illuminate\\Pipeline\\Pipeline->Illuminate\\Pipeline\\{closure}(Object(Illuminate\\Http\\Request))
#23 E:\\wamp64\\www\\laravel\\test\\vendor\\laravel\\framework\\src\\Illuminate\\Session\\Middleware\\StartSession.php(63): Illuminate\\Routing\\Pipeline->Illuminate\\Routing\\{closure}(Object(Illuminate\\Http\\Request))
#24 E:\\wamp64\\www\\laravel\\test\\vendor\\laravel\\framework\\src\\Illuminate\\Pipeline\\Pipeline.php(151): Illuminate\\Session\\Middleware\\StartSession->handle(Object(Illuminate\\Http\\Request), Object(Closure))
#25 E:\\wamp64\\www\\laravel\\test\\vendor\\laravel\\framework\\src\\Illuminate\\Routing\\Pipeline.php(53): Illuminate\\Pipeline\\Pipeline->Illuminate\\Pipeline\\{closure}(Object(Illuminate\\Http\\Request))
#26 E:\\wamp64\\www\\laravel\\test\\vendor\\laravel\\framework\\src\\Illuminate\\Cookie\\Middleware\\AddQueuedCookiesToResponse.php(37): Illuminate\\Routing\\Pipeline->Illuminate\\Routing\\{closure}(Object(Illuminate\\Http\\Request))
#27 E:\\wamp64\\www\\laravel\\test\\vendor\\laravel\\framework\\src\\Illuminate\\Pipeline\\Pipeline.php(151): Illuminate\\Cookie\\Middleware\\AddQueuedCookiesToResponse->handle(Object(Illuminate\\Http\\Request), Object(Closure))
#28 E:\\wamp64\\www\\laravel\\test\\vendor\\laravel\\framework\\src\\Illuminate\\Routing\\Pipeline.php(53): Illuminate\\Pipeline\\Pipeline->Illuminate\\Pipeline\\{closure}(Object(Illuminate\\Http\\Request))
#29 E:\\wamp64\\www\\laravel\\test\\vendor\\laravel\\framework\\src\\Illuminate\\Cookie\\Middleware\\EncryptCookies.php(66): Illuminate\\Routing\\Pipeline->Illuminate\\Routing\\{closure}(Object(Illuminate\\Http\\Request))
#30 E:\\wamp64\\www\\laravel\\test\\vendor\\laravel\\framework\\src\\Illuminate\\Pipeline\\Pipeline.php(151): Illuminate\\Cookie\\Middleware\\EncryptCookies->handle(Object(Illuminate\\Http\\Request), Object(Closure))
#31 E:\\wamp64\\www\\laravel\\test\\vendor\\laravel\\framework\\src\\Illuminate\\Routing\\Pipeline.php(53): Illuminate\\Pipeline\\Pipeline->Illuminate\\Pipeline\\{closure}(Object(Illuminate\\Http\\Request))
#32 E:\\wamp64\\www\\laravel\\test\\vendor\\laravel\\framework\\src\\Illuminate\\Pipeline\\Pipeline.php(104): Illuminate\\Routing\\Pipeline->Illuminate\\Routing\\{closure}(Object(Illuminate\\Http\\Request))
#33 E:\\wamp64\\www\\laravel\\test\\vendor\\laravel\\framework\\src\\Illuminate\\Routing\\Router.php(684): Illuminate\\Pipeline\\Pipeline->then(Object(Closure))
#34 E:\\wamp64\\www\\laravel\\test\\vendor\\laravel\\framework\\src\\Illuminate\\Routing\\Router.php(659): Illuminate\\Routing\\Router->runRouteWithinStack(Object(Illuminate\\Routing\\Route), Object(Illuminate\\Http\\Request))
#35 E:\\wamp64\\www\\laravel\\test\\vendor\\laravel\\framework\\src\\Illuminate\\Routing\\Router.php(625): Illuminate\\Routing\\Router->runRoute(Object(Illuminate\\Http\\Request), Object(Illuminate\\Routing\\Route))
#36 E:\\wamp64\\www\\laravel\\test\\vendor\\laravel\\framework\\src\\Illuminate\\Routing\\Router.php(614): Illuminate\\Routing\\Router->dispatchToRoute(Object(Illuminate\\Http\\Request))
#37 E:\\wamp64\\www\\laravel\\test\\vendor\\laravel\\framework\\src\\Illuminate\\Foundation\\Http\\Kernel.php(176): Illuminate\\Routing\\Router->dispatch(Object(Illuminate\\Http\\Request))
#38 E:\\wamp64\\www\\laravel\\test\\vendor\\laravel\\framework\\src\\Illuminate\\Routing\\Pipeline.php(30): Illuminate\\Foundation\\Http\\Kernel->Illuminate\\Foundation\\Http\\{closure}(Object(Illuminate\\Http\\Request))
#39 E:\\wamp64\\www\\laravel\\test\\vendor\\barryvdh\\laravel-debugbar\\src\\Middleware\\InjectDebugbar.php(65): Illuminate\\Routing\\Pipeline->Illuminate\\Routing\\{closure}(Object(Illuminate\\Http\\Request))
#40 E:\\wamp64\\www\\laravel\\test\\vendor\\laravel\\framework\\src\\Illuminate\\Pipeline\\Pipeline.php(151): Barryvdh\\Debugbar\\Middleware\\InjectDebugbar->handle(Object(Illuminate\\Http\\Request), Object(Closure))
#41 E:\\wamp64\\www\\laravel\\test\\vendor\\laravel\\framework\\src\\Illuminate\\Routing\\Pipeline.php(53): Illuminate\\Pipeline\\Pipeline->Illuminate\\Pipeline\\{closure}(Object(Illuminate\\Http\\Request))
#42 E:\\wamp64\\www\\laravel\\test\\vendor\\fideloper\\proxy\\src\\TrustProxies.php(57): Illuminate\\Routing\\Pipeline->Illuminate\\Routing\\{closure}(Object(Illuminate\\Http\\Request))
#43 E:\\wamp64\\www\\laravel\\test\\vendor\\laravel\\framework\\src\\Illuminate\\Pipeline\\Pipeline.php(151): Fideloper\\Proxy\\TrustProxies->handle(Object(Illuminate\\Http\\Request), Object(Closure))
#44 E:\\wamp64\\www\\laravel\\test\\vendor\\laravel\\framework\\src\\Illuminate\\Routing\\Pipeline.php(53): Illuminate\\Pipeline\\Pipeline->Illuminate\\Pipeline\\{closure}(Object(Illuminate\\Http\\Request))
#45 E:\\wamp64\\www\\laravel\\test\\vendor\\laravel\\framework\\src\\Illuminate\\Foundation\\Http\\Middleware\\TransformsRequest.php(31): Illuminate\\Routing\\Pipeline->Illuminate\\Routing\\{closure}(Object(Illuminate\\Http\\Request))
#46 E:\\wamp64\\www\\laravel\\test\\vendor\\laravel\\framework\\src\\Illuminate\\Pipeline\\Pipeline.php(151): Illuminate\\Foundation\\Http\\Middleware\\TransformsRequest->handle(Object(Illuminate\\Http\\Request), Object(Closure))
#47 E:\\wamp64\\www\\laravel\\test\\vendor\\laravel\\framework\\src\\Illuminate\\Routing\\Pipeline.php(53): Illuminate\\Pipeline\\Pipeline->Illuminate\\Pipeline\\{closure}(Object(Illuminate\\Http\\Request))
#48 E:\\wamp64\\www\\laravel\\test\\vendor\\laravel\\framework\\src\\Illuminate\\Foundation\\Http\\Middleware\\TransformsRequest.php(31): Illuminate\\Routing\\Pipeline->Illuminate\\Routing\\{closure}(Object(Illuminate\\Http\\Request))
#49 E:\\wamp64\\www\\laravel\\test\\vendor\\laravel\\framework\\src\\Illuminate\\Pipeline\\Pipeline.php(151): Illuminate\\Foundation\\Http\\Middleware\\TransformsRequest->handle(Object(Illuminate\\Http\\Request), Object(Closure))
#50 E:\\wamp64\\www\\laravel\\test\\vendor\\laravel\\framework\\src\\Illuminate\\Routing\\Pipeline.php(53): Illuminate\\Pipeline\\Pipeline->Illuminate\\Pipeline\\{closure}(Object(Illuminate\\Http\\Request))
#51 E:\\wamp64\\www\\laravel\\test\\vendor\\laravel\\framework\\src\\Illuminate\\Foundation\\Http\\Middleware\\ValidatePostSize.php(27): Illuminate\\Routing\\Pipeline->Illuminate\\Routing\\{closure}(Object(Illuminate\\Http\\Request))
#52 E:\\wamp64\\www\\laravel\\test\\vendor\\laravel\\framework\\src\\Illuminate\\Pipeline\\Pipeline.php(151): Illuminate\\Foundation\\Http\\Middleware\\ValidatePostSize->handle(Object(Illuminate\\Http\\Request), Object(Closure))
#53 E:\\wamp64\\www\\laravel\\test\\vendor\\laravel\\framework\\src\\Illuminate\\Routing\\Pipeline.php(53): Illuminate\\Pipeline\\Pipeline->Illuminate\\Pipeline\\{closure}(Object(Illuminate\\Http\\Request))
#54 E:\\wamp64\\www\\laravel\\test\\vendor\\laravel\\framework\\src\\Illuminate\\Foundation\\Http\\Middleware\\CheckForMaintenanceMode.php(62): Illuminate\\Routing\\Pipeline->Illuminate\\Routing\\{closure}(Object(Illuminate\\Http\\Request))
#55 E:\\wamp64\\www\\laravel\\test\\vendor\\laravel\\framework\\src\\Illuminate\\Pipeline\\Pipeline.php(151): Illuminate\\Foundation\\Http\\Middleware\\CheckForMaintenanceMode->handle(Object(Illuminate\\Http\\Request), Object(Closure))
#56 E:\\wamp64\\www\\laravel\\test\\vendor\\laravel\\framework\\src\\Illuminate\\Routing\\Pipeline.php(53): Illuminate\\Pipeline\\Pipeline->Illuminate\\Pipeline\\{closure}(Object(Illuminate\\Http\\Request))
#57 E:\\wamp64\\www\\laravel\\test\\vendor\\laravel\\framework\\src\\Illuminate\\Pipeline\\Pipeline.php(104): Illuminate\\Routing\\Pipeline->Illuminate\\Routing\\{closure}(Object(Illuminate\\Http\\Request))
#58 E:\\wamp64\\www\\laravel\\test\\vendor\\laravel\\framework\\src\\Illuminate\\Foundation\\Http\\Kernel.php(151): Illuminate\\Pipeline\\Pipeline->then(Object(Closure))
#59 E:\\wamp64\\www\\laravel\\test\\vendor\\laravel\\framework\\src\\Illuminate\\Foundation\\Http\\Kernel.php(116): Illuminate\\Foundation\\Http\\Kernel->sendRequestThroughRouter(Object(Illuminate\\Http\\Request))
#60 E:\\wamp64\\www\\laravel\\test\\public\\index.php(55): Illuminate\\Foundation\\Http\\Kernel->handle(Object(Illuminate\\Http\\Request))
#61 {main}
"} 
[2019-04-16 22:54:21] local.ERROR: Undefined variable: topic (View: E:\wamp64\www\laravel\test\resources\views\users\apply.blade.php) {"userId":6,"email":"12345678@qq.com","exception":"[object] (ErrorException(code: 0): Undefined variable: topic (View: E:\\wamp64\\www\\laravel\\test\esources\\views\\users\\apply.blade.php) at E:\\wamp64\\www\\laravel\\test\\storage\\framework\\views\\7ab5999564d3c7c39a6bcb058cdbe3334c81f338.php:35, ErrorException(code: 0): Undefined variable: topic at E:\\wamp64\\www\\laravel\\test\\storage\\framework\\views\\7ab5999564d3c7c39a6bcb058cdbe3334c81f338.php:35)
[stacktrace]
#0 E:\\wamp64\\www\\laravel\\test\\vendor\\laravel\\framework\\src\\Illuminate\\View\\Engines\\PhpEngine.php(45): Illuminate\\View\\Engines\\CompilerEngine->handleViewException(Object(ErrorException), 1)
#1 E:\\wamp64\\www\\laravel\\test\\vendor\\laravel\\framework\\src\\Illuminate\\View\\Engines\\CompilerEngine.php(59): Illuminate\\View\\Engines\\PhpEngine->evaluatePath('E:\\\\wamp64\\\\www\\\\l...', Array)
#2 E:\\wamp64\\www\\laravel\\test\\vendor\\laravel\\framework\\src\\Illuminate\\View\\View.php(142): Illuminate\\View\\Engines\\CompilerEngine->get('E:\\\\wamp64\\\\www\\\\l...', Array)
#3 E:\\wamp64\\www\\laravel\\test\\vendor\\laravel\\framework\\src\\Illuminate\\View\\View.php(125): Illuminate\\View\\View->getContents()
#4 E:\\wamp64\\www\\laravel\\test\\vendor\\laravel\\framework\\src\\Illuminate\\View\\View.php(90): Illuminate\\View\\View->renderContents()
#5 E:\\wamp64\\www\\laravel\\test\\vendor\\laravel\\framework\\src\\Illuminate\\Http\\Response.php(42): Illuminate\\View\\View->render()
#6 E:\\wamp64\\www\\laravel\\test\\vendor\\symfony\\http-foundation\\Response.php(202): Illuminate\\Http\\Response->setContent(Object(Illuminate\\View\\View))
#7 E:\\wamp64\\www\\laravel\\test\\vendor\\laravel\\framework\\src\\Illuminate\\Routing\\Router.php(750): Symfony\\Component\\HttpFoundation\\Response->__construct(Object(Illuminate\\View\\View))
#8 E:\\wamp64\\www\\laravel\\test\\vendor\\laravel\\framework\\src\\Illuminate\\Routing\\Router.php(722): Illuminate\\Routing\\Router::toResponse(Object(Illuminate\\Http\\Request), Object(Illuminate\\View\\View))
#9 E:\\wamp64\\www\\laravel\\test\\vendor\\laravel\\framework\\src\\Illuminate\\Routing\\Router.php(682): Illuminate\\Routing\\Router->prepareResponse(Object(Illuminate\\Http\\Request), Object(Illuminate\\View\\View))
#10 E:\\wamp64\\www\\laravel\\test\\vendor\\laravel\\framework\\src\\Illuminate\\Routing\\Pipeline.php(30): Illuminate\\Routing\\Router->Illuminate\\Routing\\{closure}(Object(Illuminate\\Http\\Request))
#11 E:\\wamp64\\www\\laravel\\test\\vendor\\laravel\\framework\\src\\Illuminate\\Routing\\Middleware\\SubstituteBindings.php(41): Illuminate\\Routing\\Pipeline->Illuminate\\Routing\\{closure}(Object(Illuminate\\Http\\Request))
#12 E:\\wamp64\\www\\laravel\\test\\vendor\\laravel\\framework\\src\\Illuminate\\Pipeline\\Pipeline.php(151): Illuminate\\Routing\\Middleware\\SubstituteBindings->handle(Object(Illuminate\\Http\\Request), Object(Closure))
#13 E:\\wamp64\\www\\laravel\\test\\vendor\\laravel\\framework\\src\\Illuminate\\Routing\\Pipeline.php(53): Illuminate\\Pipeline\\Pipeline->Illuminate\\Pipeline\\{closure}(Object(Illuminate\\Http\\Request))
#14 E:\\wamp64\\www\\laravel\\test\\vendor\\laravel\\framework\\src\\Illuminate\\Auth\\Middleware\\Authenticate.php(43): Illuminate\\Routing\\Pipeline->Illuminate\\Routing\\{closure}(Object(Illuminate\\Http\\Request))
#15 E:\\wamp64\\www\\laravel\\test\\vendor\\laravel\\framework\\src\\Illuminate\\Pipeline\\Pipeline.php(151): Illuminate\\Auth\\Middleware\\Authenticate->handle(Object(Illuminate\\Http\\Request), Object(Closure))
#16 E:\\wamp64\\www\\laravel\\test\\vendor\\laravel\\framework\\src\\Illuminate\\Routing\\Pipeline.php(53): Illuminate\\Pipeline\\Pipeline->Illuminate\\Pipeline\\{closure}(Object(Illuminate\\Http\\Request))
#17 E:\\wamp64\\www\\laravel\\test\\vendor\\laravel\\framework\\src\\Illuminate\\Foundation\\Http\\Middleware\\VerifyCsrfToken.php(75): Illuminate\\Routing\\Pipeline->Illuminate\\Routing\\{closure}(Object(Illuminate\\Http\\Request))
#18 E:\\wamp64\\www\\laravel\\test\\vendor\\laravel\\framework\\src\\Illuminate\\Pipeline\\Pipeline.php(151): Illuminate\\Foundation\\Http\\Middleware\\VerifyCsrfToken->handle(Object(Illuminate\\Http\\Request), Object(Closure))
#19 E:\\wamp64\\www\\laravel\\test\\vendor\\laravel\\framework\\src\\Illuminate\\Routing\\Pipeline.php(53): Illuminate\\Pipeline\\Pipeline->Illuminate\\Pipeline\\{closure}(Object(Illuminate\\Http\\Request))
#20 E:\\wamp64\\www\\laravel\\test\\vendor\\laravel\\framework\\src\\Illuminate\\View\\Middleware\\ShareErrorsFromSession.php(49): Illuminate\\Routing\\Pipeline->Illuminate\\Routing\\{closure}(Object(Illuminate\\Http\\Request))
#21 E:\\wamp64\\www\\laravel\\test\\vendor\\laravel\\framework\\src\\Illuminate\\Pipeline\\Pipeline.php(151): Illuminate\\View\\Middleware\\ShareErrorsFromSession->handle(Object(Illuminate\\Http\\Request), Object(Closure))
#22 E:\\wamp64\\www\\laravel\\test\\vendor\\laravel\\framework\\src\\Illuminate\\Routing\\Pipeline.php(53): Illuminate\\Pipeline\\Pipeline->Illuminate\\Pipeline\\{closure}(Object(Illuminate\\Http\\Request))
#23 E:\\wamp64\\www\\laravel\\test\\vendor\\laravel\\framework\\src\\Illuminate\\Session\\Middleware\\StartSession.php(63): Illuminate\\Routing\\Pipeline->Illuminate\\Routing\\{closure}(Object(Illuminate\\Http\\Request))
#24 E:\\wamp64\\www\\laravel\\test\\vendor\\laravel\\framework\\src\\Illuminate\\Pipeline\\Pipeline.php(151): Illuminate\\Session\\Middleware\\StartSession->handle(Object(Illuminate\\Http\\Request), Object(Closure))
#25 E:\\wamp64\\www\\laravel\\test\\vendor\\laravel\\framework\\src\\Illuminate\\Routing\\Pipeline.php(53): Illuminate\\Pipeline\\Pipeline->Illuminate\\Pipeline\\{closure}(Object(Illuminate\\Http\\Request))
#26 E:\\wamp64\\www\\laravel\\test\\vendor\\laravel\\framework\\src\\Illuminate\\Cookie\\Middleware\\AddQueuedCookiesToResponse.php(37): Illuminate\\Routing\\Pipeline->Illuminate\\Routing\\{closure}(Object(Illuminate\\Http\\Request))
#27 E:\\wamp64\\www\\laravel\\test\\vendor\\laravel\\framework\\src\\Illuminate\\Pipeline\\Pipeline.php(151): Illuminate\\Cookie\\Middleware\\AddQueuedCookiesToResponse->handle(Object(Illuminate\\Http\\Request), Object(Closure))
#28 E:\\wamp64\\www\\laravel\\test\\vendor\\laravel\\framework\\src\\Illuminate\\Routing\\Pipeline.php(53): Illuminate\\Pipeline\\Pipeline->Illuminate\\Pipeline\\{closure}(Object(Illuminate\\Http\\Request))
#29 E:\\wamp64\\www\\laravel\\test\\vendor\\laravel\\framework\\src\\Illuminate\\Cookie\\Middleware\\EncryptCookies.php(66): Illuminate\\Routing\\Pipeline->Illuminate\\Routing\\{closure}(Object(Illuminate\\Http\\Request))
#30 E:\\wamp64\\www\\laravel\\test\\vendor\\laravel\\framework\\src\\Illuminate\\Pipeline\\Pipeline.php(151): Illuminate\\Cookie\\Middleware\\EncryptCookies->handle(Object(Illuminate\\Http\\Request), Object(Closure))
#31 E:\\wamp64\\www\\laravel\\test\\vendor\\laravel\\framework\\src\\Illuminate\\Routing\\Pipeline.php(53): Illuminate\\Pipeline\\Pipeline->Illuminate\\Pipeline\\{closure}(Object(Illuminate\\Http\\Request))
#32 E:\\wamp64\\www\\laravel\\test\\vendor\\laravel\\framework\\src\\Illuminate\\Pipeline\\Pipeline.php(104): Illuminate\\Routing\\Pipeline->Illuminate\\Routing\\{closure}(Object(Illuminate\\Http\\Request))
#33 E:\\wamp64\\www\\laravel\\test\\vendor\\laravel\\framework\\src\\Illuminate\\Routing\\Router.php(684): Illuminate\\Pipeline\\Pipeline->then(Object(Closure))
#34 E:\\wamp64\\www\\laravel\\test\\vendor\\laravel\\framework\\src\\Illuminate\\Routing\\Router.php(659): Illuminate\\Routing\\Router->runRouteWithinStack(Object(Illuminate\\Routing\\Route), Object(Illuminate\\Http\\Request))
#35 E:\\wamp64\\www\\laravel\\test\\vendor\\laravel\\framework\\src\\Illuminate\\Routing\\Router.php(625): Illuminate\\Routing\\Router->runRoute(Object(Illuminate\\Http\\Request), Object(Illuminate\\Routing\\Route))
#36 E:\\wamp64\\www\\laravel\\test\\vendor\\laravel\\framework\\src\\Illuminate\\Routing\\Router.php(614): Illuminate\\Routing\\Router->dispatchToRoute(Object(Illuminate\\Http\\Request))
#37 E:\\wamp64\\www\\laravel\\test\\vendor\\laravel\\framework\\src\\Illuminate\\Foundation\\Http\\Kernel.php(176): Illuminate\\Routing\\Router->dispatch(Object(Illuminate\\Http\\Request))
#38 E:\\wamp64\\www\\laravel\\test\\vendor\\laravel\\framework\\src\\Illuminate\\Routing\\Pipeline.php(30): Illuminate\\Foundation\\Http\\Kernel->Illuminate\\Foundation\\Http\\{closure}(Object(Illuminate\\Http\\Request))
#39 E:\\wamp64\\www\\laravel\\test\\vendor\\barryvdh\\laravel-debugbar\\src\\Middleware\\InjectDebugbar.php(65): Illuminate\\Routing\\Pipeline->Illuminate\\Routing\\{closure}(Object(Illuminate\\Http\\Request))
#40 E:\\wamp64\\www\\laravel\\test\\vendor\\laravel\\framework\\src\\Illuminate\\Pipeline\\Pipeline.php(151): Barryvdh\\Debugbar\\Middleware\\InjectDebugbar->handle(Object(Illuminate\\Http\\Request), Object(Closure))
#41 E:\\wamp64\\www\\laravel\\test\\vendor\\laravel\\framework\\src\\Illuminate\\Routing\\Pipeline.php(53): Illuminate\\Pipeline\\Pipeline->Illuminate\\Pipeline\\{closure}(Object(Illuminate\\Http\\Request))
#42 E:\\wamp64\\www\\laravel\\test\\vendor\\fideloper\\proxy\\src\\TrustProxies.php(57): Illuminate\\Routing\\Pipeline->Illuminate\\Routing\\{closure}(Object(Illuminate\\Http\\Request))
#43 E:\\wamp64\\www\\laravel\\test\\vendor\\laravel\\framework\\src\\Illuminate\\Pipeline\\Pipeline.php(151): Fideloper\\Proxy\\TrustProxies->handle(Object(Illuminate\\Http\\Request), Object(Closure))
#44 E:\\wamp64\\www\\laravel\\test\\vendor\\laravel\\framework\\src\\Illuminate\\Routing\\Pipeline.php(53): Illuminate\\Pipeline\\Pipeline->Illuminate\\Pipeline\\{closure}(Object(Illuminate\\Http\\Request))
#45 E:\\wamp64\\www\\laravel\\test\\vendor\\laravel\\framework\\src\\Illuminate\\Foundation\\Http\\Middleware\\TransformsRequest.php(31): Illuminate\\Routing\\Pipeline->Illuminate\\Routing\\{closure}(Object(Illuminate\\Http\\Request))
#46 E:\\wamp64\\www\\laravel\\test\\vendor\\laravel\\framework\\src\\Illuminate\\Pipeline\\Pipeline.php(151): Illuminate\\Foundation\\Http\\Middleware\\TransformsRequest->handle(Object(Illuminate\\Http\\Request), Object(Closure))
#47 E:\\wamp64\\www\\laravel\\test\\vendor\\laravel\\framework\\src\\Illuminate\\Routing\\Pipeline.php(53): Illuminate\\Pipeline\\Pipeline->Illuminate\\Pipeline\\{closure}(Object(Illuminate\\Http\\Request))
#48 E:\\wamp64\\www\\laravel\\test\\vendor\\laravel\\framework\\src\\Illuminate\\Foundation\\Http\\Middleware\\TransformsRequest.php(31): Illuminate\\Routing\\Pipeline->Illuminate\\Routing\\{closure}(Object(Illuminate\\Http\\Request))
#49 E:\\wamp64\\www\\laravel\\test\\vendor\\laravel\\framework\\src\\Illuminate\\Pipeline\\Pipeline.php(151): Illuminate\\Foundation\\Http\\Middleware\\TransformsRequest->handle(Object(Illuminate\\Http\\Request), Object(Closure))
#50 E:\\wamp64\\www\\laravel\\test\\vendor\\laravel\\framework\\src\\Illuminate\\Routing\\Pipeline.php(53): Illuminate\\Pipeline\\Pipeline->Illuminate\\Pipeline\\{closure}(Object(Illuminate\\Http\\Request))
#51 E:\\wamp64\\www\\laravel\\test\\vendor\\laravel\\framework\\src\\Illuminate\\Foundation\\Http\\Middleware\\ValidatePostSize.php(27): Illuminate\\Routing\\Pipeline->Illuminate\\Routing\\{closure}(Object(Illuminate\\Http\\Request))
#52 E:\\wamp64\\www\\laravel\\test\\vendor\\laravel\\framework\\src\\Illuminate\\Pipeline\\Pipeline.php(151): Illuminate\\Foundation\\Http\\Middleware\\ValidatePostSize->handle(Object(Illuminate\\Http\\Request), Object(Closure))
#53 E:\\wamp64\\www\\laravel\\test\\vendor\\laravel\\framework\\src\\Illuminate\\Routing\\Pipeline.php(53): Illuminate\\Pipeline\\Pipeline->Illuminate\\Pipeline\\{closure}(Object(Illuminate\\Http\\Request))
#54 E:\\wamp64\\www\\laravel\\test\\vendor\\laravel\\framework\\src\\Illuminate\\Foundation\\Http\\Middleware\\CheckForMaintenanceMode.php(62): Illuminate\\Routing\\Pipeline->Illuminate\\Routing\\{closure}(Object(Illuminate\\Http\\Request))
#55 E:\\wamp64\\www\\laravel\\test\\vendor\\laravel\\framework\\src\\Illuminate\\Pipeline\\Pipeline.php(151): Illuminate\\Foundation\\Http\\Middleware\\CheckForMaintenanceMode->handle(Object(Illuminate\\Http\\Request), Object(Closure))
#56 E:\\wamp64\\www\\laravel\\test\\vendor\\laravel\\framework\\src\\Illuminate\\Routing\\Pipeline.php(53): Illuminate\\Pipeline\\Pipeline->Illuminate\\Pipeline\\{closure}(Object(Illuminate\\Http\\Request))
#57 E:\\wamp64\\www\\laravel\\test\\vendor\\laravel\\framework\\src\\Illuminate\\Pipeline\\Pipeline.php(104): Illuminate\\Routing\\Pipeline->Illuminate\\Routing\\{closure}(Object(Illuminate\\Http\\Request))
#58 E:\\wamp64\\www\\laravel\\test\\vendor\\laravel\\framework\\src\\Illuminate\\Foundation\\Http\\Kernel.php(151): Illuminate\\Pipeline\\Pipeline->then(Object(Closure))
#59 E:\\wamp64\\www\\laravel\\test\\vendor\\laravel\\framework\\src\\Illuminate\\Foundation\\Http\\Kernel.php(116): Illuminate\\Foundation\\Http\\Kernel->sendRequestThroughRouter(Object(Illuminate\\Http\\Request))
#60 E:\\wamp64\\www\\laravel\\test\\public\\index.php(55): Illuminate\\Foundation\\Http\\Kernel->handle(Object(Illuminate\\Http\\Request))
#61 {main}
"} 
