[2019-05-03 23:27:45] local.ERROR: SQLSTATE[22001]: String data, right truncated: 1406 Data too long for column 'password' at row 1 (SQL: insert into `users` (`position`, `department`, `avatar`, `name`, `email`, `password`, `updated_at`, `created_at`) values (游客, 来访者, http://www.gravatar.com/avatar/$hash3s=$size, zhusun2006, 376300798@qq.com, $2y$10$vfE0SiTlCLG1.wCH6VIQX.lB95K3RT/2sW6.n5/T/WuQpCUO8jtqG, 2019-05-03 23:27:45, 2019-05-03 23:27:45)) {"exception":"[object] (Illuminate\\Database\\QueryException(code: 22001): SQLSTATE[22001]: String data, right truncated: 1406 Data too long for column 'password' at row 1 (SQL: insert into `users` (`position`, `department`, `avatar`, `name`, `email`, `password`, `updated_at`, `created_at`) values (游客, 来访者, http://www.gravatar.com/avatar/$hash3s=$size, zhusun2006, 376300798@qq.com, $2y$10$vfE0SiTlCLG1.wCH6VIQX.lB95K3RT/2sW6.n5/T/WuQpCUO8jtqG, 2019-05-03 23:27:45, 2019-05-03 23:27:45)) at E:\\wamp64\\www\\laravel\\Final_test\\vendor\\laravel\\framework\\src\\Illuminate\\Database\\Connection.php:664, Doctrine\\DBAL\\Driver\\PDOException(code: 22001): SQLSTATE[22001]: String data, right truncated: 1406 Data too long for column 'password' at row 1 at E:\\wamp64\\www\\laravel\\Final_test\\vendor\\doctrine\\dbal\\lib\\Doctrine\\DBAL\\Driver\\PDOStatement.php:119, PDOException(code: 22001): SQLSTATE[22001]: String data, right truncated: 1406 Data too long for column 'password' at row 1 at E:\\wamp64\\www\\laravel\\Final_test\\vendor\\doctrine\\dbal\\lib\\Doctrine\\DBAL\\Driver\\PDOStatement.php:117)
[stacktrace]
#0 E:\\wamp64\\www\\laravel\\Final_test\\vendor\\laravel\\framework\\src\\Illuminate\\Database\\Connection.php(624): Illuminate\\Database\\Connection->runQueryCallback('insert into `us...', Array, Object(Closure))
#1 E:\\wamp64\\www\\laravel\\Final_test\\vendor\\laravel\\framework\\src\\Illuminate\\Database\\Connection.php(459): Illuminate\\Database\\Connection->run('insert into `us...', Array, Object(Closure))
#2 E:\\wamp64\\www\\laravel\\Final_test\\vendor\\laravel\\framework\\src\\Illuminate\\Database\\Connection.php(411): Illuminate\\Database\\Connection->statement('insert into `us...', Array)
#3 E:\\wamp64\\www\\laravel\\Final_test\\vendor\\laravel\\framework\\src\\Illuminate\\Database\\Query\\Processors\\Processor.php(32): Illuminate\\Database\\Connection->insert('insert into `us...', Array)
#4 E:\\wamp64\\www\\laravel\\Final_test\\vendor\\laravel\\framework\\src\\Illuminate\\Database\\Query\\Builder.php(2595): Illuminate\\Database\\Query\\Processors\\Processor->processInsertGetId(Object(Illuminate\\Database\\Query\\Builder), 'insert into `us...', Array, 'id')
#5 E:\\wamp64\\www\\laravel\\Final_test\\vendor\\laravel\\framework\\src\\Illuminate\\Database\\Eloquent\\Builder.php(1318): Illuminate\\Database\\Query\\Builder->insertGetId(Array, 'id')
#6 E:\\wamp64\\www\\laravel\\Final_test\\vendor\\laravel\\framework\\src\\Illuminate\\Database\\Eloquent\\Model.php(823): Illuminate\\Database\\Eloquent\\Builder->__call('insertGetId', Array)
#7 E:\\wamp64\\www\\laravel\\Final_test\\vendor\\laravel\\framework\\src\\Illuminate\\Database\\Eloquent\\Model.php(788): Illuminate\\Database\\Eloquent\\Model->insertAndSetId(Object(Illuminate\\Database\\Eloquent\\Builder), Array)
#8 E:\\wamp64\\www\\laravel\\Final_test\\vendor\\laravel\\framework\\src\\Illuminate\\Database\\Eloquent\\Model.php(651): Illuminate\\Database\\Eloquent\\Model->performInsert(Object(Illuminate\\Database\\Eloquent\\Builder))
#9 E:\\wamp64\\www\\laravel\\Final_test\\vendor\\laravel\\framework\\src\\Illuminate\\Database\\Eloquent\\Builder.php(790): Illuminate\\Database\\Eloquent\\Model->save()
#10 E:\\wamp64\\www\\laravel\\Final_test\\vendor\\laravel\\framework\\src\\Illuminate\\Support\\helpers.php(1027): Illuminate\\Database\\Eloquent\\Builder->Illuminate\\Database\\Eloquent\\{closure}(Object(App\\Models\\User))
#11 E:\\wamp64\\www\\laravel\\Final_test\\vendor\\laravel\\framework\\src\\Illuminate\\Database\\Eloquent\\Builder.php(791): tap(Object(App\\Models\\User), Object(Closure))
#12 E:\\wamp64\\www\\laravel\\Final_test\\vendor\\laravel\\framework\\src\\Illuminate\\Support\\Traits\\ForwardsCalls.php(23): Illuminate\\Database\\Eloquent\\Builder->create(Array)
#13 E:\\wamp64\\www\\laravel\\Final_test\\vendor\\laravel\\framework\\src\\Illuminate\\Database\\Eloquent\\Model.php(1608): Illuminate\\Database\\Eloquent\\Model->forwardCallTo(Object(Illuminate\\Database\\Eloquent\\Builder), 'create', Array)
#14 E:\\wamp64\\www\\laravel\\Final_test\\vendor\\laravel\\framework\\src\\Illuminate\\Database\\Eloquent\\Model.php(1620): Illuminate\\Database\\Eloquent\\Model->__call('create', Array)
#15 E:\\wamp64\\www\\laravel\\Final_test\\app\\Http\\Controllers\\UsersController.php(137): Illuminate\\Database\\Eloquent\\Model::__callStatic('create', Array)
#16 [internal function]: App\\Http\\Controllers\\UsersController->store(Object(Illuminate\\Http\\Request))
#17 E:\\wamp64\\www\\laravel\\Final_test\\vendor\\laravel\\framework\\src\\Illuminate\\Routing\\Controller.php(54): call_user_func_array(Array, Array)
#18 E:\\wamp64\\www\\laravel\\Final_test\\vendor\\laravel\\framework\\src\\Illuminate\\Routing\\ControllerDispatcher.php(45): Illuminate\\Routing\\Controller->callAction('store', Array)
#19 E:\\wamp64\\www\\laravel\\Final_test\\vendor\\laravel\\framework\\src\\Illuminate\\Routing\\Route.php(212): Illuminate\\Routing\\ControllerDispatcher->dispatch(Object(Illuminate\\Routing\\Route), Object(App\\Http\\Controllers\\UsersController), 'store')
#20 E:\\wamp64\\www\\laravel\\Final_test\\vendor\\laravel\\framework\\src\\Illuminate\\Routing\\Route.php(169): Illuminate\\Routing\\Route->runController()
#21 E:\\wamp64\\www\\laravel\\Final_test\\vendor\\laravel\\framework\\src\\Illuminate\\Routing\\Router.php(682): Illuminate\\Routing\\Route->run()
#22 E:\\wamp64\\www\\laravel\\Final_test\\vendor\\laravel\\framework\\src\\Illuminate\\Routing\\Pipeline.php(30): Illuminate\\Routing\\Router->Illuminate\\Routing\\{closure}(Object(Illuminate\\Http\\Request))
#23 E:\\wamp64\\www\\laravel\\Final_test\\vendor\\laravel\\framework\\src\\Illuminate\\Routing\\Middleware\\SubstituteBindings.php(41): Illuminate\\Routing\\Pipeline->Illuminate\\Routing\\{closure}(Object(Illuminate\\Http\\Request))
#24 E:\\wamp64\\www\\laravel\\Final_test\\vendor\\laravel\\framework\\src\\Illuminate\\Pipeline\\Pipeline.php(151): Illuminate\\Routing\\Middleware\\SubstituteBindings->handle(Object(Illuminate\\Http\\Request), Object(Closure))
#25 E:\\wamp64\\www\\laravel\\Final_test\\vendor\\laravel\\framework\\src\\Illuminate\\Routing\\Pipeline.php(53): Illuminate\\Pipeline\\Pipeline->Illuminate\\Pipeline\\{closure}(Object(Illuminate\\Http\\Request))
#26 E:\\wamp64\\www\\laravel\\Final_test\\vendor\\laravel\\framework\\src\\Illuminate\\Foundation\\Http\\Middleware\\VerifyCsrfToken.php(75): Illuminate\\Routing\\Pipeline->Illuminate\\Routing\\{closure}(Object(Illuminate\\Http\\Request))
#27 E:\\wamp64\\www\\laravel\\Final_test\\vendor\\laravel\\framework\\src\\Illuminate\\Pipeline\\Pipeline.php(151): Illuminate\\Foundation\\Http\\Middleware\\VerifyCsrfToken->handle(Object(Illuminate\\Http\\Request), Object(Closure))
#28 E:\\wamp64\\www\\laravel\\Final_test\\vendor\\laravel\\framework\\src\\Illuminate\\Routing\\Pipeline.php(53): Illuminate\\Pipeline\\Pipeline->Illuminate\\Pipeline\\{closure}(Object(Illuminate\\Http\\Request))
#29 E:\\wamp64\\www\\laravel\\Final_test\\vendor\\laravel\\framework\\src\\Illuminate\\View\\Middleware\\ShareErrorsFromSession.php(49): Illuminate\\Routing\\Pipeline->Illuminate\\Routing\\{closure}(Object(Illuminate\\Http\\Request))
#30 E:\\wamp64\\www\\laravel\\Final_test\\vendor\\laravel\\framework\\src\\Illuminate\\Pipeline\\Pipeline.php(151): Illuminate\\View\\Middleware\\ShareErrorsFromSession->handle(Object(Illuminate\\Http\\Request), Object(Closure))
#31 E:\\wamp64\\www\\laravel\\Final_test\\vendor\\laravel\\framework\\src\\Illuminate\\Routing\\Pipeline.php(53): Illuminate\\Pipeline\\Pipeline->Illuminate\\Pipeline\\{closure}(Object(Illuminate\\Http\\Request))
#32 E:\\wamp64\\www\\laravel\\Final_test\\vendor\\laravel\\framework\\src\\Illuminate\\Session\\Middleware\\StartSession.php(63): Illuminate\\Routing\\Pipeline->Illuminate\\Routing\\{closure}(Object(Illuminate\\Http\\Request))
#33 E:\\wamp64\\www\\laravel\\Final_test\\vendor\\laravel\\framework\\src\\Illuminate\\Pipeline\\Pipeline.php(151): Illuminate\\Session\\Middleware\\StartSession->handle(Object(Illuminate\\Http\\Request), Object(Closure))
#34 E:\\wamp64\\www\\laravel\\Final_test\\vendor\\laravel\\framework\\src\\Illuminate\\Routing\\Pipeline.php(53): Illuminate\\Pipeline\\Pipeline->Illuminate\\Pipeline\\{closure}(Object(Illuminate\\Http\\Request))
#35 E:\\wamp64\\www\\laravel\\Final_test\\vendor\\laravel\\framework\\src\\Illuminate\\Cookie\\Middleware\\AddQueuedCookiesToResponse.php(37): Illuminate\\Routing\\Pipeline->Illuminate\\Routing\\{closure}(Object(Illuminate\\Http\\Request))
#36 E:\\wamp64\\www\\laravel\\Final_test\\vendor\\laravel\\framework\\src\\Illuminate\\Pipeline\\Pipeline.php(151): Illuminate\\Cookie\\Middleware\\AddQueuedCookiesToResponse->handle(Object(Illuminate\\Http\\Request), Object(Closure))
#37 E:\\wamp64\\www\\laravel\\Final_test\\vendor\\laravel\\framework\\src\\Illuminate\\Routing\\Pipeline.php(53): Illuminate\\Pipeline\\Pipeline->Illuminate\\Pipeline\\{closure}(Object(Illuminate\\Http\\Request))
#38 E:\\wamp64\\www\\laravel\\Final_test\\vendor\\laravel\\framework\\src\\Illuminate\\Cookie\\Middleware\\EncryptCookies.php(66): Illuminate\\Routing\\Pipeline->Illuminate\\Routing\\{closure}(Object(Illuminate\\Http\\Request))
#39 E:\\wamp64\\www\\laravel\\Final_test\\vendor\\laravel\\framework\\src\\Illuminate\\Pipeline\\Pipeline.php(151): Illuminate\\Cookie\\Middleware\\EncryptCookies->handle(Object(Illuminate\\Http\\Request), Object(Closure))
#40 E:\\wamp64\\www\\laravel\\Final_test\\vendor\\laravel\\framework\\src\\Illuminate\\Routing\\Pipeline.php(53): Illuminate\\Pipeline\\Pipeline->Illuminate\\Pipeline\\{closure}(Object(Illuminate\\Http\\Request))
#41 E:\\wamp64\\www\\laravel\\Final_test\\vendor\\laravel\\framework\\src\\Illuminate\\Pipeline\\Pipeline.php(104): Illuminate\\Routing\\Pipeline->Illuminate\\Routing\\{closure}(Object(Illuminate\\Http\\Request))
#42 E:\\wamp64\\www\\laravel\\Final_test\\vendor\\laravel\\framework\\src\\Illuminate\\Routing\\Router.php(684): Illuminate\\Pipeline\\Pipeline->then(Object(Closure))
#43 E:\\wamp64\\www\\laravel\\Final_test\\vendor\\laravel\\framework\\src\\Illuminate\\Routing\\Router.php(659): Illuminate\\Routing\\Router->runRouteWithinStack(Object(Illuminate\\Routing\\Route), Object(Illuminate\\Http\\Request))
#44 E:\\wamp64\\www\\laravel\\Final_test\\vendor\\laravel\\framework\\src\\Illuminate\\Routing\\Router.php(625): Illuminate\\Routing\\Router->runRoute(Object(Illuminate\\Http\\Request), Object(Illuminate\\Routing\\Route))
#45 E:\\wamp64\\www\\laravel\\Final_test\\vendor\\laravel\\framework\\src\\Illuminate\\Routing\\Router.php(614): Illuminate\\Routing\\Router->dispatchToRoute(Object(Illuminate\\Http\\Request))
#46 E:\\wamp64\\www\\laravel\\Final_test\\vendor\\laravel\\framework\\src\\Illuminate\\Foundation\\Http\\Kernel.php(176): Illuminate\\Routing\\Router->dispatch(Object(Illuminate\\Http\\Request))
#47 E:\\wamp64\\www\\laravel\\Final_test\\vendor\\laravel\\framework\\src\\Illuminate\\Routing\\Pipeline.php(30): Illuminate\\Foundation\\Http\\Kernel->Illuminate\\Foundation\\Http\\{closure}(Object(Illuminate\\Http\\Request))
#48 E:\\wamp64\\www\\laravel\\Final_test\\vendor\\barryvdh\\laravel-debugbar\\src\\Middleware\\InjectDebugbar.php(65): Illuminate\\Routing\\Pipeline->Illuminate\\Routing\\{closure}(Object(Illuminate\\Http\\Request))
#49 E:\\wamp64\\www\\laravel\\Final_test\\vendor\\laravel\\framework\\src\\Illuminate\\Pipeline\\Pipeline.php(151): Barryvdh\\Debugbar\\Middleware\\InjectDebugbar->handle(Object(Illuminate\\Http\\Request), Object(Closure))
#50 E:\\wamp64\\www\\laravel\\Final_test\\vendor\\laravel\\framework\\src\\Illuminate\\Routing\\Pipeline.php(53): Illuminate\\Pipeline\\Pipeline->Illuminate\\Pipeline\\{closure}(Object(Illuminate\\Http\\Request))
#51 E:\\wamp64\\www\\laravel\\Final_test\\vendor\\fideloper\\proxy\\src\\TrustProxies.php(57): Illuminate\\Routing\\Pipeline->Illuminate\\Routing\\{closure}(Object(Illuminate\\Http\\Request))
#52 E:\\wamp64\\www\\laravel\\Final_test\\vendor\\laravel\\framework\\src\\Illuminate\\Pipeline\\Pipeline.php(151): Fideloper\\Proxy\\TrustProxies->handle(Object(Illuminate\\Http\\Request), Object(Closure))
#53 E:\\wamp64\\www\\laravel\\Final_test\\vendor\\laravel\\framework\\src\\Illuminate\\Routing\\Pipeline.php(53): Illuminate\\Pipeline\\Pipeline->Illuminate\\Pipeline\\{closure}(Object(Illuminate\\Http\\Request))
#54 E:\\wamp64\\www\\laravel\\Final_test\\vendor\\laravel\\framework\\src\\Illuminate\\Foundation\\Http\\Middleware\\TransformsRequest.php(31): Illuminate\\Routing\\Pipeline->Illuminate\\Routing\\{closure}(Object(Illuminate\\Http\\Request))
#55 E:\\wamp64\\www\\laravel\\Final_test\\vendor\\laravel\\framework\\src\\Illuminate\\Pipeline\\Pipeline.php(151): Illuminate\\Foundation\\Http\\Middleware\\TransformsRequest->handle(Object(Illuminate\\Http\\Request), Object(Closure))
#56 E:\\wamp64\\www\\laravel\\Final_test\\vendor\\laravel\\framework\\src\\Illuminate\\Routing\\Pipeline.php(53): Illuminate\\Pipeline\\Pipeline->Illuminate\\Pipeline\\{closure}(Object(Illuminate\\Http\\Request))
#57 E:\\wamp64\\www\\laravel\\Final_test\\vendor\\laravel\\framework\\src\\Illuminate\\Foundation\\Http\\Middleware\\TransformsRequest.php(31): Illuminate\\Routing\\Pipeline->Illuminate\\Routing\\{closure}(Object(Illuminate\\Http\\Request))
#58 E:\\wamp64\\www\\laravel\\Final_test\\vendor\\laravel\\framework\\src\\Illuminate\\Pipeline\\Pipeline.php(151): Illuminate\\Foundation\\Http\\Middleware\\TransformsRequest->handle(Object(Illuminate\\Http\\Request), Object(Closure))
#59 E:\\wamp64\\www\\laravel\\Final_test\\vendor\\laravel\\framework\\src\\Illuminate\\Routing\\Pipeline.php(53): Illuminate\\Pipeline\\Pipeline->Illuminate\\Pipeline\\{closure}(Object(Illuminate\\Http\\Request))
#60 E:\\wamp64\\www\\laravel\\Final_test\\vendor\\laravel\\framework\\src\\Illuminate\\Foundation\\Http\\Middleware\\ValidatePostSize.php(27): Illuminate\\Routing\\Pipeline->Illuminate\\Routing\\{closure}(Object(Illuminate\\Http\\Request))
#61 E:\\wamp64\\www\\laravel\\Final_test\\vendor\\laravel\\framework\\src\\Illuminate\\Pipeline\\Pipeline.php(151): Illuminate\\Foundation\\Http\\Middleware\\ValidatePostSize->handle(Object(Illuminate\\Http\\Request), Object(Closure))
#62 E:\\wamp64\\www\\laravel\\Final_test\\vendor\\laravel\\framework\\src\\Illuminate\\Routing\\Pipeline.php(53): Illuminate\\Pipeline\\Pipeline->Illuminate\\Pipeline\\{closure}(Object(Illuminate\\Http\\Request))
#63 E:\\wamp64\\www\\laravel\\Final_test\\vendor\\laravel\\framework\\src\\Illuminate\\Foundation\\Http\\Middleware\\CheckForMaintenanceMode.php(62): Illuminate\\Routing\\Pipeline->Illuminate\\Routing\\{closure}(Object(Illuminate\\Http\\Request))
#64 E:\\wamp64\\www\\laravel\\Final_test\\vendor\\laravel\\framework\\src\\Illuminate\\Pipeline\\Pipeline.php(151): Illuminate\\Foundation\\Http\\Middleware\\CheckForMaintenanceMode->handle(Object(Illuminate\\Http\\Request), Object(Closure))
#65 E:\\wamp64\\www\\laravel\\Final_test\\vendor\\laravel\\framework\\src\\Illuminate\\Routing\\Pipeline.php(53): Illuminate\\Pipeline\\Pipeline->Illuminate\\Pipeline\\{closure}(Object(Illuminate\\Http\\Request))
#66 E:\\wamp64\\www\\laravel\\Final_test\\vendor\\laravel\\framework\\src\\Illuminate\\Pipeline\\Pipeline.php(104): Illuminate\\Routing\\Pipeline->Illuminate\\Routing\\{closure}(Object(Illuminate\\Http\\Request))
#67 E:\\wamp64\\www\\laravel\\Final_test\\vendor\\laravel\\framework\\src\\Illuminate\\Foundation\\Http\\Kernel.php(151): Illuminate\\Pipeline\\Pipeline->then(Object(Closure))
#68 E:\\wamp64\\www\\laravel\\Final_test\\vendor\\laravel\\framework\\src\\Illuminate\\Foundation\\Http\\Kernel.php(116): Illuminate\\Foundation\\Http\\Kernel->sendRequestThroughRouter(Object(Illuminate\\Http\\Request))
#69 E:\\wamp64\\www\\laravel\\Final_test\\public\\index.php(55): Illuminate\\Foundation\\Http\\Kernel->handle(Object(Illuminate\\Http\\Request))
#70 {main}
"} 
[2019-05-03 23:42:58] local.ERROR: SQLSTATE[42S22]: Column not found: 1054 Unknown column 'email_verified_at' in 'field list' (SQL: insert into `users` (`avatar`, `created_at`, `department`, `email`, `email_verified_at`, `is_admin`, `name`, `password`, `position`, `remember_token`, `tel`, `updated_at`) values (http://www.gravatar.com/avatar/$hash3s=$size, 1994-05-07 02:23:57, Dolores similique enim distinctio eius., viola.boyer@example.net, 2019-05-03 23:42:57, 0, Dr. Andreane Hane III, $2y$10$TKh8H1.PfQx37YgCzwiKb.KjNyWgaHb9cbcoQgdIVFlYg7B77UdFm, officer, Q0xJcfyAP3, sDX7m1jaznSO, 1994-05-07 02:23:57), (http://www.gravatar.com/avatar/$hash3s=$size, 1992-12-06 21:47:09, Consequatur quae totam soluta explicabo sed vero accusamus., dejuan53@example.com, 2019-05-03 23:42:57, 0, Chance Kassulke, $2y$10$TKh8H1.PfQx37YgCzwiKb.KjNyWgaHb9cbcoQgdIVFlYg7B77UdFm, officer, WlBJ0R2pFa, awECFmOeHgAP, 1992-12-06 21:47:09), (http://www.gravatar.com/avatar/$hash3s=$size, 1983-04-29 02:20:52, Et et ut ex eum odit est nam asperiores., collier.myrtle@example.net, 2019-05-03 23:42:57, 0, Kurt Kertzmann Jr., $2y$10$TKh8H1.PfQx37YgCzwiKb.KjNyWgaHb9cbcoQgdIVFlYg7B77UdFm, officer, 7fWEtnYZoJ, j13HErn6LVMY, 1983-04-29 02:20:52), (http://www.gravatar.com/avatar/$hash3s=$size, 1990-05-14 13:22:53, Consectetur distinctio repellendus eligendi voluptatem., xdaniel@example.org, 2019-05-03 23:42:57, 0, Dr. Kenton Champlin III, $2y$10$TKh8H1.PfQx37YgCzwiKb.KjNyWgaHb9cbcoQgdIVFlYg7B77UdFm, officer, lOf7qEr1Sq, z3rmTLllIuQH, 1990-05-14 13:22:53), (http://www.gravatar.com/avatar/$hash3s=$size, 1977-08-31 20:21:20, Dicta aliquam natus enim incidunt., beatrice.moore@example.org, 2019-05-03 23:42:57, 0, Ralph Goodwin, $2y$10$TKh8H1.PfQx37YgCzwiKb.KjNyWgaHb9cbcoQgdIVFlYg7B77UdFm, officer, IrTWixpSyX, Wyw54NYXSiaK, 1977-08-31 20:21:20)) {"exception":"[object] (Illuminate\\Database\\QueryException(code: 42S22): SQLSTATE[42S22]: Column not found: 1054 Unknown column 'email_verified_at' in 'field list' (SQL: insert into `users` (`avatar`, `created_at`, `department`, `email`, `email_verified_at`, `is_admin`, `name`, `password`, `position`, `remember_token`, `tel`, `updated_at`) values (http://www.gravatar.com/avatar/$hash3s=$size, 1994-05-07 02:23:57, Dolores similique enim distinctio eius., viola.boyer@example.net, 2019-05-03 23:42:57, 0, Dr. Andreane Hane III, $2y$10$TKh8H1.PfQx37YgCzwiKb.KjNyWgaHb9cbcoQgdIVFlYg7B77UdFm, officer, Q0xJcfyAP3, sDX7m1jaznSO, 1994-05-07 02:23:57), (http://www.gravatar.com/avatar/$hash3s=$size, 1992-12-06 21:47:09, Consequatur quae totam soluta explicabo sed vero accusamus., dejuan53@example.com, 2019-05-03 23:42:57, 0, Chance Kassulke, $2y$10$TKh8H1.PfQx37YgCzwiKb.KjNyWgaHb9cbcoQgdIVFlYg7B77UdFm, officer, WlBJ0R2pFa, awECFmOeHgAP, 1992-12-06 21:47:09), (http://www.gravatar.com/avatar/$hash3s=$size, 1983-04-29 02:20:52, Et et ut ex eum odit est nam asperiores., collier.myrtle@example.net, 2019-05-03 23:42:57, 0, Kurt Kertzmann Jr., $2y$10$TKh8H1.PfQx37YgCzwiKb.KjNyWgaHb9cbcoQgdIVFlYg7B77UdFm, officer, 7fWEtnYZoJ, j13HErn6LVMY, 1983-04-29 02:20:52), (http://www.gravatar.com/avatar/$hash3s=$size, 1990-05-14 13:22:53, Consectetur distinctio repellendus eligendi voluptatem., xdaniel@example.org, 2019-05-03 23:42:57, 0, Dr. Kenton Champlin III, $2y$10$TKh8H1.PfQx37YgCzwiKb.KjNyWgaHb9cbcoQgdIVFlYg7B77UdFm, officer, lOf7qEr1Sq, z3rmTLllIuQH, 1990-05-14 13:22:53), (http://www.gravatar.com/avatar/$hash3s=$size, 1977-08-31 20:21:20, Dicta aliquam natus enim incidunt., beatrice.moore@example.org, 2019-05-03 23:42:57, 0, Ralph Goodwin, $2y$10$TKh8H1.PfQx37YgCzwiKb.KjNyWgaHb9cbcoQgdIVFlYg7B77UdFm, officer, IrTWixpSyX, Wyw54NYXSiaK, 1977-08-31 20:21:20)) at E:\\wamp64\\www\\laravel\\Final_test\\vendor\\laravel\\framework\\src\\Illuminate\\Database\\Connection.php:664, Doctrine\\DBAL\\Driver\\PDOException(code: 42S22): SQLSTATE[42S22]: Column not found: 1054 Unknown column 'email_verified_at' in 'field list' at E:\\wamp64\\www\\laravel\\Final_test\\vendor\\doctrine\\dbal\\lib\\Doctrine\\DBAL\\Driver\\PDOConnection.php:63, PDOException(code: 42S22): SQLSTATE[42S22]: Column not found: 1054 Unknown column 'email_verified_at' in 'field list' at E:\\wamp64\\www\\laravel\\Final_test\\vendor\\doctrine\\dbal\\lib\\Doctrine\\DBAL\\Driver\\PDOConnection.php:61)
[stacktrace]
#0 E:\\wamp64\\www\\laravel\\Final_test\\vendor\\laravel\\framework\\src\\Illuminate\\Database\\Connection.php(624): Illuminate\\Database\\Connection->runQueryCallback('insert into `us...', Array, Object(Closure))
#1 E:\\wamp64\\www\\laravel\\Final_test\\vendor\\laravel\\framework\\src\\Illuminate\\Database\\Connection.php(459): Illuminate\\Database\\Connection->run('insert into `us...', Array, Object(Closure))
#2 E:\\wamp64\\www\\laravel\\Final_test\\vendor\\laravel\\framework\\src\\Illuminate\\Database\\Connection.php(411): Illuminate\\Database\\Connection->statement('insert into `us...', Array)
#3 E:\\wamp64\\www\\laravel\\Final_test\\vendor\\laravel\\framework\\src\\Illuminate\\Database\\Query\\Builder.php(2578): Illuminate\\Database\\Connection->insert('insert into `us...', Array)
#4 E:\\wamp64\\www\\laravel\\Final_test\\vendor\\laravel\\framework\\src\\Illuminate\\Database\\Eloquent\\Builder.php(1318): Illuminate\\Database\\Query\\Builder->insert(Array)
#5 E:\\wamp64\\www\\laravel\\Final_test\\vendor\\laravel\\framework\\src\\Illuminate\\Support\\Traits\\ForwardsCalls.php(23): Illuminate\\Database\\Eloquent\\Builder->__call('insert', Array)
#6 E:\\wamp64\\www\\laravel\\Final_test\\vendor\\laravel\\framework\\src\\Illuminate\\Database\\Eloquent\\Model.php(1608): Illuminate\\Database\\Eloquent\\Model->forwardCallTo(Object(Illuminate\\Database\\Eloquent\\Builder), 'insert', Array)
#7 E:\\wamp64\\www\\laravel\\Final_test\\vendor\\laravel\\framework\\src\\Illuminate\\Database\\Eloquent\\Model.php(1620): Illuminate\\Database\\Eloquent\\Model->__call('insert', Array)
#8 E:\\wamp64\\www\\laravel\\Final_test\\database\\seeds\\UsersTableSeeder.php(11): Illuminate\\Database\\Eloquent\\Model::__callStatic('insert', Array)
#9 [internal function]: UsersTableSeeder->run()
#10 E:\\wamp64\\www\\laravel\\Final_test\\vendor\\laravel\\framework\\src\\Illuminate\\Container\\BoundMethod.php(29): call_user_func_array(Array, Array)
#11 E:\\wamp64\\www\\laravel\\Final_test\\vendor\\laravel\\framework\\src\\Illuminate\\Container\\BoundMethod.php(87): Illuminate\\Container\\BoundMethod::Illuminate\\Container\\{closure}()
#12 E:\\wamp64\\www\\laravel\\Final_test\\vendor\\laravel\\framework\\src\\Illuminate\\Container\\BoundMethod.php(31): Illuminate\\Container\\BoundMethod::callBoundMethod(Object(Illuminate\\Foundation\\Application), Array, Object(Closure))
#13 E:\\wamp64\\www\\laravel\\Final_test\\vendor\\laravel\\framework\\src\\Illuminate\\Container\\Container.php(572): Illuminate\\Container\\BoundMethod::call(Object(Illuminate\\Foundation\\Application), Array, Array, NULL)
#14 E:\\wamp64\\www\\laravel\\Final_test\\vendor\\laravel\\framework\\src\\Illuminate\\Database\\Seeder.php(122): Illuminate\\Container\\Container->call(Array)
#15 E:\\wamp64\\www\\laravel\\Final_test\\vendor\\laravel\\framework\\src\\Illuminate\\Database\\Seeder.php(42): Illuminate\\Database\\Seeder->__invoke()
#16 E:\\wamp64\\www\\laravel\\Final_test\\database\\seeds\\DatabaseSeeder.php(17): Illuminate\\Database\\Seeder->call('UsersTableSeede...')
#17 [internal function]: DatabaseSeeder->run()
#18 E:\\wamp64\\www\\laravel\\Final_test\\vendor\\laravel\\framework\\src\\Illuminate\\Container\\BoundMethod.php(29): call_user_func_array(Array, Array)
#19 E:\\wamp64\\www\\laravel\\Final_test\\vendor\\laravel\\framework\\src\\Illuminate\\Container\\BoundMethod.php(87): Illuminate\\Container\\BoundMethod::Illuminate\\Container\\{closure}()
#20 E:\\wamp64\\www\\laravel\\Final_test\\vendor\\laravel\\framework\\src\\Illuminate\\Container\\BoundMethod.php(31): Illuminate\\Container\\BoundMethod::callBoundMethod(Object(Illuminate\\Foundation\\Application), Array, Object(Closure))
#21 E:\\wamp64\\www\\laravel\\Final_test\\vendor\\laravel\\framework\\src\\Illuminate\\Container\\Container.php(572): Illuminate\\Container\\BoundMethod::call(Object(Illuminate\\Foundation\\Application), Array, Array, NULL)
#22 E:\\wamp64\\www\\laravel\\Final_test\\vendor\\laravel\\framework\\src\\Illuminate\\Database\\Seeder.php(122): Illuminate\\Container\\Container->call(Array)
#23 E:\\wamp64\\www\\laravel\\Final_test\\vendor\\laravel\\framework\\src\\Illuminate\\Database\\Console\\Seeds\\SeedCommand.php(63): Illuminate\\Database\\Seeder->__invoke()
#24 E:\\wamp64\\www\\laravel\\Final_test\\vendor\\laravel\\framework\\src\\Illuminate\\Database\\Eloquent\\Concerns\\GuardsAttributes.php(122): Illuminate\\Database\\Console\\Seeds\\SeedCommand->Illuminate\\Database\\Console\\Seeds\\{closure}()
#25 E:\\wamp64\\www\\laravel\\Final_test\\vendor\\laravel\\framework\\src\\Illuminate\\Database\\Console\\Seeds\\SeedCommand.php(64): Illuminate\\Database\\Eloquent\\Model::unguarded(Object(Closure))
#26 [internal function]: Illuminate\\Database\\Console\\Seeds\\SeedCommand->handle()
#27 E:\\wamp64\\www\\laravel\\Final_test\\vendor\\laravel\\framework\\src\\Illuminate\\Container\\BoundMethod.php(29): call_user_func_array(Array, Array)
#28 E:\\wamp64\\www\\laravel\\Final_test\\vendor\\laravel\\framework\\src\\Illuminate\\Container\\BoundMethod.php(87): Illuminate\\Container\\BoundMethod::Illuminate\\Container\\{closure}()
#29 E:\\wamp64\\www\\laravel\\Final_test\\vendor\\laravel\\framework\\src\\Illuminate\\Container\\BoundMethod.php(31): Illuminate\\Container\\BoundMethod::callBoundMethod(Object(Illuminate\\Foundation\\Application), Array, Object(Closure))
#30 E:\\wamp64\\www\\laravel\\Final_test\\vendor\\laravel\\framework\\src\\Illuminate\\Container\\Container.php(572): Illuminate\\Container\\BoundMethod::call(Object(Illuminate\\Foundation\\Application), Array, Array, NULL)
#31 E:\\wamp64\\www\\laravel\\Final_test\\vendor\\laravel\\framework\\src\\Illuminate\\Console\\Command.php(183): Illuminate\\Container\\Container->call(Array)
#32 E:\\wamp64\\www\\laravel\\Final_test\\vendor\\symfony\\console\\Command\\Command.php(255): Illuminate\\Console\\Command->execute(Object(Symfony\\Component\\Console\\Input\\ArgvInput), Object(Illuminate\\Console\\OutputStyle))
#33 E:\\wamp64\\www\\laravel\\Final_test\\vendor\\laravel\\framework\\src\\Illuminate\\Console\\Command.php(170): Symfony\\Component\\Console\\Command\\Command->run(Object(Symfony\\Component\\Console\\Input\\ArgvInput), Object(Illuminate\\Console\\OutputStyle))
#34 E:\\wamp64\\www\\laravel\\Final_test\\vendor\\symfony\\console\\Application.php(886): Illuminate\\Console\\Command->run(Object(Symfony\\Component\\Console\\Input\\ArgvInput), Object(Symfony\\Component\\Console\\Output\\ConsoleOutput))
#35 E:\\wamp64\\www\\laravel\\Final_test\\vendor\\symfony\\console\\Application.php(262): Symfony\\Component\\Console\\Application->doRunCommand(Object(Illuminate\\Database\\Console\\Seeds\\SeedCommand), Object(Symfony\\Component\\Console\\Input\\ArgvInput), Object(Symfony\\Component\\Console\\Output\\ConsoleOutput))
#36 E:\\wamp64\\www\\laravel\\Final_test\\vendor\\symfony\\console\\Application.php(145): Symfony\\Component\\Console\\Application->doRun(Object(Symfony\\Component\\Console\\Input\\ArgvInput), Object(Symfony\\Component\\Console\\Output\\ConsoleOutput))
#37 E:\\wamp64\\www\\laravel\\Final_test\\vendor\\laravel\\framework\\src\\Illuminate\\Console\\Application.php(89): Symfony\\Component\\Console\\Application->run(Object(Symfony\\Component\\Console\\Input\\ArgvInput), Object(Symfony\\Component\\Console\\Output\\ConsoleOutput))
#38 E:\\wamp64\\www\\laravel\\Final_test\\vendor\\laravel\\framework\\src\\Illuminate\\Foundation\\Console\\Kernel.php(122): Illuminate\\Console\\Application->run(Object(Symfony\\Component\\Console\\Input\\ArgvInput), Object(Symfony\\Component\\Console\\Output\\ConsoleOutput))
#39 E:\\wamp64\\www\\laravel\\Final_test\\artisan(37): Illuminate\\Foundation\\Console\\Kernel->handle(Object(Symfony\\Component\\Console\\Input\\ArgvInput), Object(Symfony\\Component\\Console\\Output\\ConsoleOutput))
#40 {main}
"} 
[2019-05-03 23:43:28] local.ERROR: SQLSTATE[22001]: String data, right truncated: 1406 Data too long for column 'position' at row 1 (SQL: insert into `users` (`avatar`, `created_at`, `department`, `email`, `is_admin`, `name`, `password`, `position`, `remember_token`, `tel`, `updated_at`) values (http://www.gravatar.com/avatar/$hash3s=$size, 2016-09-10 18:27:42, Sunt repellat provident adipisci adipisci earum., linwood.abshire@example.com, 0, Forest Schroeder, $2y$10$TKh8H1.PfQx37YgCzwiKb.KjNyWgaHb9cbcoQgdIVFlYg7B77UdFm, officer, CPiEmMNj1I, JOef2ZOGrV7L, 2016-09-10 18:27:42), (http://www.gravatar.com/avatar/$hash3s=$size, 1997-03-12 12:17:52, Laboriosam nulla voluptates tempora illo amet sunt perferendis et., nitzsche.kyla@example.com, 0, Brain Blick III, $2y$10$TKh8H1.PfQx37YgCzwiKb.KjNyWgaHb9cbcoQgdIVFlYg7B77UdFm, officer, 3KQUhZkBkc, XADssqtcbHgL, 1997-03-12 12:17:52), (http://www.gravatar.com/avatar/$hash3s=$size, 2013-01-14 10:40:57, Hic corporis provident iusto quam., tortiz@example.com, 0, Ms. Katrina Leffler, $2y$10$TKh8H1.PfQx37YgCzwiKb.KjNyWgaHb9cbcoQgdIVFlYg7B77UdFm, officer, RGCgNAaiNB, TDpFhVw5z0gm, 2013-01-14 10:40:57), (http://www.gravatar.com/avatar/$hash3s=$size, 1985-01-20 04:26:39, Suscipit fugiat quas quia., sigurd.homenick@example.net, 0, Derek Towne, $2y$10$TKh8H1.PfQx37YgCzwiKb.KjNyWgaHb9cbcoQgdIVFlYg7B77UdFm, officer, oata3XsUbG, xsrZvmjuWLNf, 1985-01-20 04:26:39), (http://www.gravatar.com/avatar/$hash3s=$size, 1977-02-28 13:56:15, Sit dolorem ducimus rerum est fugiat., dustin90@example.org, 0, Madisen Koch, $2y$10$TKh8H1.PfQx37YgCzwiKb.KjNyWgaHb9cbcoQgdIVFlYg7B77UdFm, officer, WAmrjJHsMd, qXYi7Fn4YNyL, 1977-02-28 13:56:15)) {"exception":"[object] (Illuminate\\Database\\QueryException(code: 22001): SQLSTATE[22001]: String data, right truncated: 1406 Data too long for column 'position' at row 1 (SQL: insert into `users` (`avatar`, `created_at`, `department`, `email`, `is_admin`, `name`, `password`, `position`, `remember_token`, `tel`, `updated_at`) values (http://www.gravatar.com/avatar/$hash3s=$size, 2016-09-10 18:27:42, Sunt repellat provident adipisci adipisci earum., linwood.abshire@example.com, 0, Forest Schroeder, $2y$10$TKh8H1.PfQx37YgCzwiKb.KjNyWgaHb9cbcoQgdIVFlYg7B77UdFm, officer, CPiEmMNj1I, JOef2ZOGrV7L, 2016-09-10 18:27:42), (http://www.gravatar.com/avatar/$hash3s=$size, 1997-03-12 12:17:52, Laboriosam nulla voluptates tempora illo amet sunt perferendis et., nitzsche.kyla@example.com, 0, Brain Blick III, $2y$10$TKh8H1.PfQx37YgCzwiKb.KjNyWgaHb9cbcoQgdIVFlYg7B77UdFm, officer, 3KQUhZkBkc, XADssqtcbHgL, 1997-03-12 12:17:52), (http://www.gravatar.com/avatar/$hash3s=$size, 2013-01-14 10:40:57, Hic corporis provident iusto quam., tortiz@example.com, 0, Ms. Katrina Leffler, $2y$10$TKh8H1.PfQx37YgCzwiKb.KjNyWgaHb9cbcoQgdIVFlYg7B77UdFm, officer, RGCgNAaiNB, TDpFhVw5z0gm, 2013-01-14 10:40:57), (http://www.gravatar.com/avatar/$hash3s=$size, 1985-01-20 04:26:39, Suscipit fugiat quas quia., sigurd.homenick@example.net, 0, Derek Towne, $2y$10$TKh8H1.PfQx37YgCzwiKb.KjNyWgaHb9cbcoQgdIVFlYg7B77UdFm, officer, oata3XsUbG, xsrZvmjuWLNf, 1985-01-20 04:26:39), (http://www.gravatar.com/avatar/$hash3s=$size, 1977-02-28 13:56:15, Sit dolorem ducimus rerum est fugiat., dustin90@example.org, 0, Madisen Koch, $2y$10$TKh8H1.PfQx37YgCzwiKb.KjNyWgaHb9cbcoQgdIVFlYg7B77UdFm, officer, WAmrjJHsMd, qXYi7Fn4YNyL, 1977-02-28 13:56:15)) at E:\\wamp64\\www\\laravel\\Final_test\\vendor\\laravel\\framework\\src\\Illuminate\\Database\\Connection.php:664, Doctrine\\DBAL\\Driver\\PDOException(code: 22001): SQLSTATE[22001]: String data, right truncated: 1406 Data too long for column 'position' at row 1 at E:\\wamp64\\www\\laravel\\Final_test\\vendor\\doctrine\\dbal\\lib\\Doctrine\\DBAL\\Driver\\PDOStatement.php:119, PDOException(code: 22001): SQLSTATE[22001]: String data, right truncated: 1406 Data too long for column 'position' at row 1 at E:\\wamp64\\www\\laravel\\Final_test\\vendor\\doctrine\\dbal\\lib\\Doctrine\\DBAL\\Driver\\PDOStatement.php:117)
[stacktrace]
#0 E:\\wamp64\\www\\laravel\\Final_test\\vendor\\laravel\\framework\\src\\Illuminate\\Database\\Connection.php(624): Illuminate\\Database\\Connection->runQueryCallback('insert into `us...', Array, Object(Closure))
#1 E:\\wamp64\\www\\laravel\\Final_test\\vendor\\laravel\\framework\\src\\Illuminate\\Database\\Connection.php(459): Illuminate\\Database\\Connection->run('insert into `us...', Array, Object(Closure))
#2 E:\\wamp64\\www\\laravel\\Final_test\\vendor\\laravel\\framework\\src\\Illuminate\\Database\\Connection.php(411): Illuminate\\Database\\Connection->statement('insert into `us...', Array)
#3 E:\\wamp64\\www\\laravel\\Final_test\\vendor\\laravel\\framework\\src\\Illuminate\\Database\\Query\\Builder.php(2578): Illuminate\\Database\\Connection->insert('insert into `us...', Array)
#4 E:\\wamp64\\www\\laravel\\Final_test\\vendor\\laravel\\framework\\src\\Illuminate\\Database\\Eloquent\\Builder.php(1318): Illuminate\\Database\\Query\\Builder->insert(Array)
#5 E:\\wamp64\\www\\laravel\\Final_test\\vendor\\laravel\\framework\\src\\Illuminate\\Support\\Traits\\ForwardsCalls.php(23): Illuminate\\Database\\Eloquent\\Builder->__call('insert', Array)
#6 E:\\wamp64\\www\\laravel\\Final_test\\vendor\\laravel\\framework\\src\\Illuminate\\Database\\Eloquent\\Model.php(1608): Illuminate\\Database\\Eloquent\\Model->forwardCallTo(Object(Illuminate\\Database\\Eloquent\\Builder), 'insert', Array)
#7 E:\\wamp64\\www\\laravel\\Final_test\\vendor\\laravel\\framework\\src\\Illuminate\\Database\\Eloquent\\Model.php(1620): Illuminate\\Database\\Eloquent\\Model->__call('insert', Array)
#8 E:\\wamp64\\www\\laravel\\Final_test\\database\\seeds\\UsersTableSeeder.php(11): Illuminate\\Database\\Eloquent\\Model::__callStatic('insert', Array)
#9 [internal function]: UsersTableSeeder->run()
#10 E:\\wamp64\\www\\laravel\\Final_test\\vendor\\laravel\\framework\\src\\Illuminate\\Container\\BoundMethod.php(29): call_user_func_array(Array, Array)
#11 E:\\wamp64\\www\\laravel\\Final_test\\vendor\\laravel\\framework\\src\\Illuminate\\Container\\BoundMethod.php(87): Illuminate\\Container\\BoundMethod::Illuminate\\Container\\{closure}()
#12 E:\\wamp64\\www\\laravel\\Final_test\\vendor\\laravel\\framework\\src\\Illuminate\\Container\\BoundMethod.php(31): Illuminate\\Container\\BoundMethod::callBoundMethod(Object(Illuminate\\Foundation\\Application), Array, Object(Closure))
#13 E:\\wamp64\\www\\laravel\\Final_test\\vendor\\laravel\\framework\\src\\Illuminate\\Container\\Container.php(572): Illuminate\\Container\\BoundMethod::call(Object(Illuminate\\Foundation\\Application), Array, Array, NULL)
#14 E:\\wamp64\\www\\laravel\\Final_test\\vendor\\laravel\\framework\\src\\Illuminate\\Database\\Seeder.php(122): Illuminate\\Container\\Container->call(Array)
#15 E:\\wamp64\\www\\laravel\\Final_test\\vendor\\laravel\\framework\\src\\Illuminate\\Database\\Seeder.php(42): Illuminate\\Database\\Seeder->__invoke()
#16 E:\\wamp64\\www\\laravel\\Final_test\\database\\seeds\\DatabaseSeeder.php(17): Illuminate\\Database\\Seeder->call('UsersTableSeede...')
#17 [internal function]: DatabaseSeeder->run()
#18 E:\\wamp64\\www\\laravel\\Final_test\\vendor\\laravel\\framework\\src\\Illuminate\\Container\\BoundMethod.php(29): call_user_func_array(Array, Array)
#19 E:\\wamp64\\www\\laravel\\Final_test\\vendor\\laravel\\framework\\src\\Illuminate\\Container\\BoundMethod.php(87): Illuminate\\Container\\BoundMethod::Illuminate\\Container\\{closure}()
#20 E:\\wamp64\\www\\laravel\\Final_test\\vendor\\laravel\\framework\\src\\Illuminate\\Container\\BoundMethod.php(31): Illuminate\\Container\\BoundMethod::callBoundMethod(Object(Illuminate\\Foundation\\Application), Array, Object(Closure))
#21 E:\\wamp64\\www\\laravel\\Final_test\\vendor\\laravel\\framework\\src\\Illuminate\\Container\\Container.php(572): Illuminate\\Container\\BoundMethod::call(Object(Illuminate\\Foundation\\Application), Array, Array, NULL)
#22 E:\\wamp64\\www\\laravel\\Final_test\\vendor\\laravel\\framework\\src\\Illuminate\\Database\\Seeder.php(122): Illuminate\\Container\\Container->call(Array)
#23 E:\\wamp64\\www\\laravel\\Final_test\\vendor\\laravel\\framework\\src\\Illuminate\\Database\\Console\\Seeds\\SeedCommand.php(63): Illuminate\\Database\\Seeder->__invoke()
#24 E:\\wamp64\\www\\laravel\\Final_test\\vendor\\laravel\\framework\\src\\Illuminate\\Database\\Eloquent\\Concerns\\GuardsAttributes.php(122): Illuminate\\Database\\Console\\Seeds\\SeedCommand->Illuminate\\Database\\Console\\Seeds\\{closure}()
#25 E:\\wamp64\\www\\laravel\\Final_test\\vendor\\laravel\\framework\\src\\Illuminate\\Database\\Console\\Seeds\\SeedCommand.php(64): Illuminate\\Database\\Eloquent\\Model::unguarded(Object(Closure))
#26 [internal function]: Illuminate\\Database\\Console\\Seeds\\SeedCommand->handle()
#27 E:\\wamp64\\www\\laravel\\Final_test\\vendor\\laravel\\framework\\src\\Illuminate\\Container\\BoundMethod.php(29): call_user_func_array(Array, Array)
#28 E:\\wamp64\\www\\laravel\\Final_test\\vendor\\laravel\\framework\\src\\Illuminate\\Container\\BoundMethod.php(87): Illuminate\\Container\\BoundMethod::Illuminate\\Container\\{closure}()
#29 E:\\wamp64\\www\\laravel\\Final_test\\vendor\\laravel\\framework\\src\\Illuminate\\Container\\BoundMethod.php(31): Illuminate\\Container\\BoundMethod::callBoundMethod(Object(Illuminate\\Foundation\\Application), Array, Object(Closure))
#30 E:\\wamp64\\www\\laravel\\Final_test\\vendor\\laravel\\framework\\src\\Illuminate\\Container\\Container.php(572): Illuminate\\Container\\BoundMethod::call(Object(Illuminate\\Foundation\\Application), Array, Array, NULL)
#31 E:\\wamp64\\www\\laravel\\Final_test\\vendor\\laravel\\framework\\src\\Illuminate\\Console\\Command.php(183): Illuminate\\Container\\Container->call(Array)
#32 E:\\wamp64\\www\\laravel\\Final_test\\vendor\\symfony\\console\\Command\\Command.php(255): Illuminate\\Console\\Command->execute(Object(Symfony\\Component\\Console\\Input\\ArgvInput), Object(Illuminate\\Console\\OutputStyle))
#33 E:\\wamp64\\www\\laravel\\Final_test\\vendor\\laravel\\framework\\src\\Illuminate\\Console\\Command.php(170): Symfony\\Component\\Console\\Command\\Command->run(Object(Symfony\\Component\\Console\\Input\\ArgvInput), Object(Illuminate\\Console\\OutputStyle))
#34 E:\\wamp64\\www\\laravel\\Final_test\\vendor\\symfony\\console\\Application.php(886): Illuminate\\Console\\Command->run(Object(Symfony\\Component\\Console\\Input\\ArgvInput), Object(Symfony\\Component\\Console\\Output\\ConsoleOutput))
#35 E:\\wamp64\\www\\laravel\\Final_test\\vendor\\symfony\\console\\Application.php(262): Symfony\\Component\\Console\\Application->doRunCommand(Object(Illuminate\\Database\\Console\\Seeds\\SeedCommand), Object(Symfony\\Component\\Console\\Input\\ArgvInput), Object(Symfony\\Component\\Console\\Output\\ConsoleOutput))
#36 E:\\wamp64\\www\\laravel\\Final_test\\vendor\\symfony\\console\\Application.php(145): Symfony\\Component\\Console\\Application->doRun(Object(Symfony\\Component\\Console\\Input\\ArgvInput), Object(Symfony\\Component\\Console\\Output\\ConsoleOutput))
#37 E:\\wamp64\\www\\laravel\\Final_test\\vendor\\laravel\\framework\\src\\Illuminate\\Console\\Application.php(89): Symfony\\Component\\Console\\Application->run(Object(Symfony\\Component\\Console\\Input\\ArgvInput), Object(Symfony\\Component\\Console\\Output\\ConsoleOutput))
#38 E:\\wamp64\\www\\laravel\\Final_test\\vendor\\laravel\\framework\\src\\Illuminate\\Foundation\\Console\\Kernel.php(122): Illuminate\\Console\\Application->run(Object(Symfony\\Component\\Console\\Input\\ArgvInput), Object(Symfony\\Component\\Console\\Output\\ConsoleOutput))
#39 E:\\wamp64\\www\\laravel\\Final_test\\artisan(37): Illuminate\\Foundation\\Console\\Kernel->handle(Object(Symfony\\Component\\Console\\Input\\ArgvInput), Object(Symfony\\Component\\Console\\Output\\ConsoleOutput))
#40 {main}
"} 
[2019-05-03 23:44:01] local.ERROR: SQLSTATE[22001]: String data, right truncated: 1406 Data too long for column 'department' at row 1 (SQL: insert into `users` (`avatar`, `created_at`, `department`, `email`, `is_admin`, `name`, `password`, `position`, `remember_token`, `tel`, `updated_at`) values (http://www.gravatar.com/avatar/$hash3s=$size, 2005-05-05 08:15:32, Excepturi est provident optio laudantium quia nam aut sunt., ara.durgan@example.com, 0, Prof. Jessyca Schaefer I, $2y$10$TKh8H1.PfQx37YgCzwiKb.KjNyWgaHb9cbcoQgdIVFlYg7B77UdFm, officer, TGACWTltqV, HuS6rh0eViQN, 2005-05-05 08:15:32), (http://www.gravatar.com/avatar/$hash3s=$size, 1991-10-07 01:43:50, Molestias recusandae veniam ut et error et id., wilhelmine.miller@example.org, 0, Dr. Percy Murphy I, $2y$10$TKh8H1.PfQx37YgCzwiKb.KjNyWgaHb9cbcoQgdIVFlYg7B77UdFm, officer, JRREBcsF5l, 8NWLoFSG5l7g, 1991-10-07 01:43:50), (http://www.gravatar.com/avatar/$hash3s=$size, 1991-01-13 01:08:18, Fugit maxime esse ex dolores., gmorar@example.com, 0, Laurence Ebert, $2y$10$TKh8H1.PfQx37YgCzwiKb.KjNyWgaHb9cbcoQgdIVFlYg7B77UdFm, officer, JLdHqvDTvD, qX54YNr4bDFE, 1991-01-13 01:08:18), (http://www.gravatar.com/avatar/$hash3s=$size, 1986-11-19 03:15:34, Quis quibusdam iure ut blanditiis minima., kallie08@example.com, 0, Ernestine Armstrong, $2y$10$TKh8H1.PfQx37YgCzwiKb.KjNyWgaHb9cbcoQgdIVFlYg7B77UdFm, officer, ruwVYJ0rZm, YoOZDGeXdXao, 1986-11-19 03:15:34), (http://www.gravatar.com/avatar/$hash3s=$size, 2000-03-16 05:18:33, Vitae repudiandae beatae corporis., zelda.raynor@example.org, 0, Sid Bechtelar, $2y$10$TKh8H1.PfQx37YgCzwiKb.KjNyWgaHb9cbcoQgdIVFlYg7B77UdFm, officer, DKk3quSRR8, w22XIWO7row8, 2000-03-16 05:18:33)) {"exception":"[object] (Illuminate\\Database\\QueryException(code: 22001): SQLSTATE[22001]: String data, right truncated: 1406 Data too long for column 'department' at row 1 (SQL: insert into `users` (`avatar`, `created_at`, `department`, `email`, `is_admin`, `name`, `password`, `position`, `remember_token`, `tel`, `updated_at`) values (http://www.gravatar.com/avatar/$hash3s=$size, 2005-05-05 08:15:32, Excepturi est provident optio laudantium quia nam aut sunt., ara.durgan@example.com, 0, Prof. Jessyca Schaefer I, $2y$10$TKh8H1.PfQx37YgCzwiKb.KjNyWgaHb9cbcoQgdIVFlYg7B77UdFm, officer, TGACWTltqV, HuS6rh0eViQN, 2005-05-05 08:15:32), (http://www.gravatar.com/avatar/$hash3s=$size, 1991-10-07 01:43:50, Molestias recusandae veniam ut et error et id., wilhelmine.miller@example.org, 0, Dr. Percy Murphy I, $2y$10$TKh8H1.PfQx37YgCzwiKb.KjNyWgaHb9cbcoQgdIVFlYg7B77UdFm, officer, JRREBcsF5l, 8NWLoFSG5l7g, 1991-10-07 01:43:50), (http://www.gravatar.com/avatar/$hash3s=$size, 1991-01-13 01:08:18, Fugit maxime esse ex dolores., gmorar@example.com, 0, Laurence Ebert, $2y$10$TKh8H1.PfQx37YgCzwiKb.KjNyWgaHb9cbcoQgdIVFlYg7B77UdFm, officer, JLdHqvDTvD, qX54YNr4bDFE, 1991-01-13 01:08:18), (http://www.gravatar.com/avatar/$hash3s=$size, 1986-11-19 03:15:34, Quis quibusdam iure ut blanditiis minima., kallie08@example.com, 0, Ernestine Armstrong, $2y$10$TKh8H1.PfQx37YgCzwiKb.KjNyWgaHb9cbcoQgdIVFlYg7B77UdFm, officer, ruwVYJ0rZm, YoOZDGeXdXao, 1986-11-19 03:15:34), (http://www.gravatar.com/avatar/$hash3s=$size, 2000-03-16 05:18:33, Vitae repudiandae beatae corporis., zelda.raynor@example.org, 0, Sid Bechtelar, $2y$10$TKh8H1.PfQx37YgCzwiKb.KjNyWgaHb9cbcoQgdIVFlYg7B77UdFm, officer, DKk3quSRR8, w22XIWO7row8, 2000-03-16 05:18:33)) at E:\\wamp64\\www\\laravel\\Final_test\\vendor\\laravel\\framework\\src\\Illuminate\\Database\\Connection.php:664, Doctrine\\DBAL\\Driver\\PDOException(code: 22001): SQLSTATE[22001]: String data, right truncated: 1406 Data too long for column 'department' at row 1 at E:\\wamp64\\www\\laravel\\Final_test\\vendor\\doctrine\\dbal\\lib\\Doctrine\\DBAL\\Driver\\PDOStatement.php:119, PDOException(code: 22001): SQLSTATE[22001]: String data, right truncated: 1406 Data too long for column 'department' at row 1 at E:\\wamp64\\www\\laravel\\Final_test\\vendor\\doctrine\\dbal\\lib\\Doctrine\\DBAL\\Driver\\PDOStatement.php:117)
[stacktrace]
#0 E:\\wamp64\\www\\laravel\\Final_test\\vendor\\laravel\\framework\\src\\Illuminate\\Database\\Connection.php(624): Illuminate\\Database\\Connection->runQueryCallback('insert into `us...', Array, Object(Closure))
#1 E:\\wamp64\\www\\laravel\\Final_test\\vendor\\laravel\\framework\\src\\Illuminate\\Database\\Connection.php(459): Illuminate\\Database\\Connection->run('insert into `us...', Array, Object(Closure))
#2 E:\\wamp64\\www\\laravel\\Final_test\\vendor\\laravel\\framework\\src\\Illuminate\\Database\\Connection.php(411): Illuminate\\Database\\Connection->statement('insert into `us...', Array)
#3 E:\\wamp64\\www\\laravel\\Final_test\\vendor\\laravel\\framework\\src\\Illuminate\\Database\\Query\\Builder.php(2578): Illuminate\\Database\\Connection->insert('insert into `us...', Array)
#4 E:\\wamp64\\www\\laravel\\Final_test\\vendor\\laravel\\framework\\src\\Illuminate\\Database\\Eloquent\\Builder.php(1318): Illuminate\\Database\\Query\\Builder->insert(Array)
#5 E:\\wamp64\\www\\laravel\\Final_test\\vendor\\laravel\\framework\\src\\Illuminate\\Support\\Traits\\ForwardsCalls.php(23): Illuminate\\Database\\Eloquent\\Builder->__call('insert', Array)
#6 E:\\wamp64\\www\\laravel\\Final_test\\vendor\\laravel\\framework\\src\\Illuminate\\Database\\Eloquent\\Model.php(1608): Illuminate\\Database\\Eloquent\\Model->forwardCallTo(Object(Illuminate\\Database\\Eloquent\\Builder), 'insert', Array)
#7 E:\\wamp64\\www\\laravel\\Final_test\\vendor\\laravel\\framework\\src\\Illuminate\\Database\\Eloquent\\Model.php(1620): Illuminate\\Database\\Eloquent\\Model->__call('insert', Array)
#8 E:\\wamp64\\www\\laravel\\Final_test\\database\\seeds\\UsersTableSeeder.php(11): Illuminate\\Database\\Eloquent\\Model::__callStatic('insert', Array)
#9 [internal function]: UsersTableSeeder->run()
#10 E:\\wamp64\\www\\laravel\\Final_test\\vendor\\laravel\\framework\\src\\Illuminate\\Container\\BoundMethod.php(29): call_user_func_array(Array, Array)
#11 E:\\wamp64\\www\\laravel\\Final_test\\vendor\\laravel\\framework\\src\\Illuminate\\Container\\BoundMethod.php(87): Illuminate\\Container\\BoundMethod::Illuminate\\Container\\{closure}()
#12 E:\\wamp64\\www\\laravel\\Final_test\\vendor\\laravel\\framework\\src\\Illuminate\\Container\\BoundMethod.php(31): Illuminate\\Container\\BoundMethod::callBoundMethod(Object(Illuminate\\Foundation\\Application), Array, Object(Closure))
#13 E:\\wamp64\\www\\laravel\\Final_test\\vendor\\laravel\\framework\\src\\Illuminate\\Container\\Container.php(572): Illuminate\\Container\\BoundMethod::call(Object(Illuminate\\Foundation\\Application), Array, Array, NULL)
#14 E:\\wamp64\\www\\laravel\\Final_test\\vendor\\laravel\\framework\\src\\Illuminate\\Database\\Seeder.php(122): Illuminate\\Container\\Container->call(Array)
#15 E:\\wamp64\\www\\laravel\\Final_test\\vendor\\laravel\\framework\\src\\Illuminate\\Database\\Seeder.php(42): Illuminate\\Database\\Seeder->__invoke()
#16 E:\\wamp64\\www\\laravel\\Final_test\\database\\seeds\\DatabaseSeeder.php(17): Illuminate\\Database\\Seeder->call('UsersTableSeede...')
#17 [internal function]: DatabaseSeeder->run()
#18 E:\\wamp64\\www\\laravel\\Final_test\\vendor\\laravel\\framework\\src\\Illuminate\\Container\\BoundMethod.php(29): call_user_func_array(Array, Array)
#19 E:\\wamp64\\www\\laravel\\Final_test\\vendor\\laravel\\framework\\src\\Illuminate\\Container\\BoundMethod.php(87): Illuminate\\Container\\BoundMethod::Illuminate\\Container\\{closure}()
#20 E:\\wamp64\\www\\laravel\\Final_test\\vendor\\laravel\\framework\\src\\Illuminate\\Container\\BoundMethod.php(31): Illuminate\\Container\\BoundMethod::callBoundMethod(Object(Illuminate\\Foundation\\Application), Array, Object(Closure))
#21 E:\\wamp64\\www\\laravel\\Final_test\\vendor\\laravel\\framework\\src\\Illuminate\\Container\\Container.php(572): Illuminate\\Container\\BoundMethod::call(Object(Illuminate\\Foundation\\Application), Array, Array, NULL)
#22 E:\\wamp64\\www\\laravel\\Final_test\\vendor\\laravel\\framework\\src\\Illuminate\\Database\\Seeder.php(122): Illuminate\\Container\\Container->call(Array)
#23 E:\\wamp64\\www\\laravel\\Final_test\\vendor\\laravel\\framework\\src\\Illuminate\\Database\\Console\\Seeds\\SeedCommand.php(63): Illuminate\\Database\\Seeder->__invoke()
#24 E:\\wamp64\\www\\laravel\\Final_test\\vendor\\laravel\\framework\\src\\Illuminate\\Database\\Eloquent\\Concerns\\GuardsAttributes.php(122): Illuminate\\Database\\Console\\Seeds\\SeedCommand->Illuminate\\Database\\Console\\Seeds\\{closure}()
#25 E:\\wamp64\\www\\laravel\\Final_test\\vendor\\laravel\\framework\\src\\Illuminate\\Database\\Console\\Seeds\\SeedCommand.php(64): Illuminate\\Database\\Eloquent\\Model::unguarded(Object(Closure))
#26 [internal function]: Illuminate\\Database\\Console\\Seeds\\SeedCommand->handle()
#27 E:\\wamp64\\www\\laravel\\Final_test\\vendor\\laravel\\framework\\src\\Illuminate\\Container\\BoundMethod.php(29): call_user_func_array(Array, Array)
#28 E:\\wamp64\\www\\laravel\\Final_test\\vendor\\laravel\\framework\\src\\Illuminate\\Container\\BoundMethod.php(87): Illuminate\\Container\\BoundMethod::Illuminate\\Container\\{closure}()
#29 E:\\wamp64\\www\\laravel\\Final_test\\vendor\\laravel\\framework\\src\\Illuminate\\Container\\BoundMethod.php(31): Illuminate\\Container\\BoundMethod::callBoundMethod(Object(Illuminate\\Foundation\\Application), Array, Object(Closure))
#30 E:\\wamp64\\www\\laravel\\Final_test\\vendor\\laravel\\framework\\src\\Illuminate\\Container\\Container.php(572): Illuminate\\Container\\BoundMethod::call(Object(Illuminate\\Foundation\\Application), Array, Array, NULL)
#31 E:\\wamp64\\www\\laravel\\Final_test\\vendor\\laravel\\framework\\src\\Illuminate\\Console\\Command.php(183): Illuminate\\Container\\Container->call(Array)
#32 E:\\wamp64\\www\\laravel\\Final_test\\vendor\\symfony\\console\\Command\\Command.php(255): Illuminate\\Console\\Command->execute(Object(Symfony\\Component\\Console\\Input\\ArgvInput), Object(Illuminate\\Console\\OutputStyle))
#33 E:\\wamp64\\www\\laravel\\Final_test\\vendor\\laravel\\framework\\src\\Illuminate\\Console\\Command.php(170): Symfony\\Component\\Console\\Command\\Command->run(Object(Symfony\\Component\\Console\\Input\\ArgvInput), Object(Illuminate\\Console\\OutputStyle))
#34 E:\\wamp64\\www\\laravel\\Final_test\\vendor\\symfony\\console\\Application.php(886): Illuminate\\Console\\Command->run(Object(Symfony\\Component\\Console\\Input\\ArgvInput), Object(Symfony\\Component\\Console\\Output\\ConsoleOutput))
#35 E:\\wamp64\\www\\laravel\\Final_test\\vendor\\symfony\\console\\Application.php(262): Symfony\\Component\\Console\\Application->doRunCommand(Object(Illuminate\\Database\\Console\\Seeds\\SeedCommand), Object(Symfony\\Component\\Console\\Input\\ArgvInput), Object(Symfony\\Component\\Console\\Output\\ConsoleOutput))
#36 E:\\wamp64\\www\\laravel\\Final_test\\vendor\\symfony\\console\\Application.php(145): Symfony\\Component\\Console\\Application->doRun(Object(Symfony\\Component\\Console\\Input\\ArgvInput), Object(Symfony\\Component\\Console\\Output\\ConsoleOutput))
#37 E:\\wamp64\\www\\laravel\\Final_test\\vendor\\laravel\\framework\\src\\Illuminate\\Console\\Application.php(89): Symfony\\Component\\Console\\Application->run(Object(Symfony\\Component\\Console\\Input\\ArgvInput), Object(Symfony\\Component\\Console\\Output\\ConsoleOutput))
#38 E:\\wamp64\\www\\laravel\\Final_test\\vendor\\laravel\\framework\\src\\Illuminate\\Foundation\\Console\\Kernel.php(122): Illuminate\\Console\\Application->run(Object(Symfony\\Component\\Console\\Input\\ArgvInput), Object(Symfony\\Component\\Console\\Output\\ConsoleOutput))
#39 E:\\wamp64\\www\\laravel\\Final_test\\artisan(37): Illuminate\\Foundation\\Console\\Kernel->handle(Object(Symfony\\Component\\Console\\Input\\ArgvInput), Object(Symfony\\Component\\Console\\Output\\ConsoleOutput))
#40 {main}
"} 
[2019-05-03 23:44:36] local.ERROR: Creating default object from empty value {"exception":"[object] (ErrorException(code: 0): Creating default object from empty value at E:\\wamp64\\www\\laravel\\Final_test\\database\\seeds\\UsersTableSeeder.php:14)
[stacktrace]
#0 E:\\wamp64\\www\\laravel\\Final_test\\database\\seeds\\UsersTableSeeder.php(14): Illuminate\\Foundation\\Bootstrap\\HandleExceptions->handleError(2, 'Creating defaul...', 'E:\\\\wamp64\\\\www\\\\l...', 14, Array)
#1 [internal function]: UsersTableSeeder->run()
#2 E:\\wamp64\\www\\laravel\\Final_test\\vendor\\laravel\\framework\\src\\Illuminate\\Container\\BoundMethod.php(29): call_user_func_array(Array, Array)
#3 E:\\wamp64\\www\\laravel\\Final_test\\vendor\\laravel\\framework\\src\\Illuminate\\Container\\BoundMethod.php(87): Illuminate\\Container\\BoundMethod::Illuminate\\Container\\{closure}()
#4 E:\\wamp64\\www\\laravel\\Final_test\\vendor\\laravel\\framework\\src\\Illuminate\\Container\\BoundMethod.php(31): Illuminate\\Container\\BoundMethod::callBoundMethod(Object(Illuminate\\Foundation\\Application), Array, Object(Closure))
#5 E:\\wamp64\\www\\laravel\\Final_test\\vendor\\laravel\\framework\\src\\Illuminate\\Container\\Container.php(572): Illuminate\\Container\\BoundMethod::call(Object(Illuminate\\Foundation\\Application), Array, Array, NULL)
#6 E:\\wamp64\\www\\laravel\\Final_test\\vendor\\laravel\\framework\\src\\Illuminate\\Database\\Seeder.php(122): Illuminate\\Container\\Container->call(Array)
#7 E:\\wamp64\\www\\laravel\\Final_test\\vendor\\laravel\\framework\\src\\Illuminate\\Database\\Seeder.php(42): Illuminate\\Database\\Seeder->__invoke()
#8 E:\\wamp64\\www\\laravel\\Final_test\\database\\seeds\\DatabaseSeeder.php(17): Illuminate\\Database\\Seeder->call('UsersTableSeede...')
#9 [internal function]: DatabaseSeeder->run()
#10 E:\\wamp64\\www\\laravel\\Final_test\\vendor\\laravel\\framework\\src\\Illuminate\\Container\\BoundMethod.php(29): call_user_func_array(Array, Array)
#11 E:\\wamp64\\www\\laravel\\Final_test\\vendor\\laravel\\framework\\src\\Illuminate\\Container\\BoundMethod.php(87): Illuminate\\Container\\BoundMethod::Illuminate\\Container\\{closure}()
#12 E:\\wamp64\\www\\laravel\\Final_test\\vendor\\laravel\\framework\\src\\Illuminate\\Container\\BoundMethod.php(31): Illuminate\\Container\\BoundMethod::callBoundMethod(Object(Illuminate\\Foundation\\Application), Array, Object(Closure))
#13 E:\\wamp64\\www\\laravel\\Final_test\\vendor\\laravel\\framework\\src\\Illuminate\\Container\\Container.php(572): Illuminate\\Container\\BoundMethod::call(Object(Illuminate\\Foundation\\Application), Array, Array, NULL)
#14 E:\\wamp64\\www\\laravel\\Final_test\\vendor\\laravel\\framework\\src\\Illuminate\\Database\\Seeder.php(122): Illuminate\\Container\\Container->call(Array)
#15 E:\\wamp64\\www\\laravel\\Final_test\\vendor\\laravel\\framework\\src\\Illuminate\\Database\\Console\\Seeds\\SeedCommand.php(63): Illuminate\\Database\\Seeder->__invoke()
#16 E:\\wamp64\\www\\laravel\\Final_test\\vendor\\laravel\\framework\\src\\Illuminate\\Database\\Eloquent\\Concerns\\GuardsAttributes.php(122): Illuminate\\Database\\Console\\Seeds\\SeedCommand->Illuminate\\Database\\Console\\Seeds\\{closure}()
#17 E:\\wamp64\\www\\laravel\\Final_test\\vendor\\laravel\\framework\\src\\Illuminate\\Database\\Console\\Seeds\\SeedCommand.php(64): Illuminate\\Database\\Eloquent\\Model::unguarded(Object(Closure))
#18 [internal function]: Illuminate\\Database\\Console\\Seeds\\SeedCommand->handle()
#19 E:\\wamp64\\www\\laravel\\Final_test\\vendor\\laravel\\framework\\src\\Illuminate\\Container\\BoundMethod.php(29): call_user_func_array(Array, Array)
#20 E:\\wamp64\\www\\laravel\\Final_test\\vendor\\laravel\\framework\\src\\Illuminate\\Container\\BoundMethod.php(87): Illuminate\\Container\\BoundMethod::Illuminate\\Container\\{closure}()
#21 E:\\wamp64\\www\\laravel\\Final_test\\vendor\\laravel\\framework\\src\\Illuminate\\Container\\BoundMethod.php(31): Illuminate\\Container\\BoundMethod::callBoundMethod(Object(Illuminate\\Foundation\\Application), Array, Object(Closure))
#22 E:\\wamp64\\www\\laravel\\Final_test\\vendor\\laravel\\framework\\src\\Illuminate\\Container\\Container.php(572): Illuminate\\Container\\BoundMethod::call(Object(Illuminate\\Foundation\\Application), Array, Array, NULL)
#23 E:\\wamp64\\www\\laravel\\Final_test\\vendor\\laravel\\framework\\src\\Illuminate\\Console\\Command.php(183): Illuminate\\Container\\Container->call(Array)
#24 E:\\wamp64\\www\\laravel\\Final_test\\vendor\\symfony\\console\\Command\\Command.php(255): Illuminate\\Console\\Command->execute(Object(Symfony\\Component\\Console\\Input\\ArgvInput), Object(Illuminate\\Console\\OutputStyle))
#25 E:\\wamp64\\www\\laravel\\Final_test\\vendor\\laravel\\framework\\src\\Illuminate\\Console\\Command.php(170): Symfony\\Component\\Console\\Command\\Command->run(Object(Symfony\\Component\\Console\\Input\\ArgvInput), Object(Illuminate\\Console\\OutputStyle))
#26 E:\\wamp64\\www\\laravel\\Final_test\\vendor\\symfony\\console\\Application.php(886): Illuminate\\Console\\Command->run(Object(Symfony\\Component\\Console\\Input\\ArgvInput), Object(Symfony\\Component\\Console\\Output\\ConsoleOutput))
#27 E:\\wamp64\\www\\laravel\\Final_test\\vendor\\symfony\\console\\Application.php(262): Symfony\\Component\\Console\\Application->doRunCommand(Object(Illuminate\\Database\\Console\\Seeds\\SeedCommand), Object(Symfony\\Component\\Console\\Input\\ArgvInput), Object(Symfony\\Component\\Console\\Output\\ConsoleOutput))
#28 E:\\wamp64\\www\\laravel\\Final_test\\vendor\\symfony\\console\\Application.php(145): Symfony\\Component\\Console\\Application->doRun(Object(Symfony\\Component\\Console\\Input\\ArgvInput), Object(Symfony\\Component\\Console\\Output\\ConsoleOutput))
#29 E:\\wamp64\\www\\laravel\\Final_test\\vendor\\laravel\\framework\\src\\Illuminate\\Console\\Application.php(89): Symfony\\Component\\Console\\Application->run(Object(Symfony\\Component\\Console\\Input\\ArgvInput), Object(Symfony\\Component\\Console\\Output\\ConsoleOutput))
#30 E:\\wamp64\\www\\laravel\\Final_test\\vendor\\laravel\\framework\\src\\Illuminate\\Foundation\\Console\\Kernel.php(122): Illuminate\\Console\\Application->run(Object(Symfony\\Component\\Console\\Input\\ArgvInput), Object(Symfony\\Component\\Console\\Output\\ConsoleOutput))
#31 E:\\wamp64\\www\\laravel\\Final_test\\artisan(37): Illuminate\\Foundation\\Console\\Kernel->handle(Object(Symfony\\Component\\Console\\Input\\ArgvInput), Object(Symfony\\Component\\Console\\Output\\ConsoleOutput))
#32 {main}
"} 
[2019-05-03 23:45:31] local.ERROR: Cannot declare class AddNotificationCountToUsersTable, because the name is already in use {"exception":"[object] (Symfony\\Component\\Debug\\Exception\\FatalErrorException(code: 64): Cannot declare class AddNotificationCountToUsersTable, because the name is already in use at E:\\wamp64\\www\\laravel\\Final_test\\database\\migrations\\2019_04_16_202005_add_notification_count_to_users_table.php:32)
[stacktrace]
#0 {main}
"} 
[2019-05-03 23:48:15] local.ERROR: SQLSTATE[42S01]: Base table or view already exists: 1050 Table 'users' already exists (SQL: create table `users` (`id` int unsigned not null auto_increment primary key, `name` varchar(191) not null, `email` varchar(191) not null, `password` varchar(191) not null, `remember_token` varchar(100) null, `created_at` timestamp null, `updated_at` timestamp null) default character set utf8mb4 collate 'utf8mb4_unicode_ci') {"exception":"[object] (Illuminate\\Database\\QueryException(code: 42S01): SQLSTATE[42S01]: Base table or view already exists: 1050 Table 'users' already exists (SQL: create table `users` (`id` int unsigned not null auto_increment primary key, `name` varchar(191) not null, `email` varchar(191) not null, `password` varchar(191) not null, `remember_token` varchar(100) null, `created_at` timestamp null, `updated_at` timestamp null) default character set utf8mb4 collate 'utf8mb4_unicode_ci') at E:\\wamp64\\www\\laravel\\Final_test\\vendor\\laravel\\framework\\src\\Illuminate\\Database\\Connection.php:664, Doctrine\\DBAL\\Driver\\PDOException(code: 42S01): SQLSTATE[42S01]: Base table or view already exists: 1050 Table 'users' already exists at E:\\wamp64\\www\\laravel\\Final_test\\vendor\\doctrine\\dbal\\lib\\Doctrine\\DBAL\\Driver\\PDOStatement.php:119, PDOException(code: 42S01): SQLSTATE[42S01]: Base table or view already exists: 1050 Table 'users' already exists at E:\\wamp64\\www\\laravel\\Final_test\\vendor\\doctrine\\dbal\\lib\\Doctrine\\DBAL\\Driver\\PDOStatement.php:117)
[stacktrace]
#0 E:\\wamp64\\www\\laravel\\Final_test\\vendor\\laravel\\framework\\src\\Illuminate\\Database\\Connection.php(624): Illuminate\\Database\\Connection->runQueryCallback('create table `u...', Array, Object(Closure))
#1 E:\\wamp64\\www\\laravel\\Final_test\\vendor\\laravel\\framework\\src\\Illuminate\\Database\\Connection.php(459): Illuminate\\Database\\Connection->run('create table `u...', Array, Object(Closure))
#2 E:\\wamp64\\www\\laravel\\Final_test\\vendor\\laravel\\framework\\src\\Illuminate\\Database\\Schema\\Blueprint.php(97): Illuminate\\Database\\Connection->statement('create table `u...')
#3 E:\\wamp64\\www\\laravel\\Final_test\\vendor\\laravel\\framework\\src\\Illuminate\\Database\\Schema\\Builder.php(264): Illuminate\\Database\\Schema\\Blueprint->build(Object(Illuminate\\Database\\MySqlConnection), Object(Illuminate\\Database\\Schema\\Grammars\\MySqlGrammar))
#4 E:\\wamp64\\www\\laravel\\Final_test\\vendor\\laravel\\framework\\src\\Illuminate\\Database\\Schema\\Builder.php(165): Illuminate\\Database\\Schema\\Builder->build(Object(Illuminate\\Database\\Schema\\Blueprint))
#5 E:\\wamp64\\www\\laravel\\Final_test\\vendor\\laravel\\framework\\src\\Illuminate\\Support\\Facades\\Facade.php(223): Illuminate\\Database\\Schema\\Builder->create('users', Object(Closure))
#6 E:\\wamp64\\www\\laravel\\Final_test\\database\\migrations\\2014_10_12_000000_create_users_table.php(23): Illuminate\\Support\\Facades\\Facade::__callStatic('create', Array)
#7 E:\\wamp64\\www\\laravel\\Final_test\\vendor\\laravel\\framework\\src\\Illuminate\\Database\\Migrations\\Migrator.php(360): CreateUsersTable->up()
#8 E:\\wamp64\\www\\laravel\\Final_test\\vendor\\laravel\\framework\\src\\Illuminate\\Database\\Migrations\\Migrator.php(367): Illuminate\\Database\\Migrations\\Migrator->Illuminate\\Database\\Migrations\\{closure}()
#9 E:\\wamp64\\www\\laravel\\Final_test\\vendor\\laravel\\framework\\src\\Illuminate\\Database\\Migrations\\Migrator.php(178): Illuminate\\Database\\Migrations\\Migrator->runMigration(Object(CreateUsersTable), 'up')
#10 E:\\wamp64\\www\\laravel\\Final_test\\vendor\\laravel\\framework\\src\\Illuminate\\Database\\Migrations\\Migrator.php(147): Illuminate\\Database\\Migrations\\Migrator->runUp('E:\\\\wamp64\\\\www\\\\l...', 1, false)
#11 E:\\wamp64\\www\\laravel\\Final_test\\vendor\\laravel\\framework\\src\\Illuminate\\Database\\Migrations\\Migrator.php(96): Illuminate\\Database\\Migrations\\Migrator->runPending(Array, Array)
#12 E:\\wamp64\\www\\laravel\\Final_test\\vendor\\laravel\\framework\\src\\Illuminate\\Database\\Console\\Migrations\\MigrateCommand.php(71): Illuminate\\Database\\Migrations\\Migrator->run(Array, Array)
#13 [internal function]: Illuminate\\Database\\Console\\Migrations\\MigrateCommand->handle()
#14 E:\\wamp64\\www\\laravel\\Final_test\\vendor\\laravel\\framework\\src\\Illuminate\\Container\\BoundMethod.php(29): call_user_func_array(Array, Array)
#15 E:\\wamp64\\www\\laravel\\Final_test\\vendor\\laravel\\framework\\src\\Illuminate\\Container\\BoundMethod.php(87): Illuminate\\Container\\BoundMethod::Illuminate\\Container\\{closure}()
#16 E:\\wamp64\\www\\laravel\\Final_test\\vendor\\laravel\\framework\\src\\Illuminate\\Container\\BoundMethod.php(31): Illuminate\\Container\\BoundMethod::callBoundMethod(Object(Illuminate\\Foundation\\Application), Array, Object(Closure))
#17 E:\\wamp64\\www\\laravel\\Final_test\\vendor\\laravel\\framework\\src\\Illuminate\\Container\\Container.php(572): Illuminate\\Container\\BoundMethod::call(Object(Illuminate\\Foundation\\Application), Array, Array, NULL)
#18 E:\\wamp64\\www\\laravel\\Final_test\\vendor\\laravel\\framework\\src\\Illuminate\\Console\\Command.php(183): Illuminate\\Container\\Container->call(Array)
#19 E:\\wamp64\\www\\laravel\\Final_test\\vendor\\symfony\\console\\Command\\Command.php(255): Illuminate\\Console\\Command->execute(Object(Symfony\\Component\\Console\\Input\\ArrayInput), Object(Illuminate\\Console\\OutputStyle))
#20 E:\\wamp64\\www\\laravel\\Final_test\\vendor\\laravel\\framework\\src\\Illuminate\\Console\\Command.php(170): Symfony\\Component\\Console\\Command\\Command->run(Object(Symfony\\Component\\Console\\Input\\ArrayInput), Object(Illuminate\\Console\\OutputStyle))
#21 E:\\wamp64\\www\\laravel\\Final_test\\vendor\\laravel\\framework\\src\\Illuminate\\Console\\Command.php(198): Illuminate\\Console\\Command->run(Object(Symfony\\Component\\Console\\Input\\ArrayInput), Object(Illuminate\\Console\\OutputStyle))
#22 E:\\wamp64\\www\\laravel\\Final_test\\vendor\\laravel\\framework\\src\\Illuminate\\Database\\Console\\Migrations\\RefreshCommand.php(65): Illuminate\\Console\\Command->call('migrate', Array)
#23 [internal function]: Illuminate\\Database\\Console\\Migrations\\RefreshCommand->handle()
#24 E:\\wamp64\\www\\laravel\\Final_test\\vendor\\laravel\\framework\\src\\Illuminate\\Container\\BoundMethod.php(29): call_user_func_array(Array, Array)
#25 E:\\wamp64\\www\\laravel\\Final_test\\vendor\\laravel\\framework\\src\\Illuminate\\Container\\BoundMethod.php(87): Illuminate\\Container\\BoundMethod::Illuminate\\Container\\{closure}()
#26 E:\\wamp64\\www\\laravel\\Final_test\\vendor\\laravel\\framework\\src\\Illuminate\\Container\\BoundMethod.php(31): Illuminate\\Container\\BoundMethod::callBoundMethod(Object(Illuminate\\Foundation\\Application), Array, Object(Closure))
#27 E:\\wamp64\\www\\laravel\\Final_test\\vendor\\laravel\\framework\\src\\Illuminate\\Container\\Container.php(572): Illuminate\\Container\\BoundMethod::call(Object(Illuminate\\Foundation\\Application), Array, Array, NULL)
#28 E:\\wamp64\\www\\laravel\\Final_test\\vendor\\laravel\\framework\\src\\Illuminate\\Console\\Command.php(183): Illuminate\\Container\\Container->call(Array)
#29 E:\\wamp64\\www\\laravel\\Final_test\\vendor\\symfony\\console\\Command\\Command.php(255): Illuminate\\Console\\Command->execute(Object(Symfony\\Component\\Console\\Input\\ArgvInput), Object(Illuminate\\Console\\OutputStyle))
#30 E:\\wamp64\\www\\laravel\\Final_test\\vendor\\laravel\\framework\\src\\Illuminate\\Console\\Command.php(170): Symfony\\Component\\Console\\Command\\Command->run(Object(Symfony\\Component\\Console\\Input\\ArgvInput), Object(Illuminate\\Console\\OutputStyle))
#31 E:\\wamp64\\www\\laravel\\Final_test\\vendor\\symfony\\console\\Application.php(886): Illuminate\\Console\\Command->run(Object(Symfony\\Component\\Console\\Input\\ArgvInput), Object(Symfony\\Component\\Console\\Output\\ConsoleOutput))
#32 E:\\wamp64\\www\\laravel\\Final_test\\vendor\\symfony\\console\\Application.php(262): Symfony\\Component\\Console\\Application->doRunCommand(Object(Illuminate\\Database\\Console\\Migrations\\RefreshCommand), Object(Symfony\\Component\\Console\\Input\\ArgvInput), Object(Symfony\\Component\\Console\\Output\\ConsoleOutput))
#33 E:\\wamp64\\www\\laravel\\Final_test\\vendor\\symfony\\console\\Application.php(145): Symfony\\Component\\Console\\Application->doRun(Object(Symfony\\Component\\Console\\Input\\ArgvInput), Object(Symfony\\Component\\Console\\Output\\ConsoleOutput))
#34 E:\\wamp64\\www\\laravel\\Final_test\\vendor\\laravel\\framework\\src\\Illuminate\\Console\\Application.php(89): Symfony\\Component\\Console\\Application->run(Object(Symfony\\Component\\Console\\Input\\ArgvInput), Object(Symfony\\Component\\Console\\Output\\ConsoleOutput))
#35 E:\\wamp64\\www\\laravel\\Final_test\\vendor\\laravel\\framework\\src\\Illuminate\\Foundation\\Console\\Kernel.php(122): Illuminate\\Console\\Application->run(Object(Symfony\\Component\\Console\\Input\\ArgvInput), Object(Symfony\\Component\\Console\\Output\\ConsoleOutput))
#36 E:\\wamp64\\www\\laravel\\Final_test\\artisan(37): Illuminate\\Foundation\\Console\\Kernel->handle(Object(Symfony\\Component\\Console\\Input\\ArgvInput), Object(Symfony\\Component\\Console\\Output\\ConsoleOutput))
#37 {main}
"} 
